Building DAG of jobs...
Using shell: /bin/bash
Provided cluster nodes: 1000
Job counts:
	count	jobs
	1	csort_bam
	1	dedup_bam
	1	require_dedup_bam
	3

[Fri Apr 26 21:49:41 2019]
rule csort_bam:
    input: bam.raw/LM_10_rep2/LM_10_rep2.raw.bam
    output: bam.csort/LM_10_rep2/LM_10_rep2.picard.csort.bam
    log: bam.csort/log/LM_10_rep2.csort.log
    jobid: 47
    wildcards: sample=LM_10_rep2
    threads: 4

java -jar -Xmx$((4*4))G ../../scripts/utility/picard.jar SortSam         I=bam.raw/LM_10_rep2/LM_10_rep2.raw.bam         O=bam.csort/LM_10_rep2/LM_10_rep2.picard.csort.bam         SORT_ORDER=coordinate 2> bam.csort/log/LM_10_rep2.csort.log
Submitted job 47 with external jobid '15182816.tscc-mgr.local'.
[Fri Apr 26 22:37:24 2019]
Finished job 47.
1 of 3 steps (33%) done

[Fri Apr 26 22:37:24 2019]
rule dedup_bam:
    input: bam.csort/LM_10_rep2/LM_10_rep2.picard.csort.bam
    output: bam.dedup/LM_10_rep2/LM_10_rep2.dedup.bam
    log: bam.dedup/LM_10_rep2/LM_10_rep2.dedup.log
    jobid: 23
    wildcards: sample=LM_10_rep2
    threads: 4

java -XX:ParallelGCThreads=4 -Xmx$((4*4))G -jar     ../../scripts/utility/picard.jar MarkDuplicates     TMP_DIR=bam.dedup/tmp/LM_10_rep2     INPUT=bam.csort/LM_10_rep2/LM_10_rep2.picard.csort.bam OUTPUT= bam.dedup/LM_10_rep2/LM_10_rep2.dedup.bam VALIDATION_STRINGENCY=LENIENT     REMOVE_DUPLICATES=True ASSUME_SORT_ORDER=coordinate     METRICS_FILE=bam.dedup/LM_10_rep2/LM_10_rep2.dedup.qc BARCODE_TAG=BX     2> bam.dedup/LM_10_rep2/LM_10_rep2.dedup.log
Submitted job 23 with external jobid '15182991.tscc-mgr.local'.
[Fri Apr 26 23:18:47 2019]
Finished job 23.
2 of 3 steps (67%) done

[Fri Apr 26 23:18:47 2019]
localrule require_dedup_bam:
    input: bam.dedup/DH_03_rep1/DH_03_rep1.dedup.bam, bam.dedup/DH_10_rep1/DH_10_rep1.dedup.bam, bam.dedup/DH_18_rep1/DH_18_rep1.dedup.bam, bam.dedup/DH_03_rep2/DH_03_rep2.dedup.bam, bam.dedup/DH_10_rep2/DH_10_rep2.dedup.bam, bam.dedup/DH_18_rep2/DH_18_rep2.dedup.bam, bam.dedup/FC_03_rep1/FC_03_rep1.dedup.bam, bam.dedup/FC_10_rep1/FC_10_rep1.dedup.bam, bam.dedup/FC_18_rep1/FC_18_rep1.dedup.bam, bam.dedup/FC_03_rep2/FC_03_rep2.dedup.bam, bam.dedup/FC_10_rep2/FC_10_rep2.dedup.bam, bam.dedup/FC_18_rep2/FC_18_rep2.dedup.bam, bam.dedup/HT_03_rep1/HT_03_rep1.dedup.bam, bam.dedup/HT_10_rep1/HT_10_rep1.dedup.bam, bam.dedup/HT_18_rep1/HT_18_rep1.dedup.bam, bam.dedup/HT_18_rep2/HT_18_rep2.dedup.bam, bam.dedup/HT_03_rep2/HT_03_rep2.dedup.bam, bam.dedup/HT_10_rep2/HT_10_rep2.dedup.bam, bam.dedup/LM_03_rep1/LM_03_rep1.dedup.bam, bam.dedup/LM_10_rep1/LM_10_rep1.dedup.bam, bam.dedup/LM_18_rep1/LM_18_rep1.dedup.bam, bam.dedup/LM_03_rep2/LM_03_rep2.dedup.bam, bam.dedup/LM_10_rep2/LM_10_rep2.dedup.bam, bam.dedup/LM_18_rep2/LM_18_rep2.dedup.bam
    output: bam.dedup.files.list.txt
    jobid: 0

ls -lh bam.dedup/DH_03_rep1/DH_03_rep1.dedup.bam bam.dedup/DH_10_rep1/DH_10_rep1.dedup.bam bam.dedup/DH_18_rep1/DH_18_rep1.dedup.bam bam.dedup/DH_03_rep2/DH_03_rep2.dedup.bam bam.dedup/DH_10_rep2/DH_10_rep2.dedup.bam bam.dedup/DH_18_rep2/DH_18_rep2.dedup.bam bam.dedup/FC_03_rep1/FC_03_rep1.dedup.bam bam.dedup/FC_10_rep1/FC_10_rep1.dedup.bam bam.dedup/FC_18_rep1/FC_18_rep1.dedup.bam bam.dedup/FC_03_rep2/FC_03_rep2.dedup.bam bam.dedup/FC_10_rep2/FC_10_rep2.dedup.bam bam.dedup/FC_18_rep2/FC_18_rep2.dedup.bam bam.dedup/HT_03_rep1/HT_03_rep1.dedup.bam bam.dedup/HT_10_rep1/HT_10_rep1.dedup.bam bam.dedup/HT_18_rep1/HT_18_rep1.dedup.bam bam.dedup/HT_18_rep2/HT_18_rep2.dedup.bam bam.dedup/HT_03_rep2/HT_03_rep2.dedup.bam bam.dedup/HT_10_rep2/HT_10_rep2.dedup.bam bam.dedup/LM_03_rep1/LM_03_rep1.dedup.bam bam.dedup/LM_10_rep1/LM_10_rep1.dedup.bam bam.dedup/LM_18_rep1/LM_18_rep1.dedup.bam bam.dedup/LM_03_rep2/LM_03_rep2.dedup.bam bam.dedup/LM_10_rep2/LM_10_rep2.dedup.bam bam.dedup/LM_18_rep2/LM_18_rep2.dedup.bam > bam.dedup.files.list.txt
[Fri Apr 26 23:18:47 2019]
Finished job 0.
3 of 3 steps (100%) done
Complete log: /projects/ps-renlab/yanxiao/projects/mouse_aging/scripts/pre_processing/.snakemake/log/2019-04-26T214934.887792.snakemake.log
