Building DAG of jobs...
Using shell: /bin/bash
Provided cluster nodes: 1000
Job counts:
	count	jobs
	3	align_bowtie2
	9	count_barcode
	3	dedup_bam
	3	filter_bam
	1	require_barcodes
	1	require_dedup_bam
	1	require_demulti_fastq_files
	1	require_everything
	1	require_raw_bam
	1	require_sort_bam
	1	requrie_filter_bam
	3	sort_bam
	28

[Wed Apr 24 10:05:57 2019]
rule require_demulti_fastq_files:
    input: fastq.demultiplex/test/test.R1.fastq.gz, fastq.demultiplex/DH_03_rep1/DH_03_rep1.R1.fastq.gz, fastq.demultiplex/DH_10_rep1/DH_10_rep1.R1.fastq.gz, fastq.demultiplex/DH_18_rep1/DH_18_rep1.R1.fastq.gz, fastq.demultiplex/DH_03_rep2/DH_03_rep2.R1.fastq.gz, fastq.demultiplex/DH_10_rep2/DH_10_rep2.R1.fastq.gz, fastq.demultiplex/DH_18_rep2/DH_18_rep2.R1.fastq.gz, fastq.demultiplex/FC_03_rep1/FC_03_rep1.R1.fastq.gz, fastq.demultiplex/FC_10_rep1/FC_10_rep1.R1.fastq.gz, fastq.demultiplex/FC_18_rep1/FC_18_rep1.R1.fastq.gz, fastq.demultiplex/FC_03_rep2/FC_03_rep2.R1.fastq.gz, fastq.demultiplex/FC_10_rep2/FC_10_rep2.R1.fastq.gz, fastq.demultiplex/FC_18_rep2/FC_18_rep2.R1.fastq.gz, fastq.demultiplex/HT_03_rep1/HT_03_rep1.R1.fastq.gz, fastq.demultiplex/HT_10_rep1/HT_10_rep1.R1.fastq.gz, fastq.demultiplex/HT_18_rep1/HT_18_rep1.R1.fastq.gz, fastq.demultiplex/HT_18_rep2/HT_18_rep2.R1.fastq.gz, fastq.demultiplex/HT_03_rep2/HT_03_rep2.R1.fastq.gz, fastq.demultiplex/HT_10_rep2/HT_10_rep2.R1.fastq.gz, fastq.demultiplex/LM_03_rep1/LM_03_rep1.R1.fastq.gz, fastq.demultiplex/LM_10_rep1/LM_10_rep1.R1.fastq.gz, fastq.demultiplex/LM_18_rep1/LM_18_rep1.R1.fastq.gz, fastq.demultiplex/LM_03_rep2/LM_03_rep2.R1.fastq.gz, fastq.demultiplex/LM_10_rep2/LM_10_rep2.R1.fastq.gz, fastq.demultiplex/LM_18_rep2/LM_18_rep2.R1.fastq.gz, fastq.demultiplex/test/test.R2.fastq.gz, fastq.demultiplex/DH_03_rep1/DH_03_rep1.R2.fastq.gz, fastq.demultiplex/DH_10_rep1/DH_10_rep1.R2.fastq.gz, fastq.demultiplex/DH_18_rep1/DH_18_rep1.R2.fastq.gz, fastq.demultiplex/DH_03_rep2/DH_03_rep2.R2.fastq.gz, fastq.demultiplex/DH_10_rep2/DH_10_rep2.R2.fastq.gz, fastq.demultiplex/DH_18_rep2/DH_18_rep2.R2.fastq.gz, fastq.demultiplex/FC_03_rep1/FC_03_rep1.R2.fastq.gz, fastq.demultiplex/FC_10_rep1/FC_10_rep1.R2.fastq.gz, fastq.demultiplex/FC_18_rep1/FC_18_rep1.R2.fastq.gz, fastq.demultiplex/FC_03_rep2/FC_03_rep2.R2.fastq.gz, fastq.demultiplex/FC_10_rep2/FC_10_rep2.R2.fastq.gz, fastq.demultiplex/FC_18_rep2/FC_18_rep2.R2.fastq.gz, fastq.demultiplex/HT_03_rep1/HT_03_rep1.R2.fastq.gz, fastq.demultiplex/HT_10_rep1/HT_10_rep1.R2.fastq.gz, fastq.demultiplex/HT_18_rep1/HT_18_rep1.R2.fastq.gz, fastq.demultiplex/HT_18_rep2/HT_18_rep2.R2.fastq.gz, fastq.demultiplex/HT_03_rep2/HT_03_rep2.R2.fastq.gz, fastq.demultiplex/HT_10_rep2/HT_10_rep2.R2.fastq.gz, fastq.demultiplex/LM_03_rep1/LM_03_rep1.R2.fastq.gz, fastq.demultiplex/LM_10_rep1/LM_10_rep1.R2.fastq.gz, fastq.demultiplex/LM_18_rep1/LM_18_rep1.R2.fastq.gz, fastq.demultiplex/LM_03_rep2/LM_03_rep2.R2.fastq.gz, fastq.demultiplex/LM_10_rep2/LM_10_rep2.R2.fastq.gz, fastq.demultiplex/LM_18_rep2/LM_18_rep2.R2.fastq.gz
    output: fastq.demultiplex.files.list.txt
    jobid: 6

ll -h fastq.demultiplex/test/test.R1.fastq.gz fastq.demultiplex/DH_03_rep1/DH_03_rep1.R1.fastq.gz fastq.demultiplex/DH_10_rep1/DH_10_rep1.R1.fastq.gz fastq.demultiplex/DH_18_rep1/DH_18_rep1.R1.fastq.gz fastq.demultiplex/DH_03_rep2/DH_03_rep2.R1.fastq.gz fastq.demultiplex/DH_10_rep2/DH_10_rep2.R1.fastq.gz fastq.demultiplex/DH_18_rep2/DH_18_rep2.R1.fastq.gz fastq.demultiplex/FC_03_rep1/FC_03_rep1.R1.fastq.gz fastq.demultiplex/FC_10_rep1/FC_10_rep1.R1.fastq.gz fastq.demultiplex/FC_18_rep1/FC_18_rep1.R1.fastq.gz fastq.demultiplex/FC_03_rep2/FC_03_rep2.R1.fastq.gz fastq.demultiplex/FC_10_rep2/FC_10_rep2.R1.fastq.gz fastq.demultiplex/FC_18_rep2/FC_18_rep2.R1.fastq.gz fastq.demultiplex/HT_03_rep1/HT_03_rep1.R1.fastq.gz fastq.demultiplex/HT_10_rep1/HT_10_rep1.R1.fastq.gz fastq.demultiplex/HT_18_rep1/HT_18_rep1.R1.fastq.gz fastq.demultiplex/HT_18_rep2/HT_18_rep2.R1.fastq.gz fastq.demultiplex/HT_03_rep2/HT_03_rep2.R1.fastq.gz fastq.demultiplex/HT_10_rep2/HT_10_rep2.R1.fastq.gz fastq.demultiplex/LM_03_rep1/LM_03_rep1.R1.fastq.gz fastq.demultiplex/LM_10_rep1/LM_10_rep1.R1.fastq.gz fastq.demultiplex/LM_18_rep1/LM_18_rep1.R1.fastq.gz fastq.demultiplex/LM_03_rep2/LM_03_rep2.R1.fastq.gz fastq.demultiplex/LM_10_rep2/LM_10_rep2.R1.fastq.gz fastq.demultiplex/LM_18_rep2/LM_18_rep2.R1.fastq.gz fastq.demultiplex/test/test.R2.fastq.gz fastq.demultiplex/DH_03_rep1/DH_03_rep1.R2.fastq.gz fastq.demultiplex/DH_10_rep1/DH_10_rep1.R2.fastq.gz fastq.demultiplex/DH_18_rep1/DH_18_rep1.R2.fastq.gz fastq.demultiplex/DH_03_rep2/DH_03_rep2.R2.fastq.gz fastq.demultiplex/DH_10_rep2/DH_10_rep2.R2.fastq.gz fastq.demultiplex/DH_18_rep2/DH_18_rep2.R2.fastq.gz fastq.demultiplex/FC_03_rep1/FC_03_rep1.R2.fastq.gz fastq.demultiplex/FC_10_rep1/FC_10_rep1.R2.fastq.gz fastq.demultiplex/FC_18_rep1/FC_18_rep1.R2.fastq.gz fastq.demultiplex/FC_03_rep2/FC_03_rep2.R2.fastq.gz fastq.demultiplex/FC_10_rep2/FC_10_rep2.R2.fastq.gz fastq.demultiplex/FC_18_rep2/FC_18_rep2.R2.fastq.gz fastq.demultiplex/HT_03_rep1/HT_03_rep1.R2.fastq.gz fastq.demultiplex/HT_10_rep1/HT_10_rep1.R2.fastq.gz fastq.demultiplex/HT_18_rep1/HT_18_rep1.R2.fastq.gz fastq.demultiplex/HT_18_rep2/HT_18_rep2.R2.fastq.gz fastq.demultiplex/HT_03_rep2/HT_03_rep2.R2.fastq.gz fastq.demultiplex/HT_10_rep2/HT_10_rep2.R2.fastq.gz fastq.demultiplex/LM_03_rep1/LM_03_rep1.R2.fastq.gz fastq.demultiplex/LM_10_rep1/LM_10_rep1.R2.fastq.gz fastq.demultiplex/LM_18_rep1/LM_18_rep1.R2.fastq.gz fastq.demultiplex/LM_03_rep2/LM_03_rep2.R2.fastq.gz fastq.demultiplex/LM_10_rep2/LM_10_rep2.R2.fastq.gz fastq.demultiplex/LM_18_rep2/LM_18_rep2.R2.fastq.gz > fastq.demultiplex.files.list.txt
WorkflowError in line 150 of /projects/ps-renlab/yanxiao/projects/mouse_aging/scripts/pre_processing/Snakefile:
'Wildcards' object has no attribute 'sample'
