Building DAG of jobs...
Using shell: /bin/bash
Provided cluster nodes: 1000
Job counts:
	count	jobs
	1	combine_demulti_fastq_files
	1	demultiplex
	1	require_demulti_fastq_files
	3

[Fri Apr 12 17:08:46 2019]
rule demultiplex:
    input: ../../scripts/pre_processing/barcodes_nextSeq_comp.txt, fastq.raw/180828_NB501692/Undetermined_S0_L001_R1_001.fastq.gz, fastq.raw/180828_NB501692/Undetermined_S0_L001_R2_001.fastq.gz, fastq.raw/180828_NB501692/Undetermined_S0_L001_I1_001.fastq.gz, fastq.raw/180828_NB501692/Undetermined_S0_L001_I2_001.fastq.gz
    output: fastq.demultiplex/DH.03.rep1/L1/Undetermined_S0_L001_R1_001_DH.03.rep1.demultiplexed.R1.repl1.fastq.gz, fastq.demultiplex/DH.03.rep1/L1/Undetermined_S0_L001_R2_001_DH.03.rep1.demultiplexed.R2.repl1.fastq.gz
    jobid: 6
    wildcards: sample=DH.03.rep1, lane=1
    threads: 4

ATACdemultiplex  -fastq_R1 fastq.raw/180828_NB501692/Undetermined_S0_L001_R1_001.fastq.gz -fastq_R2 fastq.raw/180828_NB501692/Undetermined_S0_L001_R2_001.fastq.gz -fastq_I1 fastq.raw/180828_NB501692/Undetermined_S0_L001_I1_001.fastq.gz -fastq_I2 fastq.raw/180828_NB501692/Undetermined_S0_L001_I2_001.fastq.gz -output_tag_name DH.03.rep1 -max_nb_reads 0 --nbThreads 4 -max_nb_mistake 2 -shift_p5 0 -output_path fastq.demultiplex/DH.03.rep1/L1 -write_logs  -plate_size 96 -i5_ranges 1-768 -p7_ranges 1-96 -index_no_replicate ../../scripts/pre_processing/barcodes_nextSeq_comp.txt
Submitted job 6 with external jobid '15080492.tscc-mgr.local'.
[Fri Apr 12 17:20:17 2019]
Finished job 6.
1 of 3 steps (33%) done

[Fri Apr 12 17:20:17 2019]
rule combine_demulti_fastq_files:
    input: fastq.demultiplex/DH.03.rep1/L1/Undetermined_S0_L001_R1_001_DH.03.rep1.demultiplexed.R1.repl1.fastq.gz, fastq.demultiplex/DH.03.rep1/L2/Undetermined_S0_L002_R1_001_DH.03.rep1.demultiplexed.R1.repl1.fastq.gz, fastq.demultiplex/DH.03.rep1/L3/Undetermined_S0_L003_R1_001_DH.03.rep1.demultiplexed.R1.repl1.fastq.gz, fastq.demultiplex/DH.03.rep1/L4/Undetermined_S0_L004_R1_001_DH.03.rep1.demultiplexed.R1.repl1.fastq.gz, fastq.demultiplex/DH.03.rep1/L1/Undetermined_S0_L001_R2_001_DH.03.rep1.demultiplexed.R2.repl1.fastq.gz, fastq.demultiplex/DH.03.rep1/L2/Undetermined_S0_L002_R2_001_DH.03.rep1.demultiplexed.R2.repl1.fastq.gz, fastq.demultiplex/DH.03.rep1/L3/Undetermined_S0_L003_R2_001_DH.03.rep1.demultiplexed.R2.repl1.fastq.gz, fastq.demultiplex/DH.03.rep1/L4/Undetermined_S0_L004_R2_001_DH.03.rep1.demultiplexed.R2.repl1.fastq.gz
    output: fastq.demultiplex/DH.03.rep1/DH.03.rep1_R1.fastq.gz, fastq.demultiplex/DH.03.rep1/DH.03.rep1_R2.fastq.gz
    jobid: 2
    wildcards: sample=DH.03.rep1

cat fastq.demultiplex/DH.03.rep1/L1/Undetermined_S0_L001_R1_001_DH.03.rep1.demultiplexed.R1.repl1.fastq.gz fastq.demultiplex/DH.03.rep1/L2/Undetermined_S0_L002_R1_001_DH.03.rep1.demultiplexed.R1.repl1.fastq.gz fastq.demultiplex/DH.03.rep1/L3/Undetermined_S0_L003_R1_001_DH.03.rep1.demultiplexed.R1.repl1.fastq.gz fastq.demultiplex/DH.03.rep1/L4/Undetermined_S0_L004_R1_001_DH.03.rep1.demultiplexed.R1.repl1.fastq.gz > fastq.demultiplex/DH.03.rep1/DH.03.rep1_R1.fastq.gz;cat fastq.demultiplex/DH.03.rep1/L1/Undetermined_S0_L001_R2_001_DH.03.rep1.demultiplexed.R2.repl1.fastq.gz fastq.demultiplex/DH.03.rep1/L2/Undetermined_S0_L002_R2_001_DH.03.rep1.demultiplexed.R2.repl1.fastq.gz fastq.demultiplex/DH.03.rep1/L3/Undetermined_S0_L003_R2_001_DH.03.rep1.demultiplexed.R2.repl1.fastq.gz fastq.demultiplex/DH.03.rep1/L4/Undetermined_S0_L004_R2_001_DH.03.rep1.demultiplexed.R2.repl1.fastq.gz > fastq.demultiplex/DH.03.rep1/DH.03.rep1_R2.fastq.gz;
Submitted job 2 with external jobid '15080514.tscc-mgr.local'.
[Fri Apr 12 17:21:47 2019]
Finished job 2.
2 of 3 steps (67%) done

[Fri Apr 12 17:21:47 2019]
localrule require_demulti_fastq_files:
    input: fastq.demultiplex/test/test_R1.fastq.gz, fastq.demultiplex/DH.03.rep1/DH.03.rep1_R1.fastq.gz, fastq.demultiplex/DH.10.rep1/DH.10.rep1_R1.fastq.gz, fastq.demultiplex/DH.18.rep1/DH.18.rep1_R1.fastq.gz, fastq.demultiplex/test/test_R2.fastq.gz, fastq.demultiplex/DH.03.rep1/DH.03.rep1_R2.fastq.gz, fastq.demultiplex/DH.10.rep1/DH.10.rep1_R2.fastq.gz, fastq.demultiplex/DH.18.rep1/DH.18.rep1_R2.fastq.gz
    jobid: 0

[Fri Apr 12 17:21:47 2019]
Finished job 0.
3 of 3 steps (100%) done
Complete log: /projects/ps-renlab/yanxiao/projects/mouse_aging/scripts/pre_processing/.snakemake/log/2019-04-12T170844.637670.snakemake.log
