Building DAG of jobs...
Using shell: /bin/bash
Provided cluster nodes: 1000
Job counts:
	count	jobs
	21	align_bowtie2
	9	combine_demulti_fastq_files
	21	dedup_bam
	21	filter_bam
	1	requrie_filter_bam
	21	sort_bam
	94

[Fri Apr 19 09:01:32 2019]
rule align_bowtie2:
    input: fastq.demultiplex/DH_10_rep2/DH_10_rep2.R1.fastq.gz, fastq.demultiplex/DH_10_rep2/DH_10_rep2.R2.fastq.gz
    output: bam.raw/DH_10_rep2/DH_10_rep2.raw.bam
    jobid: 81
    wildcards: sample=DH_10_rep2
    threads: 8

bowtie2 -x /projects/ps-renlab/share/bowtie2_indexes/mm10     -1 fastq.demultiplex/DH_10_rep2/DH_10_rep2.R1.fastq.gz -2 fastq.demultiplex/DH_10_rep2/DH_10_rep2.R2.fastq.gz -p 8 |     awk -v id=DH_10_rep2 '{ if ($1 ~ "@"){print $0} else
      {print id "." $0"	BX:Z:" id "."  substr($1,1,22) } }' |     samtools view -bS - > bam.raw/DH_10_rep2/DH_10_rep2.raw.bam; 
Submitted job 81 with external jobid '15127998.tscc-mgr.local'.

[Fri Apr 19 09:01:38 2019]
rule align_bowtie2:
    input: fastq.demultiplex/HT_03_rep1/HT_03_rep1.R1.fastq.gz, fastq.demultiplex/HT_03_rep1/HT_03_rep1.R2.fastq.gz
    output: bam.raw/HT_03_rep1/HT_03_rep1.raw.bam
    jobid: 89
    wildcards: sample=HT_03_rep1
    threads: 8

bowtie2 -x /projects/ps-renlab/share/bowtie2_indexes/mm10     -1 fastq.demultiplex/HT_03_rep1/HT_03_rep1.R1.fastq.gz -2 fastq.demultiplex/HT_03_rep1/HT_03_rep1.R2.fastq.gz -p 8 |     awk -v id=HT_03_rep1 '{ if ($1 ~ "@"){print $0} else
      {print id "." $0"	BX:Z:" id "."  substr($1,1,22) } }' |     samtools view -bS - > bam.raw/HT_03_rep1/HT_03_rep1.raw.bam; 
Submitted job 89 with external jobid '15128000.tscc-mgr.local'.

[Fri Apr 19 09:01:39 2019]
rule combine_demulti_fastq_files:
    input: fastq.demultiplex/FC_10_rep1/L1/Undetermined_S0_L001_R1_001_FC_10_rep1.demultiplexed.R1.repl1.fastq.gz, fastq.demultiplex/FC_10_rep1/L2/Undetermined_S0_L002_R1_001_FC_10_rep1.demultiplexed.R1.repl1.fastq.gz, fastq.demultiplex/FC_10_rep1/L1/Undetermined_S0_L001_R2_001_FC_10_rep1.demultiplexed.R2.repl1.fastq.gz, fastq.demultiplex/FC_10_rep1/L2/Undetermined_S0_L002_R2_001_FC_10_rep1.demultiplexed.R2.repl1.fastq.gz
    output: fastq.demultiplex/FC_10_rep1/FC_10_rep1.R1.fastq.gz, fastq.demultiplex/FC_10_rep1/FC_10_rep1.R2.fastq.gz
    jobid: 109
    wildcards: sample=FC_10_rep1

cat fastq.demultiplex/FC_10_rep1/L1/Undetermined_S0_L001_R1_001_FC_10_rep1.demultiplexed.R1.repl1.fastq.gz fastq.demultiplex/FC_10_rep1/L2/Undetermined_S0_L002_R1_001_FC_10_rep1.demultiplexed.R1.repl1.fastq.gz > fastq.demultiplex/FC_10_rep1/FC_10_rep1.R1.fastq.gz;cat fastq.demultiplex/FC_10_rep1/L1/Undetermined_S0_L001_R2_001_FC_10_rep1.demultiplexed.R2.repl1.fastq.gz fastq.demultiplex/FC_10_rep1/L2/Undetermined_S0_L002_R2_001_FC_10_rep1.demultiplexed.R2.repl1.fastq.gz > fastq.demultiplex/FC_10_rep1/FC_10_rep1.R2.fastq.gz;
Submitted job 109 with external jobid '15128001.tscc-mgr.local'.

[Fri Apr 19 09:01:39 2019]
rule combine_demulti_fastq_files:
    input: fastq.demultiplex/LM_03_rep1/L1/Undetermined_S0_L001_R1_001_LM_03_rep1.demultiplexed.R1.repl1.fastq.gz, fastq.demultiplex/LM_03_rep1/L1/Undetermined_S0_L001_R2_001_LM_03_rep1.demultiplexed.R2.repl1.fastq.gz
    output: fastq.demultiplex/LM_03_rep1/LM_03_rep1.R1.fastq.gz, fastq.demultiplex/LM_03_rep1/LM_03_rep1.R2.fastq.gz
    jobid: 120
    wildcards: sample=LM_03_rep1

cat fastq.demultiplex/LM_03_rep1/L1/Undetermined_S0_L001_R1_001_LM_03_rep1.demultiplexed.R1.repl1.fastq.gz > fastq.demultiplex/LM_03_rep1/LM_03_rep1.R1.fastq.gz;cat fastq.demultiplex/LM_03_rep1/L1/Undetermined_S0_L001_R2_001_LM_03_rep1.demultiplexed.R2.repl1.fastq.gz > fastq.demultiplex/LM_03_rep1/LM_03_rep1.R2.fastq.gz;
Submitted job 120 with external jobid '15128002.tscc-mgr.local'.

[Fri Apr 19 09:01:39 2019]
rule combine_demulti_fastq_files:
    input: fastq.demultiplex/FC_18_rep1/L1/Undetermined_S0_L001_R1_001_FC_18_rep1.demultiplexed.R1.repl1.fastq.gz, fastq.demultiplex/FC_18_rep1/L2/Undetermined_S0_L002_R1_001_FC_18_rep1.demultiplexed.R1.repl1.fastq.gz, fastq.demultiplex/FC_18_rep1/L1/Undetermined_S0_L001_R2_001_FC_18_rep1.demultiplexed.R2.repl1.fastq.gz, fastq.demultiplex/FC_18_rep1/L2/Undetermined_S0_L002_R2_001_FC_18_rep1.demultiplexed.R2.repl1.fastq.gz
    output: fastq.demultiplex/FC_18_rep1/FC_18_rep1.R1.fastq.gz, fastq.demultiplex/FC_18_rep1/FC_18_rep1.R2.fastq.gz
    jobid: 110
    wildcards: sample=FC_18_rep1

cat fastq.demultiplex/FC_18_rep1/L1/Undetermined_S0_L001_R1_001_FC_18_rep1.demultiplexed.R1.repl1.fastq.gz fastq.demultiplex/FC_18_rep1/L2/Undetermined_S0_L002_R1_001_FC_18_rep1.demultiplexed.R1.repl1.fastq.gz > fastq.demultiplex/FC_18_rep1/FC_18_rep1.R1.fastq.gz;cat fastq.demultiplex/FC_18_rep1/L1/Undetermined_S0_L001_R2_001_FC_18_rep1.demultiplexed.R2.repl1.fastq.gz fastq.demultiplex/FC_18_rep1/L2/Undetermined_S0_L002_R2_001_FC_18_rep1.demultiplexed.R2.repl1.fastq.gz > fastq.demultiplex/FC_18_rep1/FC_18_rep1.R2.fastq.gz;
Submitted job 110 with external jobid '15128003.tscc-mgr.local'.

[Fri Apr 19 09:01:39 2019]
rule align_bowtie2:
    input: fastq.demultiplex/HT_18_rep1/HT_18_rep1.R1.fastq.gz, fastq.demultiplex/HT_18_rep1/HT_18_rep1.R2.fastq.gz
    output: bam.raw/HT_18_rep1/HT_18_rep1.raw.bam
    jobid: 91
    wildcards: sample=HT_18_rep1
    threads: 8

bowtie2 -x /projects/ps-renlab/share/bowtie2_indexes/mm10     -1 fastq.demultiplex/HT_18_rep1/HT_18_rep1.R1.fastq.gz -2 fastq.demultiplex/HT_18_rep1/HT_18_rep1.R2.fastq.gz -p 8 |     awk -v id=HT_18_rep1 '{ if ($1 ~ "@"){print $0} else
      {print id "." $0"	BX:Z:" id "."  substr($1,1,22) } }' |     samtools view -bS - > bam.raw/HT_18_rep1/HT_18_rep1.raw.bam; 
Submitted job 91 with external jobid '15128004.tscc-mgr.local'.

[Fri Apr 19 09:01:39 2019]
rule align_bowtie2:
    input: fastq.demultiplex/HT_03_rep2/HT_03_rep2.R1.fastq.gz, fastq.demultiplex/HT_03_rep2/HT_03_rep2.R2.fastq.gz
    output: bam.raw/HT_03_rep2/HT_03_rep2.raw.bam
    jobid: 93
    wildcards: sample=HT_03_rep2
    threads: 8

bowtie2 -x /projects/ps-renlab/share/bowtie2_indexes/mm10     -1 fastq.demultiplex/HT_03_rep2/HT_03_rep2.R1.fastq.gz -2 fastq.demultiplex/HT_03_rep2/HT_03_rep2.R2.fastq.gz -p 8 |     awk -v id=HT_03_rep2 '{ if ($1 ~ "@"){print $0} else
      {print id "." $0"	BX:Z:" id "."  substr($1,1,22) } }' |     samtools view -bS - > bam.raw/HT_03_rep2/HT_03_rep2.raw.bam; 
Submitted job 93 with external jobid '15128005.tscc-mgr.local'.

[Fri Apr 19 09:01:40 2019]
rule align_bowtie2:
    input: fastq.demultiplex/DH_03_rep2/DH_03_rep2.R1.fastq.gz, fastq.demultiplex/DH_03_rep2/DH_03_rep2.R2.fastq.gz
    output: bam.raw/DH_03_rep2/DH_03_rep2.raw.bam
    jobid: 80
    wildcards: sample=DH_03_rep2
    threads: 8

bowtie2 -x /projects/ps-renlab/share/bowtie2_indexes/mm10     -1 fastq.demultiplex/DH_03_rep2/DH_03_rep2.R1.fastq.gz -2 fastq.demultiplex/DH_03_rep2/DH_03_rep2.R2.fastq.gz -p 8 |     awk -v id=DH_03_rep2 '{ if ($1 ~ "@"){print $0} else
      {print id "." $0"	BX:Z:" id "."  substr($1,1,22) } }' |     samtools view -bS - > bam.raw/DH_03_rep2/DH_03_rep2.raw.bam; 
Submitted job 80 with external jobid '15128007.tscc-mgr.local'.

[Fri Apr 19 09:01:41 2019]
rule align_bowtie2:
    input: fastq.demultiplex/HT_10_rep2/HT_10_rep2.R1.fastq.gz, fastq.demultiplex/HT_10_rep2/HT_10_rep2.R2.fastq.gz
    output: bam.raw/HT_10_rep2/HT_10_rep2.raw.bam
    jobid: 94
    wildcards: sample=HT_10_rep2
    threads: 8

bowtie2 -x /projects/ps-renlab/share/bowtie2_indexes/mm10     -1 fastq.demultiplex/HT_10_rep2/HT_10_rep2.R1.fastq.gz -2 fastq.demultiplex/HT_10_rep2/HT_10_rep2.R2.fastq.gz -p 8 |     awk -v id=HT_10_rep2 '{ if ($1 ~ "@"){print $0} else
      {print id "." $0"	BX:Z:" id "."  substr($1,1,22) } }' |     samtools view -bS - > bam.raw/HT_10_rep2/HT_10_rep2.raw.bam; 
Submitted job 94 with external jobid '15128008.tscc-mgr.local'.

[Fri Apr 19 09:01:41 2019]
rule combine_demulti_fastq_files:
    input: fastq.demultiplex/LM_10_rep1/L1/Undetermined_S0_L001_R1_001_LM_10_rep1.demultiplexed.R1.repl1.fastq.gz, fastq.demultiplex/LM_10_rep1/L1/Undetermined_S0_L001_R2_001_LM_10_rep1.demultiplexed.R2.repl1.fastq.gz
    output: fastq.demultiplex/LM_10_rep1/LM_10_rep1.R1.fastq.gz, fastq.demultiplex/LM_10_rep1/LM_10_rep1.R2.fastq.gz
    jobid: 121
    wildcards: sample=LM_10_rep1

cat fastq.demultiplex/LM_10_rep1/L1/Undetermined_S0_L001_R1_001_LM_10_rep1.demultiplexed.R1.repl1.fastq.gz > fastq.demultiplex/LM_10_rep1/LM_10_rep1.R1.fastq.gz;cat fastq.demultiplex/LM_10_rep1/L1/Undetermined_S0_L001_R2_001_LM_10_rep1.demultiplexed.R2.repl1.fastq.gz > fastq.demultiplex/LM_10_rep1/LM_10_rep1.R2.fastq.gz;
Submitted job 121 with external jobid '15128009.tscc-mgr.local'.

[Fri Apr 19 09:01:41 2019]
rule align_bowtie2:
    input: fastq.demultiplex/FC_03_rep2/FC_03_rep2.R1.fastq.gz, fastq.demultiplex/FC_03_rep2/FC_03_rep2.R2.fastq.gz
    output: bam.raw/FC_03_rep2/FC_03_rep2.raw.bam
    jobid: 86
    wildcards: sample=FC_03_rep2
    threads: 8

bowtie2 -x /projects/ps-renlab/share/bowtie2_indexes/mm10     -1 fastq.demultiplex/FC_03_rep2/FC_03_rep2.R1.fastq.gz -2 fastq.demultiplex/FC_03_rep2/FC_03_rep2.R2.fastq.gz -p 8 |     awk -v id=FC_03_rep2 '{ if ($1 ~ "@"){print $0} else
      {print id "." $0"	BX:Z:" id "."  substr($1,1,22) } }' |     samtools view -bS - > bam.raw/FC_03_rep2/FC_03_rep2.raw.bam; 
Submitted job 86 with external jobid '15128010.tscc-mgr.local'.

[Fri Apr 19 09:01:41 2019]
rule align_bowtie2:
    input: fastq.demultiplex/FC_10_rep2/FC_10_rep2.R1.fastq.gz, fastq.demultiplex/FC_10_rep2/FC_10_rep2.R2.fastq.gz
    output: bam.raw/FC_10_rep2/FC_10_rep2.raw.bam
    jobid: 87
    wildcards: sample=FC_10_rep2
    threads: 8

bowtie2 -x /projects/ps-renlab/share/bowtie2_indexes/mm10     -1 fastq.demultiplex/FC_10_rep2/FC_10_rep2.R1.fastq.gz -2 fastq.demultiplex/FC_10_rep2/FC_10_rep2.R2.fastq.gz -p 8 |     awk -v id=FC_10_rep2 '{ if ($1 ~ "@"){print $0} else
      {print id "." $0"	BX:Z:" id "."  substr($1,1,22) } }' |     samtools view -bS - > bam.raw/FC_10_rep2/FC_10_rep2.raw.bam; 
Submitted job 87 with external jobid '15128011.tscc-mgr.local'.

[Fri Apr 19 09:01:41 2019]
rule align_bowtie2:
    input: fastq.demultiplex/HT_18_rep2/HT_18_rep2.R1.fastq.gz, fastq.demultiplex/HT_18_rep2/HT_18_rep2.R2.fastq.gz
    output: bam.raw/HT_18_rep2/HT_18_rep2.raw.bam
    jobid: 92
    wildcards: sample=HT_18_rep2
    threads: 8

bowtie2 -x /projects/ps-renlab/share/bowtie2_indexes/mm10     -1 fastq.demultiplex/HT_18_rep2/HT_18_rep2.R1.fastq.gz -2 fastq.demultiplex/HT_18_rep2/HT_18_rep2.R2.fastq.gz -p 8 |     awk -v id=HT_18_rep2 '{ if ($1 ~ "@"){print $0} else
      {print id "." $0"	BX:Z:" id "."  substr($1,1,22) } }' |     samtools view -bS - > bam.raw/HT_18_rep2/HT_18_rep2.raw.bam; 
Submitted job 92 with external jobid '15128012.tscc-mgr.local'.

[Fri Apr 19 09:01:41 2019]
rule combine_demulti_fastq_files:
    input: fastq.demultiplex/LM_10_rep2/L1/Undetermined_S0_L001_R1_001_LM_10_rep2.demultiplexed.R1.repl1.fastq.gz, fastq.demultiplex/LM_10_rep2/L1/Undetermined_S0_L001_R2_001_LM_10_rep2.demultiplexed.R2.repl1.fastq.gz
    output: fastq.demultiplex/LM_10_rep2/LM_10_rep2.R1.fastq.gz, fastq.demultiplex/LM_10_rep2/LM_10_rep2.R2.fastq.gz
    jobid: 124
    wildcards: sample=LM_10_rep2

cat fastq.demultiplex/LM_10_rep2/L1/Undetermined_S0_L001_R1_001_LM_10_rep2.demultiplexed.R1.repl1.fastq.gz > fastq.demultiplex/LM_10_rep2/LM_10_rep2.R1.fastq.gz;cat fastq.demultiplex/LM_10_rep2/L1/Undetermined_S0_L001_R2_001_LM_10_rep2.demultiplexed.R2.repl1.fastq.gz > fastq.demultiplex/LM_10_rep2/LM_10_rep2.R2.fastq.gz;
Submitted job 124 with external jobid '15128013.tscc-mgr.local'.

[Fri Apr 19 09:01:41 2019]
rule combine_demulti_fastq_files:
    input: fastq.demultiplex/LM_18_rep1/L1/Undetermined_S0_L001_R1_001_LM_18_rep1.demultiplexed.R1.repl1.fastq.gz, fastq.demultiplex/LM_18_rep1/L1/Undetermined_S0_L001_R2_001_LM_18_rep1.demultiplexed.R2.repl1.fastq.gz
    output: fastq.demultiplex/LM_18_rep1/LM_18_rep1.R1.fastq.gz, fastq.demultiplex/LM_18_rep1/LM_18_rep1.R2.fastq.gz
    jobid: 122
    wildcards: sample=LM_18_rep1

cat fastq.demultiplex/LM_18_rep1/L1/Undetermined_S0_L001_R1_001_LM_18_rep1.demultiplexed.R1.repl1.fastq.gz > fastq.demultiplex/LM_18_rep1/LM_18_rep1.R1.fastq.gz;cat fastq.demultiplex/LM_18_rep1/L1/Undetermined_S0_L001_R2_001_LM_18_rep1.demultiplexed.R2.repl1.fastq.gz > fastq.demultiplex/LM_18_rep1/LM_18_rep1.R2.fastq.gz;
Submitted job 122 with external jobid '15128014.tscc-mgr.local'.

[Fri Apr 19 09:01:42 2019]
rule combine_demulti_fastq_files:
    input: fastq.demultiplex/LM_03_rep2/L1/Undetermined_S0_L001_R1_001_LM_03_rep2.demultiplexed.R1.repl1.fastq.gz, fastq.demultiplex/LM_03_rep2/L1/Undetermined_S0_L001_R2_001_LM_03_rep2.demultiplexed.R2.repl1.fastq.gz
    output: fastq.demultiplex/LM_03_rep2/LM_03_rep2.R1.fastq.gz, fastq.demultiplex/LM_03_rep2/LM_03_rep2.R2.fastq.gz
    jobid: 123
    wildcards: sample=LM_03_rep2

cat fastq.demultiplex/LM_03_rep2/L1/Undetermined_S0_L001_R1_001_LM_03_rep2.demultiplexed.R1.repl1.fastq.gz > fastq.demultiplex/LM_03_rep2/LM_03_rep2.R1.fastq.gz;cat fastq.demultiplex/LM_03_rep2/L1/Undetermined_S0_L001_R2_001_LM_03_rep2.demultiplexed.R2.repl1.fastq.gz > fastq.demultiplex/LM_03_rep2/LM_03_rep2.R2.fastq.gz;
Submitted job 123 with external jobid '15128016.tscc-mgr.local'.

[Fri Apr 19 09:01:42 2019]
rule align_bowtie2:
    input: fastq.demultiplex/FC_18_rep2/FC_18_rep2.R1.fastq.gz, fastq.demultiplex/FC_18_rep2/FC_18_rep2.R2.fastq.gz
    output: bam.raw/FC_18_rep2/FC_18_rep2.raw.bam
    jobid: 88
    wildcards: sample=FC_18_rep2
    threads: 8

bowtie2 -x /projects/ps-renlab/share/bowtie2_indexes/mm10     -1 fastq.demultiplex/FC_18_rep2/FC_18_rep2.R1.fastq.gz -2 fastq.demultiplex/FC_18_rep2/FC_18_rep2.R2.fastq.gz -p 8 |     awk -v id=FC_18_rep2 '{ if ($1 ~ "@"){print $0} else
      {print id "." $0"	BX:Z:" id "."  substr($1,1,22) } }' |     samtools view -bS - > bam.raw/FC_18_rep2/FC_18_rep2.raw.bam; 
Submitted job 88 with external jobid '15128017.tscc-mgr.local'.

[Fri Apr 19 09:01:42 2019]
rule align_bowtie2:
    input: fastq.demultiplex/HT_10_rep1/HT_10_rep1.R1.fastq.gz, fastq.demultiplex/HT_10_rep1/HT_10_rep1.R2.fastq.gz
    output: bam.raw/HT_10_rep1/HT_10_rep1.raw.bam
    jobid: 90
    wildcards: sample=HT_10_rep1
    threads: 8

bowtie2 -x /projects/ps-renlab/share/bowtie2_indexes/mm10     -1 fastq.demultiplex/HT_10_rep1/HT_10_rep1.R1.fastq.gz -2 fastq.demultiplex/HT_10_rep1/HT_10_rep1.R2.fastq.gz -p 8 |     awk -v id=HT_10_rep1 '{ if ($1 ~ "@"){print $0} else
      {print id "." $0"	BX:Z:" id "."  substr($1,1,22) } }' |     samtools view -bS - > bam.raw/HT_10_rep1/HT_10_rep1.raw.bam; 
Submitted job 90 with external jobid '15128018.tscc-mgr.local'.

[Fri Apr 19 09:01:42 2019]
rule combine_demulti_fastq_files:
    input: fastq.demultiplex/LM_18_rep2/L1/Undetermined_S0_L001_R1_001_LM_18_rep2.demultiplexed.R1.repl1.fastq.gz, fastq.demultiplex/LM_18_rep2/L1/Undetermined_S0_L001_R2_001_LM_18_rep2.demultiplexed.R2.repl1.fastq.gz
    output: fastq.demultiplex/LM_18_rep2/LM_18_rep2.R1.fastq.gz, fastq.demultiplex/LM_18_rep2/LM_18_rep2.R2.fastq.gz
    jobid: 125
    wildcards: sample=LM_18_rep2

cat fastq.demultiplex/LM_18_rep2/L1/Undetermined_S0_L001_R1_001_LM_18_rep2.demultiplexed.R1.repl1.fastq.gz > fastq.demultiplex/LM_18_rep2/LM_18_rep2.R1.fastq.gz;cat fastq.demultiplex/LM_18_rep2/L1/Undetermined_S0_L001_R2_001_LM_18_rep2.demultiplexed.R2.repl1.fastq.gz > fastq.demultiplex/LM_18_rep2/LM_18_rep2.R2.fastq.gz;
Submitted job 125 with external jobid '15128019.tscc-mgr.local'.

[Fri Apr 19 09:01:42 2019]
rule combine_demulti_fastq_files:
    input: fastq.demultiplex/FC_03_rep1/L1/Undetermined_S0_L001_R1_001_FC_03_rep1.demultiplexed.R1.repl1.fastq.gz, fastq.demultiplex/FC_03_rep1/L2/Undetermined_S0_L002_R1_001_FC_03_rep1.demultiplexed.R1.repl1.fastq.gz, fastq.demultiplex/FC_03_rep1/L1/Undetermined_S0_L001_R2_001_FC_03_rep1.demultiplexed.R2.repl1.fastq.gz, fastq.demultiplex/FC_03_rep1/L2/Undetermined_S0_L002_R2_001_FC_03_rep1.demultiplexed.R2.repl1.fastq.gz
    output: fastq.demultiplex/FC_03_rep1/FC_03_rep1.R1.fastq.gz, fastq.demultiplex/FC_03_rep1/FC_03_rep1.R2.fastq.gz
    jobid: 108
    wildcards: sample=FC_03_rep1

cat fastq.demultiplex/FC_03_rep1/L1/Undetermined_S0_L001_R1_001_FC_03_rep1.demultiplexed.R1.repl1.fastq.gz fastq.demultiplex/FC_03_rep1/L2/Undetermined_S0_L002_R1_001_FC_03_rep1.demultiplexed.R1.repl1.fastq.gz > fastq.demultiplex/FC_03_rep1/FC_03_rep1.R1.fastq.gz;cat fastq.demultiplex/FC_03_rep1/L1/Undetermined_S0_L001_R2_001_FC_03_rep1.demultiplexed.R2.repl1.fastq.gz fastq.demultiplex/FC_03_rep1/L2/Undetermined_S0_L002_R2_001_FC_03_rep1.demultiplexed.R2.repl1.fastq.gz > fastq.demultiplex/FC_03_rep1/FC_03_rep1.R2.fastq.gz;
Submitted job 108 with external jobid '15128020.tscc-mgr.local'.

[Fri Apr 19 09:01:42 2019]
rule align_bowtie2:
    input: fastq.demultiplex/DH_18_rep2/DH_18_rep2.R1.fastq.gz, fastq.demultiplex/DH_18_rep2/DH_18_rep2.R2.fastq.gz
    output: bam.raw/DH_18_rep2/DH_18_rep2.raw.bam
    jobid: 82
    wildcards: sample=DH_18_rep2
    threads: 8

bowtie2 -x /projects/ps-renlab/share/bowtie2_indexes/mm10     -1 fastq.demultiplex/DH_18_rep2/DH_18_rep2.R1.fastq.gz -2 fastq.demultiplex/DH_18_rep2/DH_18_rep2.R2.fastq.gz -p 8 |     awk -v id=DH_18_rep2 '{ if ($1 ~ "@"){print $0} else
      {print id "." $0"	BX:Z:" id "."  substr($1,1,22) } }' |     samtools view -bS - > bam.raw/DH_18_rep2/DH_18_rep2.raw.bam; 
Submitted job 82 with external jobid '15128021.tscc-mgr.local'.
[Fri Apr 19 09:02:41 2019]
Finished job 109.
1 of 94 steps (1%) done

[Fri Apr 19 09:02:41 2019]
rule align_bowtie2:
    input: fastq.demultiplex/FC_10_rep1/FC_10_rep1.R1.fastq.gz, fastq.demultiplex/FC_10_rep1/FC_10_rep1.R2.fastq.gz
    output: bam.raw/FC_10_rep1/FC_10_rep1.raw.bam
    jobid: 84
    wildcards: sample=FC_10_rep1
    threads: 8

bowtie2 -x /projects/ps-renlab/share/bowtie2_indexes/mm10     -1 fastq.demultiplex/FC_10_rep1/FC_10_rep1.R1.fastq.gz -2 fastq.demultiplex/FC_10_rep1/FC_10_rep1.R2.fastq.gz -p 8 |     awk -v id=FC_10_rep1 '{ if ($1 ~ "@"){print $0} else
      {print id "." $0"	BX:Z:" id "."  substr($1,1,22) } }' |     samtools view -bS - > bam.raw/FC_10_rep1/FC_10_rep1.raw.bam; 
[Fri Apr 19 09:02:41 2019]
Finished job 120.
2 of 94 steps (2%) done
[Fri Apr 19 09:02:41 2019]
Finished job 110.
3 of 94 steps (3%) done
Submitted job 84 with external jobid '15128032.tscc-mgr.local'.

[Fri Apr 19 09:02:48 2019]
rule align_bowtie2:
    input: fastq.demultiplex/FC_18_rep1/FC_18_rep1.R1.fastq.gz, fastq.demultiplex/FC_18_rep1/FC_18_rep1.R2.fastq.gz
    output: bam.raw/FC_18_rep1/FC_18_rep1.raw.bam
    jobid: 85
    wildcards: sample=FC_18_rep1
    threads: 8

bowtie2 -x /projects/ps-renlab/share/bowtie2_indexes/mm10     -1 fastq.demultiplex/FC_18_rep1/FC_18_rep1.R1.fastq.gz -2 fastq.demultiplex/FC_18_rep1/FC_18_rep1.R2.fastq.gz -p 8 |     awk -v id=FC_18_rep1 '{ if ($1 ~ "@"){print $0} else
      {print id "." $0"	BX:Z:" id "."  substr($1,1,22) } }' |     samtools view -bS - > bam.raw/FC_18_rep1/FC_18_rep1.raw.bam; 
Submitted job 85 with external jobid '15128033.tscc-mgr.local'.

[Fri Apr 19 09:02:48 2019]
rule align_bowtie2:
    input: fastq.demultiplex/LM_03_rep1/LM_03_rep1.R1.fastq.gz, fastq.demultiplex/LM_03_rep1/LM_03_rep1.R2.fastq.gz
    output: bam.raw/LM_03_rep1/LM_03_rep1.raw.bam
    jobid: 95
    wildcards: sample=LM_03_rep1
    threads: 8

bowtie2 -x /projects/ps-renlab/share/bowtie2_indexes/mm10     -1 fastq.demultiplex/LM_03_rep1/LM_03_rep1.R1.fastq.gz -2 fastq.demultiplex/LM_03_rep1/LM_03_rep1.R2.fastq.gz -p 8 |     awk -v id=LM_03_rep1 '{ if ($1 ~ "@"){print $0} else
      {print id "." $0"	BX:Z:" id "."  substr($1,1,22) } }' |     samtools view -bS - > bam.raw/LM_03_rep1/LM_03_rep1.raw.bam; 
Submitted job 95 with external jobid '15128034.tscc-mgr.local'.
[Fri Apr 19 09:03:18 2019]
Finished job 124.
4 of 94 steps (4%) done

[Fri Apr 19 09:03:18 2019]
rule align_bowtie2:
    input: fastq.demultiplex/LM_10_rep2/LM_10_rep2.R1.fastq.gz, fastq.demultiplex/LM_10_rep2/LM_10_rep2.R2.fastq.gz
    output: bam.raw/LM_10_rep2/LM_10_rep2.raw.bam
    jobid: 99
    wildcards: sample=LM_10_rep2
    threads: 8

bowtie2 -x /projects/ps-renlab/share/bowtie2_indexes/mm10     -1 fastq.demultiplex/LM_10_rep2/LM_10_rep2.R1.fastq.gz -2 fastq.demultiplex/LM_10_rep2/LM_10_rep2.R2.fastq.gz -p 8 |     awk -v id=LM_10_rep2 '{ if ($1 ~ "@"){print $0} else
      {print id "." $0"	BX:Z:" id "."  substr($1,1,22) } }' |     samtools view -bS - > bam.raw/LM_10_rep2/LM_10_rep2.raw.bam; 
[Fri Apr 19 09:03:18 2019]
Finished job 122.
5 of 94 steps (5%) done
Submitted job 99 with external jobid '15128038.tscc-mgr.local'.

[Fri Apr 19 09:03:19 2019]
rule align_bowtie2:
    input: fastq.demultiplex/LM_18_rep1/LM_18_rep1.R1.fastq.gz, fastq.demultiplex/LM_18_rep1/LM_18_rep1.R2.fastq.gz
    output: bam.raw/LM_18_rep1/LM_18_rep1.raw.bam
    jobid: 97
    wildcards: sample=LM_18_rep1
    threads: 8

bowtie2 -x /projects/ps-renlab/share/bowtie2_indexes/mm10     -1 fastq.demultiplex/LM_18_rep1/LM_18_rep1.R1.fastq.gz -2 fastq.demultiplex/LM_18_rep1/LM_18_rep1.R2.fastq.gz -p 8 |     awk -v id=LM_18_rep1 '{ if ($1 ~ "@"){print $0} else
      {print id "." $0"	BX:Z:" id "."  substr($1,1,22) } }' |     samtools view -bS - > bam.raw/LM_18_rep1/LM_18_rep1.raw.bam; 
Submitted job 97 with external jobid '15128039.tscc-mgr.local'.
[Fri Apr 19 09:03:30 2019]
Finished job 121.
6 of 94 steps (6%) done

[Fri Apr 19 09:03:30 2019]
rule align_bowtie2:
    input: fastq.demultiplex/LM_10_rep1/LM_10_rep1.R1.fastq.gz, fastq.demultiplex/LM_10_rep1/LM_10_rep1.R2.fastq.gz
    output: bam.raw/LM_10_rep1/LM_10_rep1.raw.bam
    jobid: 96
    wildcards: sample=LM_10_rep1
    threads: 8

bowtie2 -x /projects/ps-renlab/share/bowtie2_indexes/mm10     -1 fastq.demultiplex/LM_10_rep1/LM_10_rep1.R1.fastq.gz -2 fastq.demultiplex/LM_10_rep1/LM_10_rep1.R2.fastq.gz -p 8 |     awk -v id=LM_10_rep1 '{ if ($1 ~ "@"){print $0} else
      {print id "." $0"	BX:Z:" id "."  substr($1,1,22) } }' |     samtools view -bS - > bam.raw/LM_10_rep1/LM_10_rep1.raw.bam; 
[Fri Apr 19 09:03:30 2019]
Finished job 123.
7 of 94 steps (7%) done
Submitted job 96 with external jobid '15128041.tscc-mgr.local'.

[Fri Apr 19 09:03:31 2019]
rule align_bowtie2:
    input: fastq.demultiplex/LM_03_rep2/LM_03_rep2.R1.fastq.gz, fastq.demultiplex/LM_03_rep2/LM_03_rep2.R2.fastq.gz
    output: bam.raw/LM_03_rep2/LM_03_rep2.raw.bam
    jobid: 98
    wildcards: sample=LM_03_rep2
    threads: 8

bowtie2 -x /projects/ps-renlab/share/bowtie2_indexes/mm10     -1 fastq.demultiplex/LM_03_rep2/LM_03_rep2.R1.fastq.gz -2 fastq.demultiplex/LM_03_rep2/LM_03_rep2.R2.fastq.gz -p 8 |     awk -v id=LM_03_rep2 '{ if ($1 ~ "@"){print $0} else
      {print id "." $0"	BX:Z:" id "."  substr($1,1,22) } }' |     samtools view -bS - > bam.raw/LM_03_rep2/LM_03_rep2.raw.bam; 
Submitted job 98 with external jobid '15128042.tscc-mgr.local'.
[Fri Apr 19 09:05:07 2019]
Finished job 125.
8 of 94 steps (9%) done

[Fri Apr 19 09:05:07 2019]
rule align_bowtie2:
    input: fastq.demultiplex/LM_18_rep2/LM_18_rep2.R1.fastq.gz, fastq.demultiplex/LM_18_rep2/LM_18_rep2.R2.fastq.gz
    output: bam.raw/LM_18_rep2/LM_18_rep2.raw.bam
    jobid: 100
    wildcards: sample=LM_18_rep2
    threads: 8

bowtie2 -x /projects/ps-renlab/share/bowtie2_indexes/mm10     -1 fastq.demultiplex/LM_18_rep2/LM_18_rep2.R1.fastq.gz -2 fastq.demultiplex/LM_18_rep2/LM_18_rep2.R2.fastq.gz -p 8 |     awk -v id=LM_18_rep2 '{ if ($1 ~ "@"){print $0} else
      {print id "." $0"	BX:Z:" id "."  substr($1,1,22) } }' |     samtools view -bS - > bam.raw/LM_18_rep2/LM_18_rep2.raw.bam; 
[Fri Apr 19 09:05:08 2019]
Finished job 95.
9 of 94 steps (10%) done
Submitted job 100 with external jobid '15128055.tscc-mgr.local'.

[Fri Apr 19 09:05:13 2019]
rule sort_bam:
    input: bam.raw/LM_03_rep1/LM_03_rep1.raw.bam
    output: bam.nsort/LM_03_rep1/LM_03_rep1.picard.nsort.bam
    jobid: 70
    wildcards: sample=LM_03_rep1
    threads: 4

java -jar -Xmx$((4*4))G ../../scripts/utility/picard.jar SortSam         I=bam.raw/LM_03_rep1/LM_03_rep1.raw.bam         O=bam.nsort/LM_03_rep1/LM_03_rep1.picard.nsort.bam         SORT_ORDER=queryname 
Submitted job 70 with external jobid '15128056.tscc-mgr.local'.
[Fri Apr 19 09:05:42 2019]
Finished job 108.
10 of 94 steps (11%) done

[Fri Apr 19 09:05:42 2019]
rule align_bowtie2:
    input: fastq.demultiplex/FC_03_rep1/FC_03_rep1.R1.fastq.gz, fastq.demultiplex/FC_03_rep1/FC_03_rep1.R2.fastq.gz
    output: bam.raw/FC_03_rep1/FC_03_rep1.raw.bam
    jobid: 83
    wildcards: sample=FC_03_rep1
    threads: 8

bowtie2 -x /projects/ps-renlab/share/bowtie2_indexes/mm10     -1 fastq.demultiplex/FC_03_rep1/FC_03_rep1.R1.fastq.gz -2 fastq.demultiplex/FC_03_rep1/FC_03_rep1.R2.fastq.gz -p 8 |     awk -v id=FC_03_rep1 '{ if ($1 ~ "@"){print $0} else
      {print id "." $0"	BX:Z:" id "."  substr($1,1,22) } }' |     samtools view -bS - > bam.raw/FC_03_rep1/FC_03_rep1.raw.bam; 
Submitted job 83 with external jobid '15128057.tscc-mgr.local'.
[Fri Apr 19 09:07:32 2019]
Finished job 70.
11 of 94 steps (12%) done

[Fri Apr 19 09:07:32 2019]
rule dedup_bam:
    input: bam.nsort/LM_03_rep1/LM_03_rep1.picard.nsort.bam
    output: bam.dedup/LM_03_rep1/LM_03_rep1.dedup.bam
    jobid: 45
    wildcards: sample=LM_03_rep1
    threads: 4

java -jar -XX:ParallelGCThreads=4 -Xmx$((4*4))G     ../../scripts/utility/picard.jar MarkDuplicates     INPUT= bam.nsort/LM_03_rep1/LM_03_rep1.picard.nsort.bam OUTPUT= bam.dedup/LM_03_rep1/LM_03_rep1.dedup.bam VALIDATION_STRINGENCY=LENIENT     REMOVE_DUPLICATES=True ASSUME_SORT_ORDER=queryname     METRICS_FILE=bam.dedup/LM_03_rep1/LM_03_rep1.dedup.qc BARCODE_TAG=BX
Submitted job 45 with external jobid '15128067.tscc-mgr.local'.
[Fri Apr 19 09:07:55 2019]
Finished job 85.
12 of 94 steps (13%) done

[Fri Apr 19 09:07:55 2019]
rule sort_bam:
    input: bam.raw/FC_18_rep1/FC_18_rep1.raw.bam
    output: bam.nsort/FC_18_rep1/FC_18_rep1.picard.nsort.bam
    jobid: 60
    wildcards: sample=FC_18_rep1
    threads: 4

java -jar -Xmx$((4*4))G ../../scripts/utility/picard.jar SortSam         I=bam.raw/FC_18_rep1/FC_18_rep1.raw.bam         O=bam.nsort/FC_18_rep1/FC_18_rep1.picard.nsort.bam         SORT_ORDER=queryname 
Submitted job 60 with external jobid '15128068.tscc-mgr.local'.
[Fri Apr 19 09:08:31 2019]
Finished job 84.
13 of 94 steps (14%) done

[Fri Apr 19 09:08:31 2019]
rule sort_bam:
    input: bam.raw/FC_10_rep1/FC_10_rep1.raw.bam
    output: bam.nsort/FC_10_rep1/FC_10_rep1.picard.nsort.bam
    jobid: 59
    wildcards: sample=FC_10_rep1
    threads: 4

java -jar -Xmx$((4*4))G ../../scripts/utility/picard.jar SortSam         I=bam.raw/FC_10_rep1/FC_10_rep1.raw.bam         O=bam.nsort/FC_10_rep1/FC_10_rep1.picard.nsort.bam         SORT_ORDER=queryname 
[Fri Apr 19 09:08:31 2019]
Finished job 100.
14 of 94 steps (15%) done
Submitted job 59 with external jobid '15128070.tscc-mgr.local'.

[Fri Apr 19 09:08:31 2019]
rule sort_bam:
    input: bam.raw/LM_18_rep2/LM_18_rep2.raw.bam
    output: bam.nsort/LM_18_rep2/LM_18_rep2.picard.nsort.bam
    jobid: 75
    wildcards: sample=LM_18_rep2
    threads: 4

java -jar -Xmx$((4*4))G ../../scripts/utility/picard.jar SortSam         I=bam.raw/LM_18_rep2/LM_18_rep2.raw.bam         O=bam.nsort/LM_18_rep2/LM_18_rep2.picard.nsort.bam         SORT_ORDER=queryname 
Submitted job 75 with external jobid '15128071.tscc-mgr.local'.
[Fri Apr 19 09:08:42 2019]
Finished job 99.
15 of 94 steps (16%) done

[Fri Apr 19 09:08:42 2019]
rule sort_bam:
    input: bam.raw/LM_10_rep2/LM_10_rep2.raw.bam
    output: bam.nsort/LM_10_rep2/LM_10_rep2.picard.nsort.bam
    jobid: 74
    wildcards: sample=LM_10_rep2
    threads: 4

java -jar -Xmx$((4*4))G ../../scripts/utility/picard.jar SortSam         I=bam.raw/LM_10_rep2/LM_10_rep2.raw.bam         O=bam.nsort/LM_10_rep2/LM_10_rep2.picard.nsort.bam         SORT_ORDER=queryname 
Submitted job 74 with external jobid '15128073.tscc-mgr.local'.
[Fri Apr 19 09:09:30 2019]
Finished job 97.
16 of 94 steps (17%) done

[Fri Apr 19 09:09:30 2019]
rule sort_bam:
    input: bam.raw/LM_18_rep1/LM_18_rep1.raw.bam
    output: bam.nsort/LM_18_rep1/LM_18_rep1.picard.nsort.bam
    jobid: 72
    wildcards: sample=LM_18_rep1
    threads: 4

java -jar -Xmx$((4*4))G ../../scripts/utility/picard.jar SortSam         I=bam.raw/LM_18_rep1/LM_18_rep1.raw.bam         O=bam.nsort/LM_18_rep1/LM_18_rep1.picard.nsort.bam         SORT_ORDER=queryname 
Submitted job 72 with external jobid '15128074.tscc-mgr.local'.
[Fri Apr 19 09:11:18 2019]
Finished job 60.
17 of 94 steps (18%) done

[Fri Apr 19 09:11:18 2019]
rule dedup_bam:
    input: bam.nsort/FC_18_rep1/FC_18_rep1.picard.nsort.bam
    output: bam.dedup/FC_18_rep1/FC_18_rep1.dedup.bam
    jobid: 35
    wildcards: sample=FC_18_rep1
    threads: 4

java -jar -XX:ParallelGCThreads=4 -Xmx$((4*4))G     ../../scripts/utility/picard.jar MarkDuplicates     INPUT= bam.nsort/FC_18_rep1/FC_18_rep1.picard.nsort.bam OUTPUT= bam.dedup/FC_18_rep1/FC_18_rep1.dedup.bam VALIDATION_STRINGENCY=LENIENT     REMOVE_DUPLICATES=True ASSUME_SORT_ORDER=queryname     METRICS_FILE=bam.dedup/FC_18_rep1/FC_18_rep1.dedup.qc BARCODE_TAG=BX
Submitted job 35 with external jobid '15128075.tscc-mgr.local'.
[Fri Apr 19 09:11:31 2019]
Finished job 96.
18 of 94 steps (19%) done

[Fri Apr 19 09:11:31 2019]
rule sort_bam:
    input: bam.raw/LM_10_rep1/LM_10_rep1.raw.bam
    output: bam.nsort/LM_10_rep1/LM_10_rep1.picard.nsort.bam
    jobid: 71
    wildcards: sample=LM_10_rep1
    threads: 4

java -jar -Xmx$((4*4))G ../../scripts/utility/picard.jar SortSam         I=bam.raw/LM_10_rep1/LM_10_rep1.raw.bam         O=bam.nsort/LM_10_rep1/LM_10_rep1.picard.nsort.bam         SORT_ORDER=queryname 
Submitted job 71 with external jobid '15128079.tscc-mgr.local'.
[Fri Apr 19 09:13:07 2019]
Finished job 59.
19 of 94 steps (20%) done

[Fri Apr 19 09:13:07 2019]
rule dedup_bam:
    input: bam.nsort/FC_10_rep1/FC_10_rep1.picard.nsort.bam
    output: bam.dedup/FC_10_rep1/FC_10_rep1.dedup.bam
    jobid: 34
    wildcards: sample=FC_10_rep1
    threads: 4

java -jar -XX:ParallelGCThreads=4 -Xmx$((4*4))G     ../../scripts/utility/picard.jar MarkDuplicates     INPUT= bam.nsort/FC_10_rep1/FC_10_rep1.picard.nsort.bam OUTPUT= bam.dedup/FC_10_rep1/FC_10_rep1.dedup.bam VALIDATION_STRINGENCY=LENIENT     REMOVE_DUPLICATES=True ASSUME_SORT_ORDER=queryname     METRICS_FILE=bam.dedup/FC_10_rep1/FC_10_rep1.dedup.qc BARCODE_TAG=BX
[Fri Apr 19 09:13:07 2019]
Finished job 98.
20 of 94 steps (21%) done
Submitted job 34 with external jobid '15128090.tscc-mgr.local'.

[Fri Apr 19 09:13:07 2019]
rule sort_bam:
    input: bam.raw/LM_03_rep2/LM_03_rep2.raw.bam
    output: bam.nsort/LM_03_rep2/LM_03_rep2.picard.nsort.bam
    jobid: 73
    wildcards: sample=LM_03_rep2
    threads: 4

java -jar -Xmx$((4*4))G ../../scripts/utility/picard.jar SortSam         I=bam.raw/LM_03_rep2/LM_03_rep2.raw.bam         O=bam.nsort/LM_03_rep2/LM_03_rep2.picard.nsort.bam         SORT_ORDER=queryname 
Submitted job 73 with external jobid '15128091.tscc-mgr.local'.
[Fri Apr 19 09:13:08 2019]
Finished job 45.
21 of 94 steps (22%) done

[Fri Apr 19 09:13:08 2019]
rule filter_bam:
    input: bam.dedup/LM_03_rep1/LM_03_rep1.dedup.bam
    output: bam.filter/LM_03_rep1/LM_03_rep1.filter.bam
    jobid: 20
    wildcards: sample=LM_03_rep1

samtools view -h bam.dedup/LM_03_rep1/LM_03_rep1.dedup.bam |  awk -v OFS="	" ' function abs(v) {return v < 0 ? -v : v}
  { if ( /^@/) { print $0 } else if ( $7=="=" && abs($9)< 2000) {print $0} }'|  samtools view -bS > bam.filter/LM_03_rep1/LM_03_rep1.filter.bam 
Submitted job 20 with external jobid '15128092.tscc-mgr.local'.
[Fri Apr 19 09:13:55 2019]
Finished job 75.
22 of 94 steps (23%) done

[Fri Apr 19 09:13:55 2019]
rule dedup_bam:
    input: bam.nsort/LM_18_rep2/LM_18_rep2.picard.nsort.bam
    output: bam.dedup/LM_18_rep2/LM_18_rep2.dedup.bam
    jobid: 50
    wildcards: sample=LM_18_rep2
    threads: 4

java -jar -XX:ParallelGCThreads=4 -Xmx$((4*4))G     ../../scripts/utility/picard.jar MarkDuplicates     INPUT= bam.nsort/LM_18_rep2/LM_18_rep2.picard.nsort.bam OUTPUT= bam.dedup/LM_18_rep2/LM_18_rep2.dedup.bam VALIDATION_STRINGENCY=LENIENT     REMOVE_DUPLICATES=True ASSUME_SORT_ORDER=queryname     METRICS_FILE=bam.dedup/LM_18_rep2/LM_18_rep2.dedup.qc BARCODE_TAG=BX
Submitted job 50 with external jobid '15128094.tscc-mgr.local'.
[Fri Apr 19 09:14:43 2019]
Finished job 72.
23 of 94 steps (24%) done

[Fri Apr 19 09:14:43 2019]
rule dedup_bam:
    input: bam.nsort/LM_18_rep1/LM_18_rep1.picard.nsort.bam
    output: bam.dedup/LM_18_rep1/LM_18_rep1.dedup.bam
    jobid: 47
    wildcards: sample=LM_18_rep1
    threads: 4

java -jar -XX:ParallelGCThreads=4 -Xmx$((4*4))G     ../../scripts/utility/picard.jar MarkDuplicates     INPUT= bam.nsort/LM_18_rep1/LM_18_rep1.picard.nsort.bam OUTPUT= bam.dedup/LM_18_rep1/LM_18_rep1.dedup.bam VALIDATION_STRINGENCY=LENIENT     REMOVE_DUPLICATES=True ASSUME_SORT_ORDER=queryname     METRICS_FILE=bam.dedup/LM_18_rep1/LM_18_rep1.dedup.qc BARCODE_TAG=BX
Submitted job 47 with external jobid '15128095.tscc-mgr.local'.
[Fri Apr 19 09:14:44 2019]
Finished job 74.
24 of 94 steps (26%) done

[Fri Apr 19 09:14:44 2019]
rule dedup_bam:
    input: bam.nsort/LM_10_rep2/LM_10_rep2.picard.nsort.bam
    output: bam.dedup/LM_10_rep2/LM_10_rep2.dedup.bam
    jobid: 49
    wildcards: sample=LM_10_rep2
    threads: 4

java -jar -XX:ParallelGCThreads=4 -Xmx$((4*4))G     ../../scripts/utility/picard.jar MarkDuplicates     INPUT= bam.nsort/LM_10_rep2/LM_10_rep2.picard.nsort.bam OUTPUT= bam.dedup/LM_10_rep2/LM_10_rep2.dedup.bam VALIDATION_STRINGENCY=LENIENT     REMOVE_DUPLICATES=True ASSUME_SORT_ORDER=queryname     METRICS_FILE=bam.dedup/LM_10_rep2/LM_10_rep2.dedup.qc BARCODE_TAG=BX
Submitted job 49 with external jobid '15128096.tscc-mgr.local'.
[Fri Apr 19 09:15:31 2019]
Finished job 71.
25 of 94 steps (27%) done

[Fri Apr 19 09:15:31 2019]
rule dedup_bam:
    input: bam.nsort/LM_10_rep1/LM_10_rep1.picard.nsort.bam
    output: bam.dedup/LM_10_rep1/LM_10_rep1.dedup.bam
    jobid: 46
    wildcards: sample=LM_10_rep1
    threads: 4

java -jar -XX:ParallelGCThreads=4 -Xmx$((4*4))G     ../../scripts/utility/picard.jar MarkDuplicates     INPUT= bam.nsort/LM_10_rep1/LM_10_rep1.picard.nsort.bam OUTPUT= bam.dedup/LM_10_rep1/LM_10_rep1.dedup.bam VALIDATION_STRINGENCY=LENIENT     REMOVE_DUPLICATES=True ASSUME_SORT_ORDER=queryname     METRICS_FILE=bam.dedup/LM_10_rep1/LM_10_rep1.dedup.qc BARCODE_TAG=BX
Submitted job 46 with external jobid '15128100.tscc-mgr.local'.
[Fri Apr 19 09:17:19 2019]
Finished job 73.
26 of 94 steps (28%) done

[Fri Apr 19 09:17:19 2019]
rule dedup_bam:
    input: bam.nsort/LM_03_rep2/LM_03_rep2.picard.nsort.bam
    output: bam.dedup/LM_03_rep2/LM_03_rep2.dedup.bam
    jobid: 48
    wildcards: sample=LM_03_rep2
    threads: 4

java -jar -XX:ParallelGCThreads=4 -Xmx$((4*4))G     ../../scripts/utility/picard.jar MarkDuplicates     INPUT= bam.nsort/LM_03_rep2/LM_03_rep2.picard.nsort.bam OUTPUT= bam.dedup/LM_03_rep2/LM_03_rep2.dedup.bam VALIDATION_STRINGENCY=LENIENT     REMOVE_DUPLICATES=True ASSUME_SORT_ORDER=queryname     METRICS_FILE=bam.dedup/LM_03_rep2/LM_03_rep2.dedup.qc BARCODE_TAG=BX
Submitted job 48 with external jobid '15128103.tscc-mgr.local'.
[Fri Apr 19 09:18:07 2019]
Finished job 20.
27 of 94 steps (29%) done
[Fri Apr 19 09:18:08 2019]
Finished job 35.
28 of 94 steps (30%) done

[Fri Apr 19 09:18:09 2019]
rule filter_bam:
    input: bam.dedup/FC_18_rep1/FC_18_rep1.dedup.bam
    output: bam.filter/FC_18_rep1/FC_18_rep1.filter.bam
    jobid: 10
    wildcards: sample=FC_18_rep1

samtools view -h bam.dedup/FC_18_rep1/FC_18_rep1.dedup.bam |  awk -v OFS="	" ' function abs(v) {return v < 0 ? -v : v}
  { if ( /^@/) { print $0 } else if ( $7=="=" && abs($9)< 2000) {print $0} }'|  samtools view -bS > bam.filter/FC_18_rep1/FC_18_rep1.filter.bam 
[Fri Apr 19 09:18:09 2019]
Finished job 50.
29 of 94 steps (31%) done
Submitted job 10 with external jobid '15128104.tscc-mgr.local'.

[Fri Apr 19 09:18:09 2019]
rule filter_bam:
    input: bam.dedup/LM_18_rep2/LM_18_rep2.dedup.bam
    output: bam.filter/LM_18_rep2/LM_18_rep2.filter.bam
    jobid: 25
    wildcards: sample=LM_18_rep2

samtools view -h bam.dedup/LM_18_rep2/LM_18_rep2.dedup.bam |  awk -v OFS="	" ' function abs(v) {return v < 0 ? -v : v}
  { if ( /^@/) { print $0 } else if ( $7=="=" && abs($9)< 2000) {print $0} }'|  samtools view -bS > bam.filter/LM_18_rep2/LM_18_rep2.filter.bam 
Submitted job 25 with external jobid '15128105.tscc-mgr.local'.
[Fri Apr 19 09:18:56 2019]
Finished job 47.
30 of 94 steps (32%) done

[Fri Apr 19 09:18:56 2019]
rule filter_bam:
    input: bam.dedup/LM_18_rep1/LM_18_rep1.dedup.bam
    output: bam.filter/LM_18_rep1/LM_18_rep1.filter.bam
    jobid: 22
    wildcards: sample=LM_18_rep1

samtools view -h bam.dedup/LM_18_rep1/LM_18_rep1.dedup.bam |  awk -v OFS="	" ' function abs(v) {return v < 0 ? -v : v}
  { if ( /^@/) { print $0 } else if ( $7=="=" && abs($9)< 2000) {print $0} }'|  samtools view -bS > bam.filter/LM_18_rep1/LM_18_rep1.filter.bam 
[Fri Apr 19 09:18:56 2019]
Finished job 49.
31 of 94 steps (33%) done
[Fri Apr 19 09:18:56 2019]
Finished job 34.
32 of 94 steps (34%) done
Submitted job 22 with external jobid '15128107.tscc-mgr.local'.

[Fri Apr 19 09:18:56 2019]
rule filter_bam:
    input: bam.dedup/FC_10_rep1/FC_10_rep1.dedup.bam
    output: bam.filter/FC_10_rep1/FC_10_rep1.filter.bam
    jobid: 9
    wildcards: sample=FC_10_rep1

samtools view -h bam.dedup/FC_10_rep1/FC_10_rep1.dedup.bam |  awk -v OFS="	" ' function abs(v) {return v < 0 ? -v : v}
  { if ( /^@/) { print $0 } else if ( $7=="=" && abs($9)< 2000) {print $0} }'|  samtools view -bS > bam.filter/FC_10_rep1/FC_10_rep1.filter.bam 
Submitted job 9 with external jobid '15128108.tscc-mgr.local'.

[Fri Apr 19 09:18:56 2019]
rule filter_bam:
    input: bam.dedup/LM_10_rep2/LM_10_rep2.dedup.bam
    output: bam.filter/LM_10_rep2/LM_10_rep2.filter.bam
    jobid: 24
    wildcards: sample=LM_10_rep2

samtools view -h bam.dedup/LM_10_rep2/LM_10_rep2.dedup.bam |  awk -v OFS="	" ' function abs(v) {return v < 0 ? -v : v}
  { if ( /^@/) { print $0 } else if ( $7=="=" && abs($9)< 2000) {print $0} }'|  samtools view -bS > bam.filter/LM_10_rep2/LM_10_rep2.filter.bam 
Submitted job 24 with external jobid '15128109.tscc-mgr.local'.
[Fri Apr 19 09:18:57 2019]
Finished job 25.
33 of 94 steps (35%) done
[Fri Apr 19 09:19:09 2019]
Finished job 46.
34 of 94 steps (36%) done

[Fri Apr 19 09:19:09 2019]
rule filter_bam:
    input: bam.dedup/LM_10_rep1/LM_10_rep1.dedup.bam
    output: bam.filter/LM_10_rep1/LM_10_rep1.filter.bam
    jobid: 21
    wildcards: sample=LM_10_rep1

samtools view -h bam.dedup/LM_10_rep1/LM_10_rep1.dedup.bam |  awk -v OFS="	" ' function abs(v) {return v < 0 ? -v : v}
  { if ( /^@/) { print $0 } else if ( $7=="=" && abs($9)< 2000) {print $0} }'|  samtools view -bS > bam.filter/LM_10_rep1/LM_10_rep1.filter.bam 
Submitted job 21 with external jobid '15128111.tscc-mgr.local'.
[Fri Apr 19 09:19:30 2019]
Finished job 22.
35 of 94 steps (37%) done
[Fri Apr 19 09:20:03 2019]
Finished job 10.
36 of 94 steps (38%) done
[Fri Apr 19 09:20:47 2019]
Finished job 83.
37 of 94 steps (39%) done

[Fri Apr 19 09:20:47 2019]
rule sort_bam:
    input: bam.raw/FC_03_rep1/FC_03_rep1.raw.bam
    output: bam.nsort/FC_03_rep1/FC_03_rep1.picard.nsort.bam
    jobid: 58
    wildcards: sample=FC_03_rep1
    threads: 4

java -jar -Xmx$((4*4))G ../../scripts/utility/picard.jar SortSam         I=bam.raw/FC_03_rep1/FC_03_rep1.raw.bam         O=bam.nsort/FC_03_rep1/FC_03_rep1.picard.nsort.bam         SORT_ORDER=queryname 
[Fri Apr 19 09:20:48 2019]
Finished job 48.
38 of 94 steps (40%) done
Submitted job 58 with external jobid '15128112.tscc-mgr.local'.

[Fri Apr 19 09:20:53 2019]
rule filter_bam:
    input: bam.dedup/LM_03_rep2/LM_03_rep2.dedup.bam
    output: bam.filter/LM_03_rep2/LM_03_rep2.filter.bam
    jobid: 23
    wildcards: sample=LM_03_rep2

samtools view -h bam.dedup/LM_03_rep2/LM_03_rep2.dedup.bam |  awk -v OFS="	" ' function abs(v) {return v < 0 ? -v : v}
  { if ( /^@/) { print $0 } else if ( $7=="=" && abs($9)< 2000) {print $0} }'|  samtools view -bS > bam.filter/LM_03_rep2/LM_03_rep2.filter.bam 
Submitted job 23 with external jobid '15128113.tscc-mgr.local'.
[Fri Apr 19 09:21:31 2019]
Finished job 24.
39 of 94 steps (41%) done
[Fri Apr 19 09:21:32 2019]
Finished job 21.
40 of 94 steps (43%) done
[Fri Apr 19 09:21:32 2019]
Finished job 23.
41 of 94 steps (44%) done
[Fri Apr 19 09:23:10 2019]
Finished job 9.
42 of 94 steps (45%) done
[Fri Apr 19 09:27:13 2019]
Finished job 58.
43 of 94 steps (46%) done

[Fri Apr 19 09:27:13 2019]
rule dedup_bam:
    input: bam.nsort/FC_03_rep1/FC_03_rep1.picard.nsort.bam
    output: bam.dedup/FC_03_rep1/FC_03_rep1.dedup.bam
    jobid: 33
    wildcards: sample=FC_03_rep1
    threads: 4

java -jar -XX:ParallelGCThreads=4 -Xmx$((4*4))G     ../../scripts/utility/picard.jar MarkDuplicates     INPUT= bam.nsort/FC_03_rep1/FC_03_rep1.picard.nsort.bam OUTPUT= bam.dedup/FC_03_rep1/FC_03_rep1.dedup.bam VALIDATION_STRINGENCY=LENIENT     REMOVE_DUPLICATES=True ASSUME_SORT_ORDER=queryname     METRICS_FILE=bam.dedup/FC_03_rep1/FC_03_rep1.dedup.qc BARCODE_TAG=BX
Submitted job 33 with external jobid '15128125.tscc-mgr.local'.
[Fri Apr 19 09:34:23 2019]
Finished job 33.
44 of 94 steps (47%) done

[Fri Apr 19 09:34:23 2019]
rule filter_bam:
    input: bam.dedup/FC_03_rep1/FC_03_rep1.dedup.bam
    output: bam.filter/FC_03_rep1/FC_03_rep1.filter.bam
    jobid: 8
    wildcards: sample=FC_03_rep1

samtools view -h bam.dedup/FC_03_rep1/FC_03_rep1.dedup.bam |  awk -v OFS="	" ' function abs(v) {return v < 0 ? -v : v}
  { if ( /^@/) { print $0 } else if ( $7=="=" && abs($9)< 2000) {print $0} }'|  samtools view -bS > bam.filter/FC_03_rep1/FC_03_rep1.filter.bam 
Submitted job 8 with external jobid '15128154.tscc-mgr.local'.
[Fri Apr 19 09:39:20 2019]
Finished job 8.
45 of 94 steps (48%) done
[Fri Apr 19 10:14:01 2019]
Finished job 86.
46 of 94 steps (49%) done

[Fri Apr 19 10:14:01 2019]
rule sort_bam:
    input: bam.raw/FC_03_rep2/FC_03_rep2.raw.bam
    output: bam.nsort/FC_03_rep2/FC_03_rep2.picard.nsort.bam
    jobid: 61
    wildcards: sample=FC_03_rep2
    threads: 4

java -jar -Xmx$((4*4))G ../../scripts/utility/picard.jar SortSam         I=bam.raw/FC_03_rep2/FC_03_rep2.raw.bam         O=bam.nsort/FC_03_rep2/FC_03_rep2.picard.nsort.bam         SORT_ORDER=queryname 
Submitted job 61 with external jobid '15128235.tscc-mgr.local'.
[Fri Apr 19 10:22:27 2019]
Finished job 88.
47 of 94 steps (50%) done

[Fri Apr 19 10:22:27 2019]
rule sort_bam:
    input: bam.raw/FC_18_rep2/FC_18_rep2.raw.bam
    output: bam.nsort/FC_18_rep2/FC_18_rep2.picard.nsort.bam
    jobid: 63
    wildcards: sample=FC_18_rep2
    threads: 4

java -jar -Xmx$((4*4))G ../../scripts/utility/picard.jar SortSam         I=bam.raw/FC_18_rep2/FC_18_rep2.raw.bam         O=bam.nsort/FC_18_rep2/FC_18_rep2.picard.nsort.bam         SORT_ORDER=queryname 
Submitted job 63 with external jobid '15128316.tscc-mgr.local'.
[Fri Apr 19 10:26:51 2019]
Finished job 89.
48 of 94 steps (51%) done

[Fri Apr 19 10:26:51 2019]
rule sort_bam:
    input: bam.raw/HT_03_rep1/HT_03_rep1.raw.bam
    output: bam.nsort/HT_03_rep1/HT_03_rep1.picard.nsort.bam
    jobid: 64
    wildcards: sample=HT_03_rep1
    threads: 4

java -jar -Xmx$((4*4))G ../../scripts/utility/picard.jar SortSam         I=bam.raw/HT_03_rep1/HT_03_rep1.raw.bam         O=bam.nsort/HT_03_rep1/HT_03_rep1.picard.nsort.bam         SORT_ORDER=queryname 
Submitted job 64 with external jobid '15128434.tscc-mgr.local'.
[Fri Apr 19 10:28:31 2019]
Finished job 82.
49 of 94 steps (52%) done

[Fri Apr 19 10:28:31 2019]
rule sort_bam:
    input: bam.raw/DH_18_rep2/DH_18_rep2.raw.bam
    output: bam.nsort/DH_18_rep2/DH_18_rep2.picard.nsort.bam
    jobid: 57
    wildcards: sample=DH_18_rep2
    threads: 4

java -jar -Xmx$((4*4))G ../../scripts/utility/picard.jar SortSam         I=bam.raw/DH_18_rep2/DH_18_rep2.raw.bam         O=bam.nsort/DH_18_rep2/DH_18_rep2.picard.nsort.bam         SORT_ORDER=queryname 
Submitted job 57 with external jobid '15128437.tscc-mgr.local'.
[Fri Apr 19 10:35:42 2019]
Finished job 80.
50 of 94 steps (53%) done

[Fri Apr 19 10:35:42 2019]
rule sort_bam:
    input: bam.raw/DH_03_rep2/DH_03_rep2.raw.bam
    output: bam.nsort/DH_03_rep2/DH_03_rep2.picard.nsort.bam
    jobid: 55
    wildcards: sample=DH_03_rep2
    threads: 4

java -jar -Xmx$((4*4))G ../../scripts/utility/picard.jar SortSam         I=bam.raw/DH_03_rep2/DH_03_rep2.raw.bam         O=bam.nsort/DH_03_rep2/DH_03_rep2.picard.nsort.bam         SORT_ORDER=queryname 
[Fri Apr 19 10:35:42 2019]
Finished job 94.
51 of 94 steps (54%) done
Submitted job 55 with external jobid '15128522.tscc-mgr.local'.

[Fri Apr 19 10:35:43 2019]
rule sort_bam:
    input: bam.raw/HT_10_rep2/HT_10_rep2.raw.bam
    output: bam.nsort/HT_10_rep2/HT_10_rep2.picard.nsort.bam
    jobid: 69
    wildcards: sample=HT_10_rep2
    threads: 4

java -jar -Xmx$((4*4))G ../../scripts/utility/picard.jar SortSam         I=bam.raw/HT_10_rep2/HT_10_rep2.raw.bam         O=bam.nsort/HT_10_rep2/HT_10_rep2.picard.nsort.bam         SORT_ORDER=queryname 
Submitted job 69 with external jobid '15128523.tscc-mgr.local'.
[Fri Apr 19 10:49:31 2019]
Finished job 93.
52 of 94 steps (55%) done

[Fri Apr 19 10:49:31 2019]
rule sort_bam:
    input: bam.raw/HT_03_rep2/HT_03_rep2.raw.bam
    output: bam.nsort/HT_03_rep2/HT_03_rep2.picard.nsort.bam
    jobid: 68
    wildcards: sample=HT_03_rep2
    threads: 4

java -jar -Xmx$((4*4))G ../../scripts/utility/picard.jar SortSam         I=bam.raw/HT_03_rep2/HT_03_rep2.raw.bam         O=bam.nsort/HT_03_rep2/HT_03_rep2.picard.nsort.bam         SORT_ORDER=queryname 
Submitted job 68 with external jobid '15128554.tscc-mgr.local'.
[Fri Apr 19 11:01:16 2019]
Finished job 61.
53 of 94 steps (56%) done

[Fri Apr 19 11:01:16 2019]
rule dedup_bam:
    input: bam.nsort/FC_03_rep2/FC_03_rep2.picard.nsort.bam
    output: bam.dedup/FC_03_rep2/FC_03_rep2.dedup.bam
    jobid: 36
    wildcards: sample=FC_03_rep2
    threads: 4

java -jar -XX:ParallelGCThreads=4 -Xmx$((4*4))G     ../../scripts/utility/picard.jar MarkDuplicates     INPUT= bam.nsort/FC_03_rep2/FC_03_rep2.picard.nsort.bam OUTPUT= bam.dedup/FC_03_rep2/FC_03_rep2.dedup.bam VALIDATION_STRINGENCY=LENIENT     REMOVE_DUPLICATES=True ASSUME_SORT_ORDER=queryname     METRICS_FILE=bam.dedup/FC_03_rep2/FC_03_rep2.dedup.qc BARCODE_TAG=BX
Submitted job 36 with external jobid '15128659.tscc-mgr.local'.
[Fri Apr 19 11:02:00 2019]
Finished job 81.
54 of 94 steps (57%) done

[Fri Apr 19 11:02:00 2019]
rule sort_bam:
    input: bam.raw/DH_10_rep2/DH_10_rep2.raw.bam
    output: bam.nsort/DH_10_rep2/DH_10_rep2.picard.nsort.bam
    jobid: 56
    wildcards: sample=DH_10_rep2
    threads: 4

java -jar -Xmx$((4*4))G ../../scripts/utility/picard.jar SortSam         I=bam.raw/DH_10_rep2/DH_10_rep2.raw.bam         O=bam.nsort/DH_10_rep2/DH_10_rep2.picard.nsort.bam         SORT_ORDER=queryname 
Submitted job 56 with external jobid '15128666.tscc-mgr.local'.
[Fri Apr 19 11:07:09 2019]
Finished job 87.
55 of 94 steps (59%) done

[Fri Apr 19 11:07:09 2019]
rule sort_bam:
    input: bam.raw/FC_10_rep2/FC_10_rep2.raw.bam
    output: bam.nsort/FC_10_rep2/FC_10_rep2.picard.nsort.bam
    jobid: 62
    wildcards: sample=FC_10_rep2
    threads: 4

java -jar -Xmx$((4*4))G ../../scripts/utility/picard.jar SortSam         I=bam.raw/FC_10_rep2/FC_10_rep2.raw.bam         O=bam.nsort/FC_10_rep2/FC_10_rep2.picard.nsort.bam         SORT_ORDER=queryname 
Submitted job 62 with external jobid '15128674.tscc-mgr.local'.
[Fri Apr 19 11:11:33 2019]
Finished job 64.
56 of 94 steps (60%) done

[Fri Apr 19 11:11:33 2019]
rule dedup_bam:
    input: bam.nsort/HT_03_rep1/HT_03_rep1.picard.nsort.bam
    output: bam.dedup/HT_03_rep1/HT_03_rep1.dedup.bam
    jobid: 39
    wildcards: sample=HT_03_rep1
    threads: 4

java -jar -XX:ParallelGCThreads=4 -Xmx$((4*4))G     ../../scripts/utility/picard.jar MarkDuplicates     INPUT= bam.nsort/HT_03_rep1/HT_03_rep1.picard.nsort.bam OUTPUT= bam.dedup/HT_03_rep1/HT_03_rep1.dedup.bam VALIDATION_STRINGENCY=LENIENT     REMOVE_DUPLICATES=True ASSUME_SORT_ORDER=queryname     METRICS_FILE=bam.dedup/HT_03_rep1/HT_03_rep1.dedup.qc BARCODE_TAG=BX
Submitted job 39 with external jobid '15128680.tscc-mgr.local'.
[Fri Apr 19 11:14:08 2019]
Finished job 63.
57 of 94 steps (61%) done

[Fri Apr 19 11:14:08 2019]
rule dedup_bam:
    input: bam.nsort/FC_18_rep2/FC_18_rep2.picard.nsort.bam
    output: bam.dedup/FC_18_rep2/FC_18_rep2.dedup.bam
    jobid: 38
    wildcards: sample=FC_18_rep2
    threads: 4

java -jar -XX:ParallelGCThreads=4 -Xmx$((4*4))G     ../../scripts/utility/picard.jar MarkDuplicates     INPUT= bam.nsort/FC_18_rep2/FC_18_rep2.picard.nsort.bam OUTPUT= bam.dedup/FC_18_rep2/FC_18_rep2.dedup.bam VALIDATION_STRINGENCY=LENIENT     REMOVE_DUPLICATES=True ASSUME_SORT_ORDER=queryname     METRICS_FILE=bam.dedup/FC_18_rep2/FC_18_rep2.dedup.qc BARCODE_TAG=BX
Submitted job 38 with external jobid '15128688.tscc-mgr.local'.
[Fri Apr 19 11:22:56 2019]
Finished job 57.
58 of 94 steps (62%) done

[Fri Apr 19 11:22:56 2019]
rule dedup_bam:
    input: bam.nsort/DH_18_rep2/DH_18_rep2.picard.nsort.bam
    output: bam.dedup/DH_18_rep2/DH_18_rep2.dedup.bam
    jobid: 32
    wildcards: sample=DH_18_rep2
    threads: 4

java -jar -XX:ParallelGCThreads=4 -Xmx$((4*4))G     ../../scripts/utility/picard.jar MarkDuplicates     INPUT= bam.nsort/DH_18_rep2/DH_18_rep2.picard.nsort.bam OUTPUT= bam.dedup/DH_18_rep2/DH_18_rep2.dedup.bam VALIDATION_STRINGENCY=LENIENT     REMOVE_DUPLICATES=True ASSUME_SORT_ORDER=queryname     METRICS_FILE=bam.dedup/DH_18_rep2/DH_18_rep2.dedup.qc BARCODE_TAG=BX
Submitted job 32 with external jobid '15128820.tscc-mgr.local'.
[Fri Apr 19 11:29:00 2019]
Finished job 55.
59 of 94 steps (63%) done

[Fri Apr 19 11:29:00 2019]
rule dedup_bam:
    input: bam.nsort/DH_03_rep2/DH_03_rep2.picard.nsort.bam
    output: bam.dedup/DH_03_rep2/DH_03_rep2.dedup.bam
    jobid: 30
    wildcards: sample=DH_03_rep2
    threads: 4

java -jar -XX:ParallelGCThreads=4 -Xmx$((4*4))G     ../../scripts/utility/picard.jar MarkDuplicates     INPUT= bam.nsort/DH_03_rep2/DH_03_rep2.picard.nsort.bam OUTPUT= bam.dedup/DH_03_rep2/DH_03_rep2.dedup.bam VALIDATION_STRINGENCY=LENIENT     REMOVE_DUPLICATES=True ASSUME_SORT_ORDER=queryname     METRICS_FILE=bam.dedup/DH_03_rep2/DH_03_rep2.dedup.qc BARCODE_TAG=BX
Submitted job 30 with external jobid '15128890.tscc-mgr.local'.
[Fri Apr 19 11:30:28 2019]
Finished job 91.
60 of 94 steps (64%) done

[Fri Apr 19 11:30:28 2019]
rule sort_bam:
    input: bam.raw/HT_18_rep1/HT_18_rep1.raw.bam
    output: bam.nsort/HT_18_rep1/HT_18_rep1.picard.nsort.bam
    jobid: 66
    wildcards: sample=HT_18_rep1
    threads: 4

java -jar -Xmx$((4*4))G ../../scripts/utility/picard.jar SortSam         I=bam.raw/HT_18_rep1/HT_18_rep1.raw.bam         O=bam.nsort/HT_18_rep1/HT_18_rep1.picard.nsort.bam         SORT_ORDER=queryname 
Submitted job 66 with external jobid '15128896.tscc-mgr.local'.
[Fri Apr 19 11:32:08 2019]
Error in rule dedup_bam:
    jobid: 30
    output: bam.dedup/DH_03_rep2/DH_03_rep2.dedup.bam
    cluster_jobid: 15128890.tscc-mgr.local

Job failed, going on with independent jobs.
[Fri Apr 19 11:33:24 2019]
Finished job 69.
61 of 94 steps (65%) done

[Fri Apr 19 11:33:24 2019]
rule dedup_bam:
    input: bam.nsort/HT_10_rep2/HT_10_rep2.picard.nsort.bam
    output: bam.dedup/HT_10_rep2/HT_10_rep2.dedup.bam
    jobid: 44
    wildcards: sample=HT_10_rep2
    threads: 4

java -jar -XX:ParallelGCThreads=4 -Xmx$((4*4))G     ../../scripts/utility/picard.jar MarkDuplicates     INPUT= bam.nsort/HT_10_rep2/HT_10_rep2.picard.nsort.bam OUTPUT= bam.dedup/HT_10_rep2/HT_10_rep2.dedup.bam VALIDATION_STRINGENCY=LENIENT     REMOVE_DUPLICATES=True ASSUME_SORT_ORDER=queryname     METRICS_FILE=bam.dedup/HT_10_rep2/HT_10_rep2.dedup.qc BARCODE_TAG=BX
Submitted job 44 with external jobid '15128969.tscc-mgr.local'.
[Fri Apr 19 11:37:15 2019]
Error in rule sort_bam:
    jobid: 66
    output: bam.nsort/HT_18_rep1/HT_18_rep1.picard.nsort.bam
    cluster_jobid: 15128896.tscc-mgr.local

Job failed, going on with independent jobs.
[Fri Apr 19 11:52:51 2019]
Finished job 92.
62 of 94 steps (66%) done

[Fri Apr 19 11:52:51 2019]
rule sort_bam:
    input: bam.raw/HT_18_rep2/HT_18_rep2.raw.bam
    output: bam.nsort/HT_18_rep2/HT_18_rep2.picard.nsort.bam
    jobid: 67
    wildcards: sample=HT_18_rep2
    threads: 4

java -jar -Xmx$((4*4))G ../../scripts/utility/picard.jar SortSam         I=bam.raw/HT_18_rep2/HT_18_rep2.raw.bam         O=bam.nsort/HT_18_rep2/HT_18_rep2.picard.nsort.bam         SORT_ORDER=queryname 
Submitted job 67 with external jobid '15129019.tscc-mgr.local'.
[Fri Apr 19 11:54:31 2019]
Finished job 90.
63 of 94 steps (67%) done

[Fri Apr 19 11:54:31 2019]
rule sort_bam:
    input: bam.raw/HT_10_rep1/HT_10_rep1.raw.bam
    output: bam.nsort/HT_10_rep1/HT_10_rep1.picard.nsort.bam
    jobid: 65
    wildcards: sample=HT_10_rep1
    threads: 4

java -jar -Xmx$((4*4))G ../../scripts/utility/picard.jar SortSam         I=bam.raw/HT_10_rep1/HT_10_rep1.raw.bam         O=bam.nsort/HT_10_rep1/HT_10_rep1.picard.nsort.bam         SORT_ORDER=queryname 
[Fri Apr 19 11:54:31 2019]
Finished job 39.
64 of 94 steps (68%) done
Submitted job 65 with external jobid '15129174.tscc-mgr.local'.

[Fri Apr 19 11:54:37 2019]
rule filter_bam:
    input: bam.dedup/HT_03_rep1/HT_03_rep1.dedup.bam
    output: bam.filter/HT_03_rep1/HT_03_rep1.filter.bam
    jobid: 14
    wildcards: sample=HT_03_rep1

samtools view -h bam.dedup/HT_03_rep1/HT_03_rep1.dedup.bam |  awk -v OFS="	" ' function abs(v) {return v < 0 ? -v : v}
  { if ( /^@/) { print $0 } else if ( $7=="=" && abs($9)< 2000) {print $0} }'|  samtools view -bS > bam.filter/HT_03_rep1/HT_03_rep1.filter.bam 
Submitted job 14 with external jobid '15129207.tscc-mgr.local'.
[Fri Apr 19 11:55:15 2019]
Finished job 68.
65 of 94 steps (69%) done

[Fri Apr 19 11:55:15 2019]
rule dedup_bam:
    input: bam.nsort/HT_03_rep2/HT_03_rep2.picard.nsort.bam
    output: bam.dedup/HT_03_rep2/HT_03_rep2.dedup.bam
    jobid: 43
    wildcards: sample=HT_03_rep2
    threads: 4

java -jar -XX:ParallelGCThreads=4 -Xmx$((4*4))G     ../../scripts/utility/picard.jar MarkDuplicates     INPUT= bam.nsort/HT_03_rep2/HT_03_rep2.picard.nsort.bam OUTPUT= bam.dedup/HT_03_rep2/HT_03_rep2.dedup.bam VALIDATION_STRINGENCY=LENIENT     REMOVE_DUPLICATES=True ASSUME_SORT_ORDER=queryname     METRICS_FILE=bam.dedup/HT_03_rep2/HT_03_rep2.dedup.qc BARCODE_TAG=BX
Submitted job 43 with external jobid '15129333.tscc-mgr.local'.
[Fri Apr 19 11:56:54 2019]
Finished job 36.
66 of 94 steps (70%) done

[Fri Apr 19 11:56:54 2019]
rule filter_bam:
    input: bam.dedup/FC_03_rep2/FC_03_rep2.dedup.bam
    output: bam.filter/FC_03_rep2/FC_03_rep2.filter.bam
    jobid: 11
    wildcards: sample=FC_03_rep2

samtools view -h bam.dedup/FC_03_rep2/FC_03_rep2.dedup.bam |  awk -v OFS="	" ' function abs(v) {return v < 0 ? -v : v}
  { if ( /^@/) { print $0 } else if ( $7=="=" && abs($9)< 2000) {print $0} }'|  samtools view -bS > bam.filter/FC_03_rep2/FC_03_rep2.filter.bam 
Submitted job 11 with external jobid '15129574.tscc-mgr.local'.
[Fri Apr 19 12:06:05 2019]
Finished job 14.
67 of 94 steps (71%) done
[Fri Apr 19 12:12:06 2019]
Finished job 38.
68 of 94 steps (72%) done

[Fri Apr 19 12:12:06 2019]
rule filter_bam:
    input: bam.dedup/FC_18_rep2/FC_18_rep2.dedup.bam
    output: bam.filter/FC_18_rep2/FC_18_rep2.filter.bam
    jobid: 13
    wildcards: sample=FC_18_rep2

samtools view -h bam.dedup/FC_18_rep2/FC_18_rep2.dedup.bam |  awk -v OFS="	" ' function abs(v) {return v < 0 ? -v : v}
  { if ( /^@/) { print $0 } else if ( $7=="=" && abs($9)< 2000) {print $0} }'|  samtools view -bS > bam.filter/FC_18_rep2/FC_18_rep2.filter.bam 
Submitted job 13 with external jobid '15130735.tscc-mgr.local'.
[Fri Apr 19 12:15:17 2019]
Finished job 56.
69 of 94 steps (73%) done

[Fri Apr 19 12:15:17 2019]
rule dedup_bam:
    input: bam.nsort/DH_10_rep2/DH_10_rep2.picard.nsort.bam
    output: bam.dedup/DH_10_rep2/DH_10_rep2.dedup.bam
    jobid: 31
    wildcards: sample=DH_10_rep2
    threads: 4

java -jar -XX:ParallelGCThreads=4 -Xmx$((4*4))G     ../../scripts/utility/picard.jar MarkDuplicates     INPUT= bam.nsort/DH_10_rep2/DH_10_rep2.picard.nsort.bam OUTPUT= bam.dedup/DH_10_rep2/DH_10_rep2.dedup.bam VALIDATION_STRINGENCY=LENIENT     REMOVE_DUPLICATES=True ASSUME_SORT_ORDER=queryname     METRICS_FILE=bam.dedup/DH_10_rep2/DH_10_rep2.dedup.qc BARCODE_TAG=BX
Submitted job 31 with external jobid '15130823.tscc-mgr.local'.
[Fri Apr 19 12:20:17 2019]
Finished job 62.
70 of 94 steps (74%) done

[Fri Apr 19 12:20:17 2019]
rule dedup_bam:
    input: bam.nsort/FC_10_rep2/FC_10_rep2.picard.nsort.bam
    output: bam.dedup/FC_10_rep2/FC_10_rep2.dedup.bam
    jobid: 37
    wildcards: sample=FC_10_rep2
    threads: 4

java -jar -XX:ParallelGCThreads=4 -Xmx$((4*4))G     ../../scripts/utility/picard.jar MarkDuplicates     INPUT= bam.nsort/FC_10_rep2/FC_10_rep2.picard.nsort.bam OUTPUT= bam.dedup/FC_10_rep2/FC_10_rep2.dedup.bam VALIDATION_STRINGENCY=LENIENT     REMOVE_DUPLICATES=True ASSUME_SORT_ORDER=queryname     METRICS_FILE=bam.dedup/FC_10_rep2/FC_10_rep2.dedup.qc BARCODE_TAG=BX
Submitted job 37 with external jobid '15130955.tscc-mgr.local'.
[Fri Apr 19 12:22:38 2019]
Finished job 32.
71 of 94 steps (76%) done

[Fri Apr 19 12:22:38 2019]
rule filter_bam:
    input: bam.dedup/DH_18_rep2/DH_18_rep2.dedup.bam
    output: bam.filter/DH_18_rep2/DH_18_rep2.filter.bam
    jobid: 7
    wildcards: sample=DH_18_rep2

samtools view -h bam.dedup/DH_18_rep2/DH_18_rep2.dedup.bam |  awk -v OFS="	" ' function abs(v) {return v < 0 ? -v : v}
  { if ( /^@/) { print $0 } else if ( $7=="=" && abs($9)< 2000) {print $0} }'|  samtools view -bS > bam.filter/DH_18_rep2/DH_18_rep2.filter.bam 
[Fri Apr 19 12:22:38 2019]
Finished job 11.
72 of 94 steps (77%) done
Submitted job 7 with external jobid '15131024.tscc-mgr.local'.
[Fri Apr 19 12:39:49 2019]
Finished job 13.
73 of 94 steps (78%) done
[Fri Apr 19 12:46:39 2019]
Finished job 7.
74 of 94 steps (79%) done
[Fri Apr 19 13:27:13 2019]
Finished job 65.
75 of 94 steps (80%) done

[Fri Apr 19 13:27:13 2019]
rule dedup_bam:
    input: bam.nsort/HT_10_rep1/HT_10_rep1.picard.nsort.bam
    output: bam.dedup/HT_10_rep1/HT_10_rep1.dedup.bam
    jobid: 40
    wildcards: sample=HT_10_rep1
    threads: 4

java -jar -XX:ParallelGCThreads=4 -Xmx$((4*4))G     ../../scripts/utility/picard.jar MarkDuplicates     INPUT= bam.nsort/HT_10_rep1/HT_10_rep1.picard.nsort.bam OUTPUT= bam.dedup/HT_10_rep1/HT_10_rep1.dedup.bam VALIDATION_STRINGENCY=LENIENT     REMOVE_DUPLICATES=True ASSUME_SORT_ORDER=queryname     METRICS_FILE=bam.dedup/HT_10_rep1/HT_10_rep1.dedup.qc BARCODE_TAG=BX
Submitted job 40 with external jobid '15133139.tscc-mgr.local'.
[Fri Apr 19 13:36:44 2019]
Finished job 31.
76 of 94 steps (81%) done

[Fri Apr 19 13:36:44 2019]
rule filter_bam:
    input: bam.dedup/DH_10_rep2/DH_10_rep2.dedup.bam
    output: bam.filter/DH_10_rep2/DH_10_rep2.filter.bam
    jobid: 6
    wildcards: sample=DH_10_rep2

samtools view -h bam.dedup/DH_10_rep2/DH_10_rep2.dedup.bam |  awk -v OFS="	" ' function abs(v) {return v < 0 ? -v : v}
  { if ( /^@/) { print $0 } else if ( $7=="=" && abs($9)< 2000) {print $0} }'|  samtools view -bS > bam.filter/DH_10_rep2/DH_10_rep2.filter.bam 
Submitted job 6 with external jobid '15133275.tscc-mgr.local'.
[Fri Apr 19 13:51:56 2019]
Finished job 67.
77 of 94 steps (82%) done

[Fri Apr 19 13:51:56 2019]
rule dedup_bam:
    input: bam.nsort/HT_18_rep2/HT_18_rep2.picard.nsort.bam
    output: bam.dedup/HT_18_rep2/HT_18_rep2.dedup.bam
    jobid: 42
    wildcards: sample=HT_18_rep2
    threads: 4

java -jar -XX:ParallelGCThreads=4 -Xmx$((4*4))G     ../../scripts/utility/picard.jar MarkDuplicates     INPUT= bam.nsort/HT_18_rep2/HT_18_rep2.picard.nsort.bam OUTPUT= bam.dedup/HT_18_rep2/HT_18_rep2.dedup.bam VALIDATION_STRINGENCY=LENIENT     REMOVE_DUPLICATES=True ASSUME_SORT_ORDER=queryname     METRICS_FILE=bam.dedup/HT_18_rep2/HT_18_rep2.dedup.qc BARCODE_TAG=BX
Submitted job 42 with external jobid '15133517.tscc-mgr.local'.
[Fri Apr 19 13:55:26 2019]
Finished job 37.
78 of 94 steps (83%) done

[Fri Apr 19 13:55:26 2019]
rule filter_bam:
    input: bam.dedup/FC_10_rep2/FC_10_rep2.dedup.bam
    output: bam.filter/FC_10_rep2/FC_10_rep2.filter.bam
    jobid: 12
    wildcards: sample=FC_10_rep2

samtools view -h bam.dedup/FC_10_rep2/FC_10_rep2.dedup.bam |  awk -v OFS="	" ' function abs(v) {return v < 0 ? -v : v}
  { if ( /^@/) { print $0 } else if ( $7=="=" && abs($9)< 2000) {print $0} }'|  samtools view -bS > bam.filter/FC_10_rep2/FC_10_rep2.filter.bam 
Submitted job 12 with external jobid '15133589.tscc-mgr.local'.
[Fri Apr 19 14:10:17 2019]
Finished job 6.
79 of 94 steps (84%) done
[Fri Apr 19 14:35:29 2019]
Finished job 12.
80 of 94 steps (85%) done
[Fri Apr 19 14:55:01 2019]
Finished job 40.
81 of 94 steps (86%) done

[Fri Apr 19 14:55:01 2019]
rule filter_bam:
    input: bam.dedup/HT_10_rep1/HT_10_rep1.dedup.bam
    output: bam.filter/HT_10_rep1/HT_10_rep1.filter.bam
    jobid: 15
    wildcards: sample=HT_10_rep1

samtools view -h bam.dedup/HT_10_rep1/HT_10_rep1.dedup.bam |  awk -v OFS="	" ' function abs(v) {return v < 0 ? -v : v}
  { if ( /^@/) { print $0 } else if ( $7=="=" && abs($9)< 2000) {print $0} }'|  samtools view -bS > bam.filter/HT_10_rep1/HT_10_rep1.filter.bam 
Submitted job 15 with external jobid '15134958.tscc-mgr.local'.
[Fri Apr 19 15:16:32 2019]
Finished job 15.
82 of 94 steps (87%) done
Terminating processes on user request, this might take some time.
Will exit after finishing currently running jobs.
Complete log: /projects/ps-renlab/yanxiao/projects/mouse_aging/scripts/pre_processing/.snakemake/log/2019-04-19T090122.952547.snakemake.log
