Building DAG of jobs...
Using shell: /bin/bash
Provided cluster nodes: 1000
Job counts:
	count	jobs
	24	align_bowtie2
	1	require_raw_bam
	25

[Thu Apr 25 12:50:19 2019]
rule align_bowtie2:
    input: fastq.demultiplex/HT_03_rep1/HT_03_rep1.R1.fastq.gz, fastq.demultiplex/HT_03_rep1/HT_03_rep1.R2.fastq.gz
    output: bam.raw/HT_03_rep1/HT_03_rep1.raw.bam
    jobid: 13
    wildcards: sample=HT_03_rep1
    threads: 8

bowtie2 -x /projects/ps-renlab/share/bowtie2_indexes/mm10     -1 fastq.demultiplex/HT_03_rep1/HT_03_rep1.R1.fastq.gz -2 fastq.demultiplex/HT_03_rep1/HT_03_rep1.R2.fastq.gz -p 8 | awk '{ if ($1 ~ "@") 
    {print $0} else {print $0"	BX:Z:" substr($1,1,22) } }'  |     samtools view -bS > bam.raw/HT_03_rep1/HT_03_rep1.raw.bam 
Submitted job 13 with external jobid '15173054.tscc-mgr.local'.

[Thu Apr 25 12:50:26 2019]
rule align_bowtie2:
    input: fastq.demultiplex/HT_18_rep2/HT_18_rep2.R1.fastq.gz, fastq.demultiplex/HT_18_rep2/HT_18_rep2.R2.fastq.gz
    output: bam.raw/HT_18_rep2/HT_18_rep2.raw.bam
    jobid: 16
    wildcards: sample=HT_18_rep2
    threads: 8

bowtie2 -x /projects/ps-renlab/share/bowtie2_indexes/mm10     -1 fastq.demultiplex/HT_18_rep2/HT_18_rep2.R1.fastq.gz -2 fastq.demultiplex/HT_18_rep2/HT_18_rep2.R2.fastq.gz -p 8 | awk '{ if ($1 ~ "@") 
    {print $0} else {print $0"	BX:Z:" substr($1,1,22) } }'  |     samtools view -bS > bam.raw/HT_18_rep2/HT_18_rep2.raw.bam 
Submitted job 16 with external jobid '15173056.tscc-mgr.local'.

[Thu Apr 25 12:50:26 2019]
rule align_bowtie2:
    input: fastq.demultiplex/DH_10_rep1/DH_10_rep1.R1.fastq.gz, fastq.demultiplex/DH_10_rep1/DH_10_rep1.R2.fastq.gz
    output: bam.raw/DH_10_rep1/DH_10_rep1.raw.bam
    jobid: 2
    wildcards: sample=DH_10_rep1
    threads: 8

bowtie2 -x /projects/ps-renlab/share/bowtie2_indexes/mm10     -1 fastq.demultiplex/DH_10_rep1/DH_10_rep1.R1.fastq.gz -2 fastq.demultiplex/DH_10_rep1/DH_10_rep1.R2.fastq.gz -p 8 | awk '{ if ($1 ~ "@") 
    {print $0} else {print $0"	BX:Z:" substr($1,1,22) } }'  |     samtools view -bS > bam.raw/DH_10_rep1/DH_10_rep1.raw.bam 
Submitted job 2 with external jobid '15173057.tscc-mgr.local'.

[Thu Apr 25 12:50:26 2019]
rule align_bowtie2:
    input: fastq.demultiplex/HT_10_rep1/HT_10_rep1.R1.fastq.gz, fastq.demultiplex/HT_10_rep1/HT_10_rep1.R2.fastq.gz
    output: bam.raw/HT_10_rep1/HT_10_rep1.raw.bam
    jobid: 14
    wildcards: sample=HT_10_rep1
    threads: 8

bowtie2 -x /projects/ps-renlab/share/bowtie2_indexes/mm10     -1 fastq.demultiplex/HT_10_rep1/HT_10_rep1.R1.fastq.gz -2 fastq.demultiplex/HT_10_rep1/HT_10_rep1.R2.fastq.gz -p 8 | awk '{ if ($1 ~ "@") 
    {print $0} else {print $0"	BX:Z:" substr($1,1,22) } }'  |     samtools view -bS > bam.raw/HT_10_rep1/HT_10_rep1.raw.bam 
Submitted job 14 with external jobid '15173058.tscc-mgr.local'.

[Thu Apr 25 12:50:26 2019]
rule align_bowtie2:
    input: fastq.demultiplex/FC_10_rep2/FC_10_rep2.R1.fastq.gz, fastq.demultiplex/FC_10_rep2/FC_10_rep2.R2.fastq.gz
    output: bam.raw/FC_10_rep2/FC_10_rep2.raw.bam
    jobid: 11
    wildcards: sample=FC_10_rep2
    threads: 8

bowtie2 -x /projects/ps-renlab/share/bowtie2_indexes/mm10     -1 fastq.demultiplex/FC_10_rep2/FC_10_rep2.R1.fastq.gz -2 fastq.demultiplex/FC_10_rep2/FC_10_rep2.R2.fastq.gz -p 8 | awk '{ if ($1 ~ "@") 
    {print $0} else {print $0"	BX:Z:" substr($1,1,22) } }'  |     samtools view -bS > bam.raw/FC_10_rep2/FC_10_rep2.raw.bam 
Submitted job 11 with external jobid '15173059.tscc-mgr.local'.

[Thu Apr 25 12:50:26 2019]
rule align_bowtie2:
    input: fastq.demultiplex/LM_10_rep2/LM_10_rep2.R1.fastq.gz, fastq.demultiplex/LM_10_rep2/LM_10_rep2.R2.fastq.gz
    output: bam.raw/LM_10_rep2/LM_10_rep2.raw.bam
    jobid: 23
    wildcards: sample=LM_10_rep2
    threads: 8

bowtie2 -x /projects/ps-renlab/share/bowtie2_indexes/mm10     -1 fastq.demultiplex/LM_10_rep2/LM_10_rep2.R1.fastq.gz -2 fastq.demultiplex/LM_10_rep2/LM_10_rep2.R2.fastq.gz -p 8 | awk '{ if ($1 ~ "@") 
    {print $0} else {print $0"	BX:Z:" substr($1,1,22) } }'  |     samtools view -bS > bam.raw/LM_10_rep2/LM_10_rep2.raw.bam 
Submitted job 23 with external jobid '15173060.tscc-mgr.local'.

[Thu Apr 25 12:50:27 2019]
rule align_bowtie2:
    input: fastq.demultiplex/HT_10_rep2/HT_10_rep2.R1.fastq.gz, fastq.demultiplex/HT_10_rep2/HT_10_rep2.R2.fastq.gz
    output: bam.raw/HT_10_rep2/HT_10_rep2.raw.bam
    jobid: 18
    wildcards: sample=HT_10_rep2
    threads: 8

bowtie2 -x /projects/ps-renlab/share/bowtie2_indexes/mm10     -1 fastq.demultiplex/HT_10_rep2/HT_10_rep2.R1.fastq.gz -2 fastq.demultiplex/HT_10_rep2/HT_10_rep2.R2.fastq.gz -p 8 | awk '{ if ($1 ~ "@") 
    {print $0} else {print $0"	BX:Z:" substr($1,1,22) } }'  |     samtools view -bS > bam.raw/HT_10_rep2/HT_10_rep2.raw.bam 
Submitted job 18 with external jobid '15173061.tscc-mgr.local'.

[Thu Apr 25 12:50:27 2019]
rule align_bowtie2:
    input: fastq.demultiplex/FC_18_rep2/FC_18_rep2.R1.fastq.gz, fastq.demultiplex/FC_18_rep2/FC_18_rep2.R2.fastq.gz
    output: bam.raw/FC_18_rep2/FC_18_rep2.raw.bam
    jobid: 12
    wildcards: sample=FC_18_rep2
    threads: 8

bowtie2 -x /projects/ps-renlab/share/bowtie2_indexes/mm10     -1 fastq.demultiplex/FC_18_rep2/FC_18_rep2.R1.fastq.gz -2 fastq.demultiplex/FC_18_rep2/FC_18_rep2.R2.fastq.gz -p 8 | awk '{ if ($1 ~ "@") 
    {print $0} else {print $0"	BX:Z:" substr($1,1,22) } }'  |     samtools view -bS > bam.raw/FC_18_rep2/FC_18_rep2.raw.bam 
Submitted job 12 with external jobid '15173062.tscc-mgr.local'.

[Thu Apr 25 12:50:27 2019]
rule align_bowtie2:
    input: fastq.demultiplex/DH_10_rep2/DH_10_rep2.R1.fastq.gz, fastq.demultiplex/DH_10_rep2/DH_10_rep2.R2.fastq.gz
    output: bam.raw/DH_10_rep2/DH_10_rep2.raw.bam
    jobid: 5
    wildcards: sample=DH_10_rep2
    threads: 8

bowtie2 -x /projects/ps-renlab/share/bowtie2_indexes/mm10     -1 fastq.demultiplex/DH_10_rep2/DH_10_rep2.R1.fastq.gz -2 fastq.demultiplex/DH_10_rep2/DH_10_rep2.R2.fastq.gz -p 8 | awk '{ if ($1 ~ "@") 
    {print $0} else {print $0"	BX:Z:" substr($1,1,22) } }'  |     samtools view -bS > bam.raw/DH_10_rep2/DH_10_rep2.raw.bam 
Submitted job 5 with external jobid '15173063.tscc-mgr.local'.

[Thu Apr 25 12:50:27 2019]
rule align_bowtie2:
    input: fastq.demultiplex/LM_18_rep1/LM_18_rep1.R1.fastq.gz, fastq.demultiplex/LM_18_rep1/LM_18_rep1.R2.fastq.gz
    output: bam.raw/LM_18_rep1/LM_18_rep1.raw.bam
    jobid: 21
    wildcards: sample=LM_18_rep1
    threads: 8

bowtie2 -x /projects/ps-renlab/share/bowtie2_indexes/mm10     -1 fastq.demultiplex/LM_18_rep1/LM_18_rep1.R1.fastq.gz -2 fastq.demultiplex/LM_18_rep1/LM_18_rep1.R2.fastq.gz -p 8 | awk '{ if ($1 ~ "@") 
    {print $0} else {print $0"	BX:Z:" substr($1,1,22) } }'  |     samtools view -bS > bam.raw/LM_18_rep1/LM_18_rep1.raw.bam 
Submitted job 21 with external jobid '15173064.tscc-mgr.local'.

[Thu Apr 25 12:50:27 2019]
rule align_bowtie2:
    input: fastq.demultiplex/FC_10_rep1/FC_10_rep1.R1.fastq.gz, fastq.demultiplex/FC_10_rep1/FC_10_rep1.R2.fastq.gz
    output: bam.raw/FC_10_rep1/FC_10_rep1.raw.bam
    jobid: 8
    wildcards: sample=FC_10_rep1
    threads: 8

bowtie2 -x /projects/ps-renlab/share/bowtie2_indexes/mm10     -1 fastq.demultiplex/FC_10_rep1/FC_10_rep1.R1.fastq.gz -2 fastq.demultiplex/FC_10_rep1/FC_10_rep1.R2.fastq.gz -p 8 | awk '{ if ($1 ~ "@") 
    {print $0} else {print $0"	BX:Z:" substr($1,1,22) } }'  |     samtools view -bS > bam.raw/FC_10_rep1/FC_10_rep1.raw.bam 
Submitted job 8 with external jobid '15173065.tscc-mgr.local'.

[Thu Apr 25 12:50:27 2019]
rule align_bowtie2:
    input: fastq.demultiplex/LM_10_rep1/LM_10_rep1.R1.fastq.gz, fastq.demultiplex/LM_10_rep1/LM_10_rep1.R2.fastq.gz
    output: bam.raw/LM_10_rep1/LM_10_rep1.raw.bam
    jobid: 20
    wildcards: sample=LM_10_rep1
    threads: 8

bowtie2 -x /projects/ps-renlab/share/bowtie2_indexes/mm10     -1 fastq.demultiplex/LM_10_rep1/LM_10_rep1.R1.fastq.gz -2 fastq.demultiplex/LM_10_rep1/LM_10_rep1.R2.fastq.gz -p 8 | awk '{ if ($1 ~ "@") 
    {print $0} else {print $0"	BX:Z:" substr($1,1,22) } }'  |     samtools view -bS > bam.raw/LM_10_rep1/LM_10_rep1.raw.bam 
Submitted job 20 with external jobid '15173066.tscc-mgr.local'.

[Thu Apr 25 12:50:28 2019]
rule align_bowtie2:
    input: fastq.demultiplex/DH_18_rep1/DH_18_rep1.R1.fastq.gz, fastq.demultiplex/DH_18_rep1/DH_18_rep1.R2.fastq.gz
    output: bam.raw/DH_18_rep1/DH_18_rep1.raw.bam
    jobid: 3
    wildcards: sample=DH_18_rep1
    threads: 8

bowtie2 -x /projects/ps-renlab/share/bowtie2_indexes/mm10     -1 fastq.demultiplex/DH_18_rep1/DH_18_rep1.R1.fastq.gz -2 fastq.demultiplex/DH_18_rep1/DH_18_rep1.R2.fastq.gz -p 8 | awk '{ if ($1 ~ "@") 
    {print $0} else {print $0"	BX:Z:" substr($1,1,22) } }'  |     samtools view -bS > bam.raw/DH_18_rep1/DH_18_rep1.raw.bam 
Submitted job 3 with external jobid '15173068.tscc-mgr.local'.

[Thu Apr 25 12:50:28 2019]
rule align_bowtie2:
    input: fastq.demultiplex/DH_03_rep1/DH_03_rep1.R1.fastq.gz, fastq.demultiplex/DH_03_rep1/DH_03_rep1.R2.fastq.gz
    output: bam.raw/DH_03_rep1/DH_03_rep1.raw.bam
    jobid: 1
    wildcards: sample=DH_03_rep1
    threads: 8

bowtie2 -x /projects/ps-renlab/share/bowtie2_indexes/mm10     -1 fastq.demultiplex/DH_03_rep1/DH_03_rep1.R1.fastq.gz -2 fastq.demultiplex/DH_03_rep1/DH_03_rep1.R2.fastq.gz -p 8 | awk '{ if ($1 ~ "@") 
    {print $0} else {print $0"	BX:Z:" substr($1,1,22) } }'  |     samtools view -bS > bam.raw/DH_03_rep1/DH_03_rep1.raw.bam 
Submitted job 1 with external jobid '15173069.tscc-mgr.local'.

[Thu Apr 25 12:50:28 2019]
rule align_bowtie2:
    input: fastq.demultiplex/LM_18_rep2/LM_18_rep2.R1.fastq.gz, fastq.demultiplex/LM_18_rep2/LM_18_rep2.R2.fastq.gz
    output: bam.raw/LM_18_rep2/LM_18_rep2.raw.bam
    jobid: 24
    wildcards: sample=LM_18_rep2
    threads: 8

bowtie2 -x /projects/ps-renlab/share/bowtie2_indexes/mm10     -1 fastq.demultiplex/LM_18_rep2/LM_18_rep2.R1.fastq.gz -2 fastq.demultiplex/LM_18_rep2/LM_18_rep2.R2.fastq.gz -p 8 | awk '{ if ($1 ~ "@") 
    {print $0} else {print $0"	BX:Z:" substr($1,1,22) } }'  |     samtools view -bS > bam.raw/LM_18_rep2/LM_18_rep2.raw.bam 
Submitted job 24 with external jobid '15173070.tscc-mgr.local'.

[Thu Apr 25 12:50:28 2019]
rule align_bowtie2:
    input: fastq.demultiplex/DH_03_rep2/DH_03_rep2.R1.fastq.gz, fastq.demultiplex/DH_03_rep2/DH_03_rep2.R2.fastq.gz
    output: bam.raw/DH_03_rep2/DH_03_rep2.raw.bam
    jobid: 4
    wildcards: sample=DH_03_rep2
    threads: 8

bowtie2 -x /projects/ps-renlab/share/bowtie2_indexes/mm10     -1 fastq.demultiplex/DH_03_rep2/DH_03_rep2.R1.fastq.gz -2 fastq.demultiplex/DH_03_rep2/DH_03_rep2.R2.fastq.gz -p 8 | awk '{ if ($1 ~ "@") 
    {print $0} else {print $0"	BX:Z:" substr($1,1,22) } }'  |     samtools view -bS > bam.raw/DH_03_rep2/DH_03_rep2.raw.bam 
Submitted job 4 with external jobid '15173071.tscc-mgr.local'.

[Thu Apr 25 12:50:28 2019]
rule align_bowtie2:
    input: fastq.demultiplex/LM_03_rep1/LM_03_rep1.R1.fastq.gz, fastq.demultiplex/LM_03_rep1/LM_03_rep1.R2.fastq.gz
    output: bam.raw/LM_03_rep1/LM_03_rep1.raw.bam
    jobid: 19
    wildcards: sample=LM_03_rep1
    threads: 8

bowtie2 -x /projects/ps-renlab/share/bowtie2_indexes/mm10     -1 fastq.demultiplex/LM_03_rep1/LM_03_rep1.R1.fastq.gz -2 fastq.demultiplex/LM_03_rep1/LM_03_rep1.R2.fastq.gz -p 8 | awk '{ if ($1 ~ "@") 
    {print $0} else {print $0"	BX:Z:" substr($1,1,22) } }'  |     samtools view -bS > bam.raw/LM_03_rep1/LM_03_rep1.raw.bam 
Submitted job 19 with external jobid '15173072.tscc-mgr.local'.

[Thu Apr 25 12:50:28 2019]
rule align_bowtie2:
    input: fastq.demultiplex/FC_03_rep1/FC_03_rep1.R1.fastq.gz, fastq.demultiplex/FC_03_rep1/FC_03_rep1.R2.fastq.gz
    output: bam.raw/FC_03_rep1/FC_03_rep1.raw.bam
    jobid: 7
    wildcards: sample=FC_03_rep1
    threads: 8

bowtie2 -x /projects/ps-renlab/share/bowtie2_indexes/mm10     -1 fastq.demultiplex/FC_03_rep1/FC_03_rep1.R1.fastq.gz -2 fastq.demultiplex/FC_03_rep1/FC_03_rep1.R2.fastq.gz -p 8 | awk '{ if ($1 ~ "@") 
    {print $0} else {print $0"	BX:Z:" substr($1,1,22) } }'  |     samtools view -bS > bam.raw/FC_03_rep1/FC_03_rep1.raw.bam 
Submitted job 7 with external jobid '15173073.tscc-mgr.local'.

[Thu Apr 25 12:50:28 2019]
rule align_bowtie2:
    input: fastq.demultiplex/DH_18_rep2/DH_18_rep2.R1.fastq.gz, fastq.demultiplex/DH_18_rep2/DH_18_rep2.R2.fastq.gz
    output: bam.raw/DH_18_rep2/DH_18_rep2.raw.bam
    jobid: 6
    wildcards: sample=DH_18_rep2
    threads: 8

bowtie2 -x /projects/ps-renlab/share/bowtie2_indexes/mm10     -1 fastq.demultiplex/DH_18_rep2/DH_18_rep2.R1.fastq.gz -2 fastq.demultiplex/DH_18_rep2/DH_18_rep2.R2.fastq.gz -p 8 | awk '{ if ($1 ~ "@") 
    {print $0} else {print $0"	BX:Z:" substr($1,1,22) } }'  |     samtools view -bS > bam.raw/DH_18_rep2/DH_18_rep2.raw.bam 
Submitted job 6 with external jobid '15173074.tscc-mgr.local'.

[Thu Apr 25 12:50:29 2019]
rule align_bowtie2:
    input: fastq.demultiplex/HT_03_rep2/HT_03_rep2.R1.fastq.gz, fastq.demultiplex/HT_03_rep2/HT_03_rep2.R2.fastq.gz
    output: bam.raw/HT_03_rep2/HT_03_rep2.raw.bam
    jobid: 17
    wildcards: sample=HT_03_rep2
    threads: 8

bowtie2 -x /projects/ps-renlab/share/bowtie2_indexes/mm10     -1 fastq.demultiplex/HT_03_rep2/HT_03_rep2.R1.fastq.gz -2 fastq.demultiplex/HT_03_rep2/HT_03_rep2.R2.fastq.gz -p 8 | awk '{ if ($1 ~ "@") 
    {print $0} else {print $0"	BX:Z:" substr($1,1,22) } }'  |     samtools view -bS > bam.raw/HT_03_rep2/HT_03_rep2.raw.bam 
Submitted job 17 with external jobid '15173075.tscc-mgr.local'.

[Thu Apr 25 12:50:29 2019]
rule align_bowtie2:
    input: fastq.demultiplex/LM_03_rep2/LM_03_rep2.R1.fastq.gz, fastq.demultiplex/LM_03_rep2/LM_03_rep2.R2.fastq.gz
    output: bam.raw/LM_03_rep2/LM_03_rep2.raw.bam
    jobid: 22
    wildcards: sample=LM_03_rep2
    threads: 8

bowtie2 -x /projects/ps-renlab/share/bowtie2_indexes/mm10     -1 fastq.demultiplex/LM_03_rep2/LM_03_rep2.R1.fastq.gz -2 fastq.demultiplex/LM_03_rep2/LM_03_rep2.R2.fastq.gz -p 8 | awk '{ if ($1 ~ "@") 
    {print $0} else {print $0"	BX:Z:" substr($1,1,22) } }'  |     samtools view -bS > bam.raw/LM_03_rep2/LM_03_rep2.raw.bam 
Submitted job 22 with external jobid '15173076.tscc-mgr.local'.

[Thu Apr 25 12:50:29 2019]
rule align_bowtie2:
    input: fastq.demultiplex/HT_18_rep1/HT_18_rep1.R1.fastq.gz, fastq.demultiplex/HT_18_rep1/HT_18_rep1.R2.fastq.gz
    output: bam.raw/HT_18_rep1/HT_18_rep1.raw.bam
    jobid: 15
    wildcards: sample=HT_18_rep1
    threads: 8

bowtie2 -x /projects/ps-renlab/share/bowtie2_indexes/mm10     -1 fastq.demultiplex/HT_18_rep1/HT_18_rep1.R1.fastq.gz -2 fastq.demultiplex/HT_18_rep1/HT_18_rep1.R2.fastq.gz -p 8 | awk '{ if ($1 ~ "@") 
    {print $0} else {print $0"	BX:Z:" substr($1,1,22) } }'  |     samtools view -bS > bam.raw/HT_18_rep1/HT_18_rep1.raw.bam 
Submitted job 15 with external jobid '15173077.tscc-mgr.local'.

[Thu Apr 25 12:50:29 2019]
rule align_bowtie2:
    input: fastq.demultiplex/FC_18_rep1/FC_18_rep1.R1.fastq.gz, fastq.demultiplex/FC_18_rep1/FC_18_rep1.R2.fastq.gz
    output: bam.raw/FC_18_rep1/FC_18_rep1.raw.bam
    jobid: 9
    wildcards: sample=FC_18_rep1
    threads: 8

bowtie2 -x /projects/ps-renlab/share/bowtie2_indexes/mm10     -1 fastq.demultiplex/FC_18_rep1/FC_18_rep1.R1.fastq.gz -2 fastq.demultiplex/FC_18_rep1/FC_18_rep1.R2.fastq.gz -p 8 | awk '{ if ($1 ~ "@") 
    {print $0} else {print $0"	BX:Z:" substr($1,1,22) } }'  |     samtools view -bS > bam.raw/FC_18_rep1/FC_18_rep1.raw.bam 
Submitted job 9 with external jobid '15173078.tscc-mgr.local'.

[Thu Apr 25 12:50:29 2019]
rule align_bowtie2:
    input: fastq.demultiplex/FC_03_rep2/FC_03_rep2.R1.fastq.gz, fastq.demultiplex/FC_03_rep2/FC_03_rep2.R2.fastq.gz
    output: bam.raw/FC_03_rep2/FC_03_rep2.raw.bam
    jobid: 10
    wildcards: sample=FC_03_rep2
    threads: 8

bowtie2 -x /projects/ps-renlab/share/bowtie2_indexes/mm10     -1 fastq.demultiplex/FC_03_rep2/FC_03_rep2.R1.fastq.gz -2 fastq.demultiplex/FC_03_rep2/FC_03_rep2.R2.fastq.gz -p 8 | awk '{ if ($1 ~ "@") 
    {print $0} else {print $0"	BX:Z:" substr($1,1,22) } }'  |     samtools view -bS > bam.raw/FC_03_rep2/FC_03_rep2.raw.bam 
Submitted job 10 with external jobid '15173079.tscc-mgr.local'.
[Thu Apr 25 13:37:32 2019]
Finished job 2.
1 of 25 steps (4%) done
[Thu Apr 25 14:07:35 2019]
Finished job 3.
2 of 25 steps (8%) done
[Thu Apr 25 14:11:10 2019]
Finished job 12.
3 of 25 steps (12%) done
[Thu Apr 25 14:16:47 2019]
Finished job 13.
4 of 25 steps (16%) done
[Thu Apr 25 14:25:11 2019]
Finished job 18.
5 of 25 steps (20%) done
[Thu Apr 25 14:25:56 2019]
Finished job 8.
6 of 25 steps (24%) done
[Thu Apr 25 14:26:07 2019]
Finished job 21.
7 of 25 steps (28%) done
[Thu Apr 25 14:43:22 2019]
Finished job 1.
8 of 25 steps (32%) done
[Thu Apr 25 14:52:11 2019]
Finished job 11.
9 of 25 steps (36%) done
[Thu Apr 25 14:52:23 2019]
Finished job 7.
10 of 25 steps (40%) done
[Thu Apr 25 14:54:13 2019]
Finished job 23.
11 of 25 steps (44%) done
[Thu Apr 25 14:57:20 2019]
Finished job 5.
12 of 25 steps (48%) done
[Thu Apr 25 15:25:26 2019]
Finished job 9.
13 of 25 steps (52%) done
[Thu Apr 25 15:33:51 2019]
Finished job 20.
14 of 25 steps (56%) done
[Thu Apr 25 15:36:48 2019]
Finished job 19.
15 of 25 steps (60%) done
[Thu Apr 25 15:41:29 2019]
Finished job 16.
16 of 25 steps (64%) done
[Thu Apr 25 15:43:09 2019]
Finished job 14.
17 of 25 steps (68%) done
[Thu Apr 25 15:43:49 2019]
Finished job 4.
18 of 25 steps (72%) done
[Thu Apr 25 15:50:30 2019]
Finished job 6.
19 of 25 steps (76%) done
[Thu Apr 25 15:55:10 2019]
Finished job 22.
20 of 25 steps (80%) done
[Thu Apr 25 16:05:50 2019]
Finished job 10.
21 of 25 steps (84%) done
[Thu Apr 25 16:11:21 2019]
Finished job 17.
22 of 25 steps (88%) done
[Thu Apr 25 16:29:02 2019]
Finished job 24.
23 of 25 steps (92%) done
[Thu Apr 25 17:14:44 2019]
Finished job 15.
24 of 25 steps (96%) done

[Thu Apr 25 17:14:44 2019]
localrule require_raw_bam:
    input: bam.raw/DH_03_rep1/DH_03_rep1.raw.bam, bam.raw/DH_10_rep1/DH_10_rep1.raw.bam, bam.raw/DH_18_rep1/DH_18_rep1.raw.bam, bam.raw/DH_03_rep2/DH_03_rep2.raw.bam, bam.raw/DH_10_rep2/DH_10_rep2.raw.bam, bam.raw/DH_18_rep2/DH_18_rep2.raw.bam, bam.raw/FC_03_rep1/FC_03_rep1.raw.bam, bam.raw/FC_10_rep1/FC_10_rep1.raw.bam, bam.raw/FC_18_rep1/FC_18_rep1.raw.bam, bam.raw/FC_03_rep2/FC_03_rep2.raw.bam, bam.raw/FC_10_rep2/FC_10_rep2.raw.bam, bam.raw/FC_18_rep2/FC_18_rep2.raw.bam, bam.raw/HT_03_rep1/HT_03_rep1.raw.bam, bam.raw/HT_10_rep1/HT_10_rep1.raw.bam, bam.raw/HT_18_rep1/HT_18_rep1.raw.bam, bam.raw/HT_18_rep2/HT_18_rep2.raw.bam, bam.raw/HT_03_rep2/HT_03_rep2.raw.bam, bam.raw/HT_10_rep2/HT_10_rep2.raw.bam, bam.raw/LM_03_rep1/LM_03_rep1.raw.bam, bam.raw/LM_10_rep1/LM_10_rep1.raw.bam, bam.raw/LM_18_rep1/LM_18_rep1.raw.bam, bam.raw/LM_03_rep2/LM_03_rep2.raw.bam, bam.raw/LM_10_rep2/LM_10_rep2.raw.bam, bam.raw/LM_18_rep2/LM_18_rep2.raw.bam
    output: bam.raw.files.list.txt
    jobid: 0

ls -lh bam.raw/DH_03_rep1/DH_03_rep1.raw.bam bam.raw/DH_10_rep1/DH_10_rep1.raw.bam bam.raw/DH_18_rep1/DH_18_rep1.raw.bam bam.raw/DH_03_rep2/DH_03_rep2.raw.bam bam.raw/DH_10_rep2/DH_10_rep2.raw.bam bam.raw/DH_18_rep2/DH_18_rep2.raw.bam bam.raw/FC_03_rep1/FC_03_rep1.raw.bam bam.raw/FC_10_rep1/FC_10_rep1.raw.bam bam.raw/FC_18_rep1/FC_18_rep1.raw.bam bam.raw/FC_03_rep2/FC_03_rep2.raw.bam bam.raw/FC_10_rep2/FC_10_rep2.raw.bam bam.raw/FC_18_rep2/FC_18_rep2.raw.bam bam.raw/HT_03_rep1/HT_03_rep1.raw.bam bam.raw/HT_10_rep1/HT_10_rep1.raw.bam bam.raw/HT_18_rep1/HT_18_rep1.raw.bam bam.raw/HT_18_rep2/HT_18_rep2.raw.bam bam.raw/HT_03_rep2/HT_03_rep2.raw.bam bam.raw/HT_10_rep2/HT_10_rep2.raw.bam bam.raw/LM_03_rep1/LM_03_rep1.raw.bam bam.raw/LM_10_rep1/LM_10_rep1.raw.bam bam.raw/LM_18_rep1/LM_18_rep1.raw.bam bam.raw/LM_03_rep2/LM_03_rep2.raw.bam bam.raw/LM_10_rep2/LM_10_rep2.raw.bam bam.raw/LM_18_rep2/LM_18_rep2.raw.bam > bam.raw.files.list.txt
[Thu Apr 25 17:14:44 2019]
Finished job 0.
25 of 25 steps (100%) done
Complete log: /projects/ps-renlab/yanxiao/projects/mouse_aging/scripts/pre_processing/.snakemake/log/2019-04-25T125017.499411.snakemake.log
