Building DAG of jobs...
Using shell: /bin/bash
Provided cluster nodes: 1000
Job counts:
	count	jobs
	1	combine_demulti_fastq_files
	2	demultiplex
	1	require_demulti_fastq_files
	4

[Wed Apr 24 17:32:29 2019]
rule demultiplex:
    input: ../../scripts/pre_processing/barcodes_hiSeq2500.txt, fastq.raw/2018_09_06_ChIP_B/Undetermined_S0_L001_R1_001.fastq.gz, fastq.raw/2018_09_06_ChIP_B/Undetermined_S0_L001_R2_001.fastq.gz, fastq.raw/2018_09_06_ChIP_B/Undetermined_S0_L001_I1_001.fastq.gz, fastq.raw/2018_09_06_ChIP_B/Undetermined_S0_L001_I2_001.fastq.gz
    output: fastq.demultiplex/FC_10_rep1/L1/Undetermined_S0_L001_R1_001_FC_10_rep1.demultiplexed.R1.repl1.fastq.gz, fastq.demultiplex/FC_10_rep1/L1/Undetermined_S0_L001_R2_001_FC_10_rep1.demultiplexed.R2.repl1.fastq.gz
    jobid: 51
    wildcards: sample=FC_10_rep1, lane=1
    threads: 4

ATACdemultiplex  -fastq_R1 fastq.raw/2018_09_06_ChIP_B/Undetermined_S0_L001_R1_001.fastq.gz -fastq_R2 fastq.raw/2018_09_06_ChIP_B/Undetermined_S0_L001_R2_001.fastq.gz -fastq_I1 fastq.raw/2018_09_06_ChIP_B/Undetermined_S0_L001_I1_001.fastq.gz -fastq_I2 fastq.raw/2018_09_06_ChIP_B/Undetermined_S0_L001_I2_001.fastq.gz -output_tag_name FC_10_rep1 -max_nb_reads 0 --nbThreads 4 -max_nb_mistake 2 -shift_p5 0 -output_path fastq.demultiplex/FC_10_rep1/L1 -write_logs  -plate_size 96 -i5_ranges 1-768 -p7_ranges 97-192 -index_no_replicate ../../scripts/pre_processing/barcodes_hiSeq2500.txt
Submitted job 51 with external jobid '15169150.tscc-mgr.local'.

[Wed Apr 24 17:32:35 2019]
rule demultiplex:
    input: ../../scripts/pre_processing/barcodes_hiSeq2500.txt, fastq.raw/2018_09_06_ChIP_B/Undetermined_S0_L002_R1_001.fastq.gz, fastq.raw/2018_09_06_ChIP_B/Undetermined_S0_L002_R2_001.fastq.gz, fastq.raw/2018_09_06_ChIP_B/Undetermined_S0_L002_I1_001.fastq.gz, fastq.raw/2018_09_06_ChIP_B/Undetermined_S0_L002_I2_001.fastq.gz
    output: fastq.demultiplex/FC_10_rep1/L2/Undetermined_S0_L002_R1_001_FC_10_rep1.demultiplexed.R1.repl1.fastq.gz, fastq.demultiplex/FC_10_rep1/L2/Undetermined_S0_L002_R2_001_FC_10_rep1.demultiplexed.R2.repl1.fastq.gz
    jobid: 52
    wildcards: sample=FC_10_rep1, lane=2
    threads: 4

ATACdemultiplex  -fastq_R1 fastq.raw/2018_09_06_ChIP_B/Undetermined_S0_L002_R1_001.fastq.gz -fastq_R2 fastq.raw/2018_09_06_ChIP_B/Undetermined_S0_L002_R2_001.fastq.gz -fastq_I1 fastq.raw/2018_09_06_ChIP_B/Undetermined_S0_L002_I1_001.fastq.gz -fastq_I2 fastq.raw/2018_09_06_ChIP_B/Undetermined_S0_L002_I2_001.fastq.gz -output_tag_name FC_10_rep1 -max_nb_reads 0 --nbThreads 4 -max_nb_mistake 2 -shift_p5 0 -output_path fastq.demultiplex/FC_10_rep1/L2 -write_logs  -plate_size 96 -i5_ranges 1-768 -p7_ranges 97-192 -index_no_replicate ../../scripts/pre_processing/barcodes_hiSeq2500.txt
Submitted job 52 with external jobid '15169151.tscc-mgr.local'.
[Wed Apr 24 18:15:54 2019]
Finished job 51.
1 of 4 steps (25%) done
[Wed Apr 24 18:15:54 2019]
Finished job 52.
2 of 4 steps (50%) done

[Wed Apr 24 18:15:54 2019]
localrule combine_demulti_fastq_files:
    input: fastq.demultiplex/FC_10_rep1/L1/Undetermined_S0_L001_R1_001_FC_10_rep1.demultiplexed.R1.repl1.fastq.gz, fastq.demultiplex/FC_10_rep1/L2/Undetermined_S0_L002_R1_001_FC_10_rep1.demultiplexed.R1.repl1.fastq.gz, fastq.demultiplex/FC_10_rep1/L1/Undetermined_S0_L001_R2_001_FC_10_rep1.demultiplexed.R2.repl1.fastq.gz, fastq.demultiplex/FC_10_rep1/L2/Undetermined_S0_L002_R2_001_FC_10_rep1.demultiplexed.R2.repl1.fastq.gz
    output: fastq.demultiplex/FC_10_rep1/FC_10_rep1.R1.fastq.gz, fastq.demultiplex/FC_10_rep1/FC_10_rep1.R2.fastq.gz
    jobid: 8
    wildcards: sample=FC_10_rep1

cat fastq.demultiplex/FC_10_rep1/L1/Undetermined_S0_L001_R1_001_FC_10_rep1.demultiplexed.R1.repl1.fastq.gz fastq.demultiplex/FC_10_rep1/L2/Undetermined_S0_L002_R1_001_FC_10_rep1.demultiplexed.R1.repl1.fastq.gz > fastq.demultiplex/FC_10_rep1/FC_10_rep1.R1.fastq.gz;cat fastq.demultiplex/FC_10_rep1/L1/Undetermined_S0_L001_R2_001_FC_10_rep1.demultiplexed.R2.repl1.fastq.gz fastq.demultiplex/FC_10_rep1/L2/Undetermined_S0_L002_R2_001_FC_10_rep1.demultiplexed.R2.repl1.fastq.gz > fastq.demultiplex/FC_10_rep1/FC_10_rep1.R2.fastq.gz;
[Wed Apr 24 18:17:16 2019]
Finished job 8.
3 of 4 steps (75%) done

[Wed Apr 24 18:17:16 2019]
localrule require_demulti_fastq_files:
    input: fastq.demultiplex/DH_03_rep1/DH_03_rep1.R1.fastq.gz, fastq.demultiplex/DH_10_rep1/DH_10_rep1.R1.fastq.gz, fastq.demultiplex/DH_18_rep1/DH_18_rep1.R1.fastq.gz, fastq.demultiplex/DH_03_rep2/DH_03_rep2.R1.fastq.gz, fastq.demultiplex/DH_10_rep2/DH_10_rep2.R1.fastq.gz, fastq.demultiplex/DH_18_rep2/DH_18_rep2.R1.fastq.gz, fastq.demultiplex/FC_03_rep1/FC_03_rep1.R1.fastq.gz, fastq.demultiplex/FC_10_rep1/FC_10_rep1.R1.fastq.gz, fastq.demultiplex/FC_18_rep1/FC_18_rep1.R1.fastq.gz, fastq.demultiplex/FC_03_rep2/FC_03_rep2.R1.fastq.gz, fastq.demultiplex/FC_10_rep2/FC_10_rep2.R1.fastq.gz, fastq.demultiplex/FC_18_rep2/FC_18_rep2.R1.fastq.gz, fastq.demultiplex/HT_03_rep1/HT_03_rep1.R1.fastq.gz, fastq.demultiplex/HT_10_rep1/HT_10_rep1.R1.fastq.gz, fastq.demultiplex/HT_18_rep1/HT_18_rep1.R1.fastq.gz, fastq.demultiplex/HT_18_rep2/HT_18_rep2.R1.fastq.gz, fastq.demultiplex/HT_03_rep2/HT_03_rep2.R1.fastq.gz, fastq.demultiplex/HT_10_rep2/HT_10_rep2.R1.fastq.gz, fastq.demultiplex/LM_03_rep1/LM_03_rep1.R1.fastq.gz, fastq.demultiplex/LM_10_rep1/LM_10_rep1.R1.fastq.gz, fastq.demultiplex/LM_18_rep1/LM_18_rep1.R1.fastq.gz, fastq.demultiplex/LM_03_rep2/LM_03_rep2.R1.fastq.gz, fastq.demultiplex/LM_10_rep2/LM_10_rep2.R1.fastq.gz, fastq.demultiplex/LM_18_rep2/LM_18_rep2.R1.fastq.gz, fastq.demultiplex/DH_03_rep1/DH_03_rep1.R2.fastq.gz, fastq.demultiplex/DH_10_rep1/DH_10_rep1.R2.fastq.gz, fastq.demultiplex/DH_18_rep1/DH_18_rep1.R2.fastq.gz, fastq.demultiplex/DH_03_rep2/DH_03_rep2.R2.fastq.gz, fastq.demultiplex/DH_10_rep2/DH_10_rep2.R2.fastq.gz, fastq.demultiplex/DH_18_rep2/DH_18_rep2.R2.fastq.gz, fastq.demultiplex/FC_03_rep1/FC_03_rep1.R2.fastq.gz, fastq.demultiplex/FC_10_rep1/FC_10_rep1.R2.fastq.gz, fastq.demultiplex/FC_18_rep1/FC_18_rep1.R2.fastq.gz, fastq.demultiplex/FC_03_rep2/FC_03_rep2.R2.fastq.gz, fastq.demultiplex/FC_10_rep2/FC_10_rep2.R2.fastq.gz, fastq.demultiplex/FC_18_rep2/FC_18_rep2.R2.fastq.gz, fastq.demultiplex/HT_03_rep1/HT_03_rep1.R2.fastq.gz, fastq.demultiplex/HT_10_rep1/HT_10_rep1.R2.fastq.gz, fastq.demultiplex/HT_18_rep1/HT_18_rep1.R2.fastq.gz, fastq.demultiplex/HT_18_rep2/HT_18_rep2.R2.fastq.gz, fastq.demultiplex/HT_03_rep2/HT_03_rep2.R2.fastq.gz, fastq.demultiplex/HT_10_rep2/HT_10_rep2.R2.fastq.gz, fastq.demultiplex/LM_03_rep1/LM_03_rep1.R2.fastq.gz, fastq.demultiplex/LM_10_rep1/LM_10_rep1.R2.fastq.gz, fastq.demultiplex/LM_18_rep1/LM_18_rep1.R2.fastq.gz, fastq.demultiplex/LM_03_rep2/LM_03_rep2.R2.fastq.gz, fastq.demultiplex/LM_10_rep2/LM_10_rep2.R2.fastq.gz, fastq.demultiplex/LM_18_rep2/LM_18_rep2.R2.fastq.gz
    output: fastq.demultiplex.files.list.txt
    jobid: 0

ls -lh fastq.demultiplex/DH_03_rep1/DH_03_rep1.R1.fastq.gz fastq.demultiplex/DH_10_rep1/DH_10_rep1.R1.fastq.gz fastq.demultiplex/DH_18_rep1/DH_18_rep1.R1.fastq.gz fastq.demultiplex/DH_03_rep2/DH_03_rep2.R1.fastq.gz fastq.demultiplex/DH_10_rep2/DH_10_rep2.R1.fastq.gz fastq.demultiplex/DH_18_rep2/DH_18_rep2.R1.fastq.gz fastq.demultiplex/FC_03_rep1/FC_03_rep1.R1.fastq.gz fastq.demultiplex/FC_10_rep1/FC_10_rep1.R1.fastq.gz fastq.demultiplex/FC_18_rep1/FC_18_rep1.R1.fastq.gz fastq.demultiplex/FC_03_rep2/FC_03_rep2.R1.fastq.gz fastq.demultiplex/FC_10_rep2/FC_10_rep2.R1.fastq.gz fastq.demultiplex/FC_18_rep2/FC_18_rep2.R1.fastq.gz fastq.demultiplex/HT_03_rep1/HT_03_rep1.R1.fastq.gz fastq.demultiplex/HT_10_rep1/HT_10_rep1.R1.fastq.gz fastq.demultiplex/HT_18_rep1/HT_18_rep1.R1.fastq.gz fastq.demultiplex/HT_18_rep2/HT_18_rep2.R1.fastq.gz fastq.demultiplex/HT_03_rep2/HT_03_rep2.R1.fastq.gz fastq.demultiplex/HT_10_rep2/HT_10_rep2.R1.fastq.gz fastq.demultiplex/LM_03_rep1/LM_03_rep1.R1.fastq.gz fastq.demultiplex/LM_10_rep1/LM_10_rep1.R1.fastq.gz fastq.demultiplex/LM_18_rep1/LM_18_rep1.R1.fastq.gz fastq.demultiplex/LM_03_rep2/LM_03_rep2.R1.fastq.gz fastq.demultiplex/LM_10_rep2/LM_10_rep2.R1.fastq.gz fastq.demultiplex/LM_18_rep2/LM_18_rep2.R1.fastq.gz fastq.demultiplex/DH_03_rep1/DH_03_rep1.R2.fastq.gz fastq.demultiplex/DH_10_rep1/DH_10_rep1.R2.fastq.gz fastq.demultiplex/DH_18_rep1/DH_18_rep1.R2.fastq.gz fastq.demultiplex/DH_03_rep2/DH_03_rep2.R2.fastq.gz fastq.demultiplex/DH_10_rep2/DH_10_rep2.R2.fastq.gz fastq.demultiplex/DH_18_rep2/DH_18_rep2.R2.fastq.gz fastq.demultiplex/FC_03_rep1/FC_03_rep1.R2.fastq.gz fastq.demultiplex/FC_10_rep1/FC_10_rep1.R2.fastq.gz fastq.demultiplex/FC_18_rep1/FC_18_rep1.R2.fastq.gz fastq.demultiplex/FC_03_rep2/FC_03_rep2.R2.fastq.gz fastq.demultiplex/FC_10_rep2/FC_10_rep2.R2.fastq.gz fastq.demultiplex/FC_18_rep2/FC_18_rep2.R2.fastq.gz fastq.demultiplex/HT_03_rep1/HT_03_rep1.R2.fastq.gz fastq.demultiplex/HT_10_rep1/HT_10_rep1.R2.fastq.gz fastq.demultiplex/HT_18_rep1/HT_18_rep1.R2.fastq.gz fastq.demultiplex/HT_18_rep2/HT_18_rep2.R2.fastq.gz fastq.demultiplex/HT_03_rep2/HT_03_rep2.R2.fastq.gz fastq.demultiplex/HT_10_rep2/HT_10_rep2.R2.fastq.gz fastq.demultiplex/LM_03_rep1/LM_03_rep1.R2.fastq.gz fastq.demultiplex/LM_10_rep1/LM_10_rep1.R2.fastq.gz fastq.demultiplex/LM_18_rep1/LM_18_rep1.R2.fastq.gz fastq.demultiplex/LM_03_rep2/LM_03_rep2.R2.fastq.gz fastq.demultiplex/LM_10_rep2/LM_10_rep2.R2.fastq.gz fastq.demultiplex/LM_18_rep2/LM_18_rep2.R2.fastq.gz > fastq.demultiplex.files.list.txt
[Wed Apr 24 18:17:16 2019]
Finished job 0.
4 of 4 steps (100%) done
Complete log: /projects/ps-renlab/yanxiao/projects/mouse_aging/scripts/pre_processing/.snakemake/log/2019-04-24T173221.911404.snakemake.log
