Building DAG of jobs...
Using shell: /bin/bash
Provided cluster nodes: 1000
Job counts:
	count	jobs
	24	align_bowtie2
	1	require_raw_bam
	25

[Thu Apr 25 10:00:40 2019]
rule align_bowtie2:
    input: fastq.demultiplex/FC_18_rep1/FC_18_rep1.R1.fastq.gz, fastq.demultiplex/FC_18_rep1/FC_18_rep1.R2.fastq.gz
    output: bam.raw/FC_18_rep1/FC_18_rep1.raw.bam
    jobid: 9
    wildcards: sample=FC_18_rep1
    threads: 8

bowtie2 -x /projects/ps-renlab/share/bowtie2_indexes/mm10     -1 fastq.demultiplex/FC_18_rep1/FC_18_rep1.R1.fastq.gz -2 fastq.demultiplex/FC_18_rep1/FC_18_rep1.R2.fastq.gz -p 8 |samtools view -bS > bam.raw/FC_18_rep1/FC_18_rep1.raw.bam 
Submitted job 9 with external jobid '15172331.tscc-mgr.local'.

[Thu Apr 25 10:00:46 2019]
rule align_bowtie2:
    input: fastq.demultiplex/HT_03_rep1/HT_03_rep1.R1.fastq.gz, fastq.demultiplex/HT_03_rep1/HT_03_rep1.R2.fastq.gz
    output: bam.raw/HT_03_rep1/HT_03_rep1.raw.bam
    jobid: 13
    wildcards: sample=HT_03_rep1
    threads: 8

bowtie2 -x /projects/ps-renlab/share/bowtie2_indexes/mm10     -1 fastq.demultiplex/HT_03_rep1/HT_03_rep1.R1.fastq.gz -2 fastq.demultiplex/HT_03_rep1/HT_03_rep1.R2.fastq.gz -p 8 |samtools view -bS > bam.raw/HT_03_rep1/HT_03_rep1.raw.bam 
Submitted job 13 with external jobid '15172332.tscc-mgr.local'.

[Thu Apr 25 10:00:47 2019]
rule align_bowtie2:
    input: fastq.demultiplex/LM_18_rep2/LM_18_rep2.R1.fastq.gz, fastq.demultiplex/LM_18_rep2/LM_18_rep2.R2.fastq.gz
    output: bam.raw/LM_18_rep2/LM_18_rep2.raw.bam
    jobid: 24
    wildcards: sample=LM_18_rep2
    threads: 8

bowtie2 -x /projects/ps-renlab/share/bowtie2_indexes/mm10     -1 fastq.demultiplex/LM_18_rep2/LM_18_rep2.R1.fastq.gz -2 fastq.demultiplex/LM_18_rep2/LM_18_rep2.R2.fastq.gz -p 8 |samtools view -bS > bam.raw/LM_18_rep2/LM_18_rep2.raw.bam 
Submitted job 24 with external jobid '15172333.tscc-mgr.local'.

[Thu Apr 25 10:00:47 2019]
rule align_bowtie2:
    input: fastq.demultiplex/DH_03_rep1/DH_03_rep1.R1.fastq.gz, fastq.demultiplex/DH_03_rep1/DH_03_rep1.R2.fastq.gz
    output: bam.raw/DH_03_rep1/DH_03_rep1.raw.bam
    jobid: 1
    wildcards: sample=DH_03_rep1
    threads: 8

bowtie2 -x /projects/ps-renlab/share/bowtie2_indexes/mm10     -1 fastq.demultiplex/DH_03_rep1/DH_03_rep1.R1.fastq.gz -2 fastq.demultiplex/DH_03_rep1/DH_03_rep1.R2.fastq.gz -p 8 |samtools view -bS > bam.raw/DH_03_rep1/DH_03_rep1.raw.bam 
Submitted job 1 with external jobid '15172334.tscc-mgr.local'.

[Thu Apr 25 10:00:47 2019]
rule align_bowtie2:
    input: fastq.demultiplex/HT_10_rep2/HT_10_rep2.R1.fastq.gz, fastq.demultiplex/HT_10_rep2/HT_10_rep2.R2.fastq.gz
    output: bam.raw/HT_10_rep2/HT_10_rep2.raw.bam
    jobid: 18
    wildcards: sample=HT_10_rep2
    threads: 8

bowtie2 -x /projects/ps-renlab/share/bowtie2_indexes/mm10     -1 fastq.demultiplex/HT_10_rep2/HT_10_rep2.R1.fastq.gz -2 fastq.demultiplex/HT_10_rep2/HT_10_rep2.R2.fastq.gz -p 8 |samtools view -bS > bam.raw/HT_10_rep2/HT_10_rep2.raw.bam 
Submitted job 18 with external jobid '15172335.tscc-mgr.local'.

[Thu Apr 25 10:00:47 2019]
rule align_bowtie2:
    input: fastq.demultiplex/DH_18_rep1/DH_18_rep1.R1.fastq.gz, fastq.demultiplex/DH_18_rep1/DH_18_rep1.R2.fastq.gz
    output: bam.raw/DH_18_rep1/DH_18_rep1.raw.bam
    jobid: 3
    wildcards: sample=DH_18_rep1
    threads: 8

bowtie2 -x /projects/ps-renlab/share/bowtie2_indexes/mm10     -1 fastq.demultiplex/DH_18_rep1/DH_18_rep1.R1.fastq.gz -2 fastq.demultiplex/DH_18_rep1/DH_18_rep1.R2.fastq.gz -p 8 |samtools view -bS > bam.raw/DH_18_rep1/DH_18_rep1.raw.bam 
Submitted job 3 with external jobid '15172336.tscc-mgr.local'.

[Thu Apr 25 10:00:47 2019]
rule align_bowtie2:
    input: fastq.demultiplex/LM_10_rep1/LM_10_rep1.R1.fastq.gz, fastq.demultiplex/LM_10_rep1/LM_10_rep1.R2.fastq.gz
    output: bam.raw/LM_10_rep1/LM_10_rep1.raw.bam
    jobid: 20
    wildcards: sample=LM_10_rep1
    threads: 8

bowtie2 -x /projects/ps-renlab/share/bowtie2_indexes/mm10     -1 fastq.demultiplex/LM_10_rep1/LM_10_rep1.R1.fastq.gz -2 fastq.demultiplex/LM_10_rep1/LM_10_rep1.R2.fastq.gz -p 8 |samtools view -bS > bam.raw/LM_10_rep1/LM_10_rep1.raw.bam 
Submitted job 20 with external jobid '15172337.tscc-mgr.local'.

[Thu Apr 25 10:00:47 2019]
rule align_bowtie2:
    input: fastq.demultiplex/FC_03_rep2/FC_03_rep2.R1.fastq.gz, fastq.demultiplex/FC_03_rep2/FC_03_rep2.R2.fastq.gz
    output: bam.raw/FC_03_rep2/FC_03_rep2.raw.bam
    jobid: 10
    wildcards: sample=FC_03_rep2
    threads: 8

bowtie2 -x /projects/ps-renlab/share/bowtie2_indexes/mm10     -1 fastq.demultiplex/FC_03_rep2/FC_03_rep2.R1.fastq.gz -2 fastq.demultiplex/FC_03_rep2/FC_03_rep2.R2.fastq.gz -p 8 |samtools view -bS > bam.raw/FC_03_rep2/FC_03_rep2.raw.bam 
Submitted job 10 with external jobid '15172338.tscc-mgr.local'.

[Thu Apr 25 10:00:47 2019]
rule align_bowtie2:
    input: fastq.demultiplex/HT_03_rep2/HT_03_rep2.R1.fastq.gz, fastq.demultiplex/HT_03_rep2/HT_03_rep2.R2.fastq.gz
    output: bam.raw/HT_03_rep2/HT_03_rep2.raw.bam
    jobid: 17
    wildcards: sample=HT_03_rep2
    threads: 8

bowtie2 -x /projects/ps-renlab/share/bowtie2_indexes/mm10     -1 fastq.demultiplex/HT_03_rep2/HT_03_rep2.R1.fastq.gz -2 fastq.demultiplex/HT_03_rep2/HT_03_rep2.R2.fastq.gz -p 8 |samtools view -bS > bam.raw/HT_03_rep2/HT_03_rep2.raw.bam 
Submitted job 17 with external jobid '15172339.tscc-mgr.local'.

[Thu Apr 25 10:00:48 2019]
rule align_bowtie2:
    input: fastq.demultiplex/FC_10_rep1/FC_10_rep1.R1.fastq.gz, fastq.demultiplex/FC_10_rep1/FC_10_rep1.R2.fastq.gz
    output: bam.raw/FC_10_rep1/FC_10_rep1.raw.bam
    jobid: 8
    wildcards: sample=FC_10_rep1
    threads: 8

bowtie2 -x /projects/ps-renlab/share/bowtie2_indexes/mm10     -1 fastq.demultiplex/FC_10_rep1/FC_10_rep1.R1.fastq.gz -2 fastq.demultiplex/FC_10_rep1/FC_10_rep1.R2.fastq.gz -p 8 |samtools view -bS > bam.raw/FC_10_rep1/FC_10_rep1.raw.bam 
Submitted job 8 with external jobid '15172340.tscc-mgr.local'.

[Thu Apr 25 10:00:48 2019]
rule align_bowtie2:
    input: fastq.demultiplex/HT_18_rep2/HT_18_rep2.R1.fastq.gz, fastq.demultiplex/HT_18_rep2/HT_18_rep2.R2.fastq.gz
    output: bam.raw/HT_18_rep2/HT_18_rep2.raw.bam
    jobid: 16
    wildcards: sample=HT_18_rep2
    threads: 8

bowtie2 -x /projects/ps-renlab/share/bowtie2_indexes/mm10     -1 fastq.demultiplex/HT_18_rep2/HT_18_rep2.R1.fastq.gz -2 fastq.demultiplex/HT_18_rep2/HT_18_rep2.R2.fastq.gz -p 8 |samtools view -bS > bam.raw/HT_18_rep2/HT_18_rep2.raw.bam 
Submitted job 16 with external jobid '15172341.tscc-mgr.local'.

[Thu Apr 25 10:00:48 2019]
rule align_bowtie2:
    input: fastq.demultiplex/FC_18_rep2/FC_18_rep2.R1.fastq.gz, fastq.demultiplex/FC_18_rep2/FC_18_rep2.R2.fastq.gz
    output: bam.raw/FC_18_rep2/FC_18_rep2.raw.bam
    jobid: 12
    wildcards: sample=FC_18_rep2
    threads: 8

bowtie2 -x /projects/ps-renlab/share/bowtie2_indexes/mm10     -1 fastq.demultiplex/FC_18_rep2/FC_18_rep2.R1.fastq.gz -2 fastq.demultiplex/FC_18_rep2/FC_18_rep2.R2.fastq.gz -p 8 |samtools view -bS > bam.raw/FC_18_rep2/FC_18_rep2.raw.bam 
Submitted job 12 with external jobid '15172342.tscc-mgr.local'.

[Thu Apr 25 10:00:48 2019]
rule align_bowtie2:
    input: fastq.demultiplex/DH_03_rep2/DH_03_rep2.R1.fastq.gz, fastq.demultiplex/DH_03_rep2/DH_03_rep2.R2.fastq.gz
    output: bam.raw/DH_03_rep2/DH_03_rep2.raw.bam
    jobid: 4
    wildcards: sample=DH_03_rep2
    threads: 8

bowtie2 -x /projects/ps-renlab/share/bowtie2_indexes/mm10     -1 fastq.demultiplex/DH_03_rep2/DH_03_rep2.R1.fastq.gz -2 fastq.demultiplex/DH_03_rep2/DH_03_rep2.R2.fastq.gz -p 8 |samtools view -bS > bam.raw/DH_03_rep2/DH_03_rep2.raw.bam 
Submitted job 4 with external jobid '15172343.tscc-mgr.local'.

[Thu Apr 25 10:00:48 2019]
rule align_bowtie2:
    input: fastq.demultiplex/FC_03_rep1/FC_03_rep1.R1.fastq.gz, fastq.demultiplex/FC_03_rep1/FC_03_rep1.R2.fastq.gz
    output: bam.raw/FC_03_rep1/FC_03_rep1.raw.bam
    jobid: 7
    wildcards: sample=FC_03_rep1
    threads: 8

bowtie2 -x /projects/ps-renlab/share/bowtie2_indexes/mm10     -1 fastq.demultiplex/FC_03_rep1/FC_03_rep1.R1.fastq.gz -2 fastq.demultiplex/FC_03_rep1/FC_03_rep1.R2.fastq.gz -p 8 |samtools view -bS > bam.raw/FC_03_rep1/FC_03_rep1.raw.bam 
Submitted job 7 with external jobid '15172344.tscc-mgr.local'.

[Thu Apr 25 10:00:48 2019]
rule align_bowtie2:
    input: fastq.demultiplex/HT_18_rep1/HT_18_rep1.R1.fastq.gz, fastq.demultiplex/HT_18_rep1/HT_18_rep1.R2.fastq.gz
    output: bam.raw/HT_18_rep1/HT_18_rep1.raw.bam
    jobid: 15
    wildcards: sample=HT_18_rep1
    threads: 8

bowtie2 -x /projects/ps-renlab/share/bowtie2_indexes/mm10     -1 fastq.demultiplex/HT_18_rep1/HT_18_rep1.R1.fastq.gz -2 fastq.demultiplex/HT_18_rep1/HT_18_rep1.R2.fastq.gz -p 8 |samtools view -bS > bam.raw/HT_18_rep1/HT_18_rep1.raw.bam 
Submitted job 15 with external jobid '15172345.tscc-mgr.local'.

[Thu Apr 25 10:00:48 2019]
rule align_bowtie2:
    input: fastq.demultiplex/DH_18_rep2/DH_18_rep2.R1.fastq.gz, fastq.demultiplex/DH_18_rep2/DH_18_rep2.R2.fastq.gz
    output: bam.raw/DH_18_rep2/DH_18_rep2.raw.bam
    jobid: 6
    wildcards: sample=DH_18_rep2
    threads: 8

bowtie2 -x /projects/ps-renlab/share/bowtie2_indexes/mm10     -1 fastq.demultiplex/DH_18_rep2/DH_18_rep2.R1.fastq.gz -2 fastq.demultiplex/DH_18_rep2/DH_18_rep2.R2.fastq.gz -p 8 |samtools view -bS > bam.raw/DH_18_rep2/DH_18_rep2.raw.bam 
Submitted job 6 with external jobid '15172346.tscc-mgr.local'.

[Thu Apr 25 10:00:49 2019]
rule align_bowtie2:
    input: fastq.demultiplex/DH_10_rep2/DH_10_rep2.R1.fastq.gz, fastq.demultiplex/DH_10_rep2/DH_10_rep2.R2.fastq.gz
    output: bam.raw/DH_10_rep2/DH_10_rep2.raw.bam
    jobid: 5
    wildcards: sample=DH_10_rep2
    threads: 8

bowtie2 -x /projects/ps-renlab/share/bowtie2_indexes/mm10     -1 fastq.demultiplex/DH_10_rep2/DH_10_rep2.R1.fastq.gz -2 fastq.demultiplex/DH_10_rep2/DH_10_rep2.R2.fastq.gz -p 8 |samtools view -bS > bam.raw/DH_10_rep2/DH_10_rep2.raw.bam 
Submitted job 5 with external jobid '15172347.tscc-mgr.local'.

[Thu Apr 25 10:00:49 2019]
rule align_bowtie2:
    input: fastq.demultiplex/DH_10_rep1/DH_10_rep1.R1.fastq.gz, fastq.demultiplex/DH_10_rep1/DH_10_rep1.R2.fastq.gz
    output: bam.raw/DH_10_rep1/DH_10_rep1.raw.bam
    jobid: 2
    wildcards: sample=DH_10_rep1
    threads: 8

bowtie2 -x /projects/ps-renlab/share/bowtie2_indexes/mm10     -1 fastq.demultiplex/DH_10_rep1/DH_10_rep1.R1.fastq.gz -2 fastq.demultiplex/DH_10_rep1/DH_10_rep1.R2.fastq.gz -p 8 |samtools view -bS > bam.raw/DH_10_rep1/DH_10_rep1.raw.bam 
Submitted job 2 with external jobid '15172348.tscc-mgr.local'.

[Thu Apr 25 10:00:49 2019]
rule align_bowtie2:
    input: fastq.demultiplex/HT_10_rep1/HT_10_rep1.R1.fastq.gz, fastq.demultiplex/HT_10_rep1/HT_10_rep1.R2.fastq.gz
    output: bam.raw/HT_10_rep1/HT_10_rep1.raw.bam
    jobid: 14
    wildcards: sample=HT_10_rep1
    threads: 8

bowtie2 -x /projects/ps-renlab/share/bowtie2_indexes/mm10     -1 fastq.demultiplex/HT_10_rep1/HT_10_rep1.R1.fastq.gz -2 fastq.demultiplex/HT_10_rep1/HT_10_rep1.R2.fastq.gz -p 8 |samtools view -bS > bam.raw/HT_10_rep1/HT_10_rep1.raw.bam 
Submitted job 14 with external jobid '15172349.tscc-mgr.local'.

[Thu Apr 25 10:00:49 2019]
rule align_bowtie2:
    input: fastq.demultiplex/LM_03_rep1/LM_03_rep1.R1.fastq.gz, fastq.demultiplex/LM_03_rep1/LM_03_rep1.R2.fastq.gz
    output: bam.raw/LM_03_rep1/LM_03_rep1.raw.bam
    jobid: 19
    wildcards: sample=LM_03_rep1
    threads: 8

bowtie2 -x /projects/ps-renlab/share/bowtie2_indexes/mm10     -1 fastq.demultiplex/LM_03_rep1/LM_03_rep1.R1.fastq.gz -2 fastq.demultiplex/LM_03_rep1/LM_03_rep1.R2.fastq.gz -p 8 |samtools view -bS > bam.raw/LM_03_rep1/LM_03_rep1.raw.bam 
Submitted job 19 with external jobid '15172350.tscc-mgr.local'.

[Thu Apr 25 10:00:49 2019]
rule align_bowtie2:
    input: fastq.demultiplex/FC_10_rep2/FC_10_rep2.R1.fastq.gz, fastq.demultiplex/FC_10_rep2/FC_10_rep2.R2.fastq.gz
    output: bam.raw/FC_10_rep2/FC_10_rep2.raw.bam
    jobid: 11
    wildcards: sample=FC_10_rep2
    threads: 8

bowtie2 -x /projects/ps-renlab/share/bowtie2_indexes/mm10     -1 fastq.demultiplex/FC_10_rep2/FC_10_rep2.R1.fastq.gz -2 fastq.demultiplex/FC_10_rep2/FC_10_rep2.R2.fastq.gz -p 8 |samtools view -bS > bam.raw/FC_10_rep2/FC_10_rep2.raw.bam 
Submitted job 11 with external jobid '15172351.tscc-mgr.local'.

[Thu Apr 25 10:00:49 2019]
rule align_bowtie2:
    input: fastq.demultiplex/LM_03_rep2/LM_03_rep2.R1.fastq.gz, fastq.demultiplex/LM_03_rep2/LM_03_rep2.R2.fastq.gz
    output: bam.raw/LM_03_rep2/LM_03_rep2.raw.bam
    jobid: 22
    wildcards: sample=LM_03_rep2
    threads: 8

bowtie2 -x /projects/ps-renlab/share/bowtie2_indexes/mm10     -1 fastq.demultiplex/LM_03_rep2/LM_03_rep2.R1.fastq.gz -2 fastq.demultiplex/LM_03_rep2/LM_03_rep2.R2.fastq.gz -p 8 |samtools view -bS > bam.raw/LM_03_rep2/LM_03_rep2.raw.bam 
Submitted job 22 with external jobid '15172352.tscc-mgr.local'.

[Thu Apr 25 10:00:49 2019]
rule align_bowtie2:
    input: fastq.demultiplex/LM_18_rep1/LM_18_rep1.R1.fastq.gz, fastq.demultiplex/LM_18_rep1/LM_18_rep1.R2.fastq.gz
    output: bam.raw/LM_18_rep1/LM_18_rep1.raw.bam
    jobid: 21
    wildcards: sample=LM_18_rep1
    threads: 8

bowtie2 -x /projects/ps-renlab/share/bowtie2_indexes/mm10     -1 fastq.demultiplex/LM_18_rep1/LM_18_rep1.R1.fastq.gz -2 fastq.demultiplex/LM_18_rep1/LM_18_rep1.R2.fastq.gz -p 8 |samtools view -bS > bam.raw/LM_18_rep1/LM_18_rep1.raw.bam 
Submitted job 21 with external jobid '15172353.tscc-mgr.local'.

[Thu Apr 25 10:00:49 2019]
rule align_bowtie2:
    input: fastq.demultiplex/LM_10_rep2/LM_10_rep2.R1.fastq.gz, fastq.demultiplex/LM_10_rep2/LM_10_rep2.R2.fastq.gz
    output: bam.raw/LM_10_rep2/LM_10_rep2.raw.bam
    jobid: 23
    wildcards: sample=LM_10_rep2
    threads: 8

bowtie2 -x /projects/ps-renlab/share/bowtie2_indexes/mm10     -1 fastq.demultiplex/LM_10_rep2/LM_10_rep2.R1.fastq.gz -2 fastq.demultiplex/LM_10_rep2/LM_10_rep2.R2.fastq.gz -p 8 |samtools view -bS > bam.raw/LM_10_rep2/LM_10_rep2.raw.bam 
Submitted job 23 with external jobid '15172354.tscc-mgr.local'.
Terminating processes on user request, this might take some time.
Will exit after finishing currently running jobs.
Cancelling snakemake on user request.
