Building DAG of jobs...
Using shell: /bin/bash
Provided cluster nodes: 1000
Job counts:
	count	jobs
	24	dedup_bam
	1	require_dedup_bam
	24	sort_bam
	49

[Thu Apr 25 17:58:15 2019]
rule sort_bam:
    input: bam.raw/FC_10_rep1/FC_10_rep1.raw.bam
    output: bam.nsort/FC_10_rep1/FC_10_rep1.picard.nsort.bam
    jobid: 32
    wildcards: sample=FC_10_rep1
    threads: 4

java -jar -Xmx$((4*4))G ../../scripts/utility/picard.jar SortSam         I=bam.raw/FC_10_rep1/FC_10_rep1.raw.bam         O=bam.nsort/FC_10_rep1/FC_10_rep1.picard.nsort.bam         SORT_ORDER=queryname 
Submitted job 32 with external jobid '15174467.tscc-mgr.local'.

[Thu Apr 25 17:58:21 2019]
rule sort_bam:
    input: bam.raw/DH_18_rep1/DH_18_rep1.raw.bam
    output: bam.nsort/DH_18_rep1/DH_18_rep1.picard.nsort.bam
    jobid: 27
    wildcards: sample=DH_18_rep1
    threads: 4

java -jar -Xmx$((4*4))G ../../scripts/utility/picard.jar SortSam         I=bam.raw/DH_18_rep1/DH_18_rep1.raw.bam         O=bam.nsort/DH_18_rep1/DH_18_rep1.picard.nsort.bam         SORT_ORDER=queryname 
Submitted job 27 with external jobid '15174468.tscc-mgr.local'.

[Thu Apr 25 17:58:21 2019]
rule sort_bam:
    input: bam.raw/FC_18_rep1/FC_18_rep1.raw.bam
    output: bam.nsort/FC_18_rep1/FC_18_rep1.picard.nsort.bam
    jobid: 33
    wildcards: sample=FC_18_rep1
    threads: 4

java -jar -Xmx$((4*4))G ../../scripts/utility/picard.jar SortSam         I=bam.raw/FC_18_rep1/FC_18_rep1.raw.bam         O=bam.nsort/FC_18_rep1/FC_18_rep1.picard.nsort.bam         SORT_ORDER=queryname 
Submitted job 33 with external jobid '15174469.tscc-mgr.local'.

[Thu Apr 25 17:58:22 2019]
rule sort_bam:
    input: bam.raw/DH_18_rep2/DH_18_rep2.raw.bam
    output: bam.nsort/DH_18_rep2/DH_18_rep2.picard.nsort.bam
    jobid: 30
    wildcards: sample=DH_18_rep2
    threads: 4

java -jar -Xmx$((4*4))G ../../scripts/utility/picard.jar SortSam         I=bam.raw/DH_18_rep2/DH_18_rep2.raw.bam         O=bam.nsort/DH_18_rep2/DH_18_rep2.picard.nsort.bam         SORT_ORDER=queryname 
Submitted job 30 with external jobid '15174470.tscc-mgr.local'.

[Thu Apr 25 17:58:22 2019]
rule sort_bam:
    input: bam.raw/LM_03_rep2/LM_03_rep2.raw.bam
    output: bam.nsort/LM_03_rep2/LM_03_rep2.picard.nsort.bam
    jobid: 46
    wildcards: sample=LM_03_rep2
    threads: 4

java -jar -Xmx$((4*4))G ../../scripts/utility/picard.jar SortSam         I=bam.raw/LM_03_rep2/LM_03_rep2.raw.bam         O=bam.nsort/LM_03_rep2/LM_03_rep2.picard.nsort.bam         SORT_ORDER=queryname 
Submitted job 46 with external jobid '15174471.tscc-mgr.local'.

[Thu Apr 25 17:58:22 2019]
rule sort_bam:
    input: bam.raw/HT_10_rep1/HT_10_rep1.raw.bam
    output: bam.nsort/HT_10_rep1/HT_10_rep1.picard.nsort.bam
    jobid: 38
    wildcards: sample=HT_10_rep1
    threads: 4

java -jar -Xmx$((4*4))G ../../scripts/utility/picard.jar SortSam         I=bam.raw/HT_10_rep1/HT_10_rep1.raw.bam         O=bam.nsort/HT_10_rep1/HT_10_rep1.picard.nsort.bam         SORT_ORDER=queryname 
Submitted job 38 with external jobid '15174472.tscc-mgr.local'.

[Thu Apr 25 17:58:23 2019]
rule sort_bam:
    input: bam.raw/DH_03_rep1/DH_03_rep1.raw.bam
    output: bam.nsort/DH_03_rep1/DH_03_rep1.picard.nsort.bam
    jobid: 25
    wildcards: sample=DH_03_rep1
    threads: 4

java -jar -Xmx$((4*4))G ../../scripts/utility/picard.jar SortSam         I=bam.raw/DH_03_rep1/DH_03_rep1.raw.bam         O=bam.nsort/DH_03_rep1/DH_03_rep1.picard.nsort.bam         SORT_ORDER=queryname 
Submitted job 25 with external jobid '15174473.tscc-mgr.local'.

[Thu Apr 25 17:58:23 2019]
rule sort_bam:
    input: bam.raw/LM_03_rep1/LM_03_rep1.raw.bam
    output: bam.nsort/LM_03_rep1/LM_03_rep1.picard.nsort.bam
    jobid: 43
    wildcards: sample=LM_03_rep1
    threads: 4

java -jar -Xmx$((4*4))G ../../scripts/utility/picard.jar SortSam         I=bam.raw/LM_03_rep1/LM_03_rep1.raw.bam         O=bam.nsort/LM_03_rep1/LM_03_rep1.picard.nsort.bam         SORT_ORDER=queryname 
Submitted job 43 with external jobid '15174474.tscc-mgr.local'.

[Thu Apr 25 17:58:23 2019]
rule sort_bam:
    input: bam.raw/LM_10_rep2/LM_10_rep2.raw.bam
    output: bam.nsort/LM_10_rep2/LM_10_rep2.picard.nsort.bam
    jobid: 47
    wildcards: sample=LM_10_rep2
    threads: 4

java -jar -Xmx$((4*4))G ../../scripts/utility/picard.jar SortSam         I=bam.raw/LM_10_rep2/LM_10_rep2.raw.bam         O=bam.nsort/LM_10_rep2/LM_10_rep2.picard.nsort.bam         SORT_ORDER=queryname 
Submitted job 47 with external jobid '15174475.tscc-mgr.local'.

[Thu Apr 25 17:58:24 2019]
rule sort_bam:
    input: bam.raw/DH_03_rep2/DH_03_rep2.raw.bam
    output: bam.nsort/DH_03_rep2/DH_03_rep2.picard.nsort.bam
    jobid: 28
    wildcards: sample=DH_03_rep2
    threads: 4

java -jar -Xmx$((4*4))G ../../scripts/utility/picard.jar SortSam         I=bam.raw/DH_03_rep2/DH_03_rep2.raw.bam         O=bam.nsort/DH_03_rep2/DH_03_rep2.picard.nsort.bam         SORT_ORDER=queryname 
Submitted job 28 with external jobid '15174476.tscc-mgr.local'.

[Thu Apr 25 17:58:24 2019]
rule sort_bam:
    input: bam.raw/HT_18_rep1/HT_18_rep1.raw.bam
    output: bam.nsort/HT_18_rep1/HT_18_rep1.picard.nsort.bam
    jobid: 39
    wildcards: sample=HT_18_rep1
    threads: 4

java -jar -Xmx$((4*4))G ../../scripts/utility/picard.jar SortSam         I=bam.raw/HT_18_rep1/HT_18_rep1.raw.bam         O=bam.nsort/HT_18_rep1/HT_18_rep1.picard.nsort.bam         SORT_ORDER=queryname 
Submitted job 39 with external jobid '15174477.tscc-mgr.local'.

[Thu Apr 25 17:58:24 2019]
rule sort_bam:
    input: bam.raw/HT_03_rep1/HT_03_rep1.raw.bam
    output: bam.nsort/HT_03_rep1/HT_03_rep1.picard.nsort.bam
    jobid: 37
    wildcards: sample=HT_03_rep1
    threads: 4

java -jar -Xmx$((4*4))G ../../scripts/utility/picard.jar SortSam         I=bam.raw/HT_03_rep1/HT_03_rep1.raw.bam         O=bam.nsort/HT_03_rep1/HT_03_rep1.picard.nsort.bam         SORT_ORDER=queryname 
Submitted job 37 with external jobid '15174478.tscc-mgr.local'.

[Thu Apr 25 17:58:25 2019]
rule sort_bam:
    input: bam.raw/FC_03_rep1/FC_03_rep1.raw.bam
    output: bam.nsort/FC_03_rep1/FC_03_rep1.picard.nsort.bam
    jobid: 31
    wildcards: sample=FC_03_rep1
    threads: 4

java -jar -Xmx$((4*4))G ../../scripts/utility/picard.jar SortSam         I=bam.raw/FC_03_rep1/FC_03_rep1.raw.bam         O=bam.nsort/FC_03_rep1/FC_03_rep1.picard.nsort.bam         SORT_ORDER=queryname 
Submitted job 31 with external jobid '15174479.tscc-mgr.local'.

[Thu Apr 25 17:58:25 2019]
rule sort_bam:
    input: bam.raw/HT_10_rep2/HT_10_rep2.raw.bam
    output: bam.nsort/HT_10_rep2/HT_10_rep2.picard.nsort.bam
    jobid: 42
    wildcards: sample=HT_10_rep2
    threads: 4

java -jar -Xmx$((4*4))G ../../scripts/utility/picard.jar SortSam         I=bam.raw/HT_10_rep2/HT_10_rep2.raw.bam         O=bam.nsort/HT_10_rep2/HT_10_rep2.picard.nsort.bam         SORT_ORDER=queryname 
Submitted job 42 with external jobid '15174480.tscc-mgr.local'.

[Thu Apr 25 17:58:25 2019]
rule sort_bam:
    input: bam.raw/DH_10_rep1/DH_10_rep1.raw.bam
    output: bam.nsort/DH_10_rep1/DH_10_rep1.picard.nsort.bam
    jobid: 26
    wildcards: sample=DH_10_rep1
    threads: 4

java -jar -Xmx$((4*4))G ../../scripts/utility/picard.jar SortSam         I=bam.raw/DH_10_rep1/DH_10_rep1.raw.bam         O=bam.nsort/DH_10_rep1/DH_10_rep1.picard.nsort.bam         SORT_ORDER=queryname 
Submitted job 26 with external jobid '15174481.tscc-mgr.local'.

[Thu Apr 25 17:58:25 2019]
rule sort_bam:
    input: bam.raw/LM_10_rep1/LM_10_rep1.raw.bam
    output: bam.nsort/LM_10_rep1/LM_10_rep1.picard.nsort.bam
    jobid: 44
    wildcards: sample=LM_10_rep1
    threads: 4

java -jar -Xmx$((4*4))G ../../scripts/utility/picard.jar SortSam         I=bam.raw/LM_10_rep1/LM_10_rep1.raw.bam         O=bam.nsort/LM_10_rep1/LM_10_rep1.picard.nsort.bam         SORT_ORDER=queryname 
Submitted job 44 with external jobid '15174482.tscc-mgr.local'.

[Thu Apr 25 17:58:25 2019]
rule sort_bam:
    input: bam.raw/FC_03_rep2/FC_03_rep2.raw.bam
    output: bam.nsort/FC_03_rep2/FC_03_rep2.picard.nsort.bam
    jobid: 34
    wildcards: sample=FC_03_rep2
    threads: 4

java -jar -Xmx$((4*4))G ../../scripts/utility/picard.jar SortSam         I=bam.raw/FC_03_rep2/FC_03_rep2.raw.bam         O=bam.nsort/FC_03_rep2/FC_03_rep2.picard.nsort.bam         SORT_ORDER=queryname 
Submitted job 34 with external jobid '15174483.tscc-mgr.local'.

[Thu Apr 25 17:58:26 2019]
rule sort_bam:
    input: bam.raw/FC_18_rep2/FC_18_rep2.raw.bam
    output: bam.nsort/FC_18_rep2/FC_18_rep2.picard.nsort.bam
    jobid: 36
    wildcards: sample=FC_18_rep2
    threads: 4

java -jar -Xmx$((4*4))G ../../scripts/utility/picard.jar SortSam         I=bam.raw/FC_18_rep2/FC_18_rep2.raw.bam         O=bam.nsort/FC_18_rep2/FC_18_rep2.picard.nsort.bam         SORT_ORDER=queryname 
Submitted job 36 with external jobid '15174484.tscc-mgr.local'.

[Thu Apr 25 17:58:26 2019]
rule sort_bam:
    input: bam.raw/HT_18_rep2/HT_18_rep2.raw.bam
    output: bam.nsort/HT_18_rep2/HT_18_rep2.picard.nsort.bam
    jobid: 40
    wildcards: sample=HT_18_rep2
    threads: 4

java -jar -Xmx$((4*4))G ../../scripts/utility/picard.jar SortSam         I=bam.raw/HT_18_rep2/HT_18_rep2.raw.bam         O=bam.nsort/HT_18_rep2/HT_18_rep2.picard.nsort.bam         SORT_ORDER=queryname 
Submitted job 40 with external jobid '15174485.tscc-mgr.local'.

[Thu Apr 25 17:58:26 2019]
rule sort_bam:
    input: bam.raw/LM_18_rep1/LM_18_rep1.raw.bam
    output: bam.nsort/LM_18_rep1/LM_18_rep1.picard.nsort.bam
    jobid: 45
    wildcards: sample=LM_18_rep1
    threads: 4

java -jar -Xmx$((4*4))G ../../scripts/utility/picard.jar SortSam         I=bam.raw/LM_18_rep1/LM_18_rep1.raw.bam         O=bam.nsort/LM_18_rep1/LM_18_rep1.picard.nsort.bam         SORT_ORDER=queryname 
Submitted job 45 with external jobid '15174486.tscc-mgr.local'.

[Thu Apr 25 17:58:27 2019]
rule sort_bam:
    input: bam.raw/HT_03_rep2/HT_03_rep2.raw.bam
    output: bam.nsort/HT_03_rep2/HT_03_rep2.picard.nsort.bam
    jobid: 41
    wildcards: sample=HT_03_rep2
    threads: 4

java -jar -Xmx$((4*4))G ../../scripts/utility/picard.jar SortSam         I=bam.raw/HT_03_rep2/HT_03_rep2.raw.bam         O=bam.nsort/HT_03_rep2/HT_03_rep2.picard.nsort.bam         SORT_ORDER=queryname 
Submitted job 41 with external jobid '15174487.tscc-mgr.local'.

[Thu Apr 25 17:58:27 2019]
rule sort_bam:
    input: bam.raw/LM_18_rep2/LM_18_rep2.raw.bam
    output: bam.nsort/LM_18_rep2/LM_18_rep2.picard.nsort.bam
    jobid: 48
    wildcards: sample=LM_18_rep2
    threads: 4

java -jar -Xmx$((4*4))G ../../scripts/utility/picard.jar SortSam         I=bam.raw/LM_18_rep2/LM_18_rep2.raw.bam         O=bam.nsort/LM_18_rep2/LM_18_rep2.picard.nsort.bam         SORT_ORDER=queryname 
Submitted job 48 with external jobid '15174488.tscc-mgr.local'.

[Thu Apr 25 17:58:27 2019]
rule sort_bam:
    input: bam.raw/FC_10_rep2/FC_10_rep2.raw.bam
    output: bam.nsort/FC_10_rep2/FC_10_rep2.picard.nsort.bam
    jobid: 35
    wildcards: sample=FC_10_rep2
    threads: 4

java -jar -Xmx$((4*4))G ../../scripts/utility/picard.jar SortSam         I=bam.raw/FC_10_rep2/FC_10_rep2.raw.bam         O=bam.nsort/FC_10_rep2/FC_10_rep2.picard.nsort.bam         SORT_ORDER=queryname 
Submitted job 35 with external jobid '15174489.tscc-mgr.local'.

[Thu Apr 25 17:58:28 2019]
rule sort_bam:
    input: bam.raw/DH_10_rep2/DH_10_rep2.raw.bam
    output: bam.nsort/DH_10_rep2/DH_10_rep2.picard.nsort.bam
    jobid: 29
    wildcards: sample=DH_10_rep2
    threads: 4

java -jar -Xmx$((4*4))G ../../scripts/utility/picard.jar SortSam         I=bam.raw/DH_10_rep2/DH_10_rep2.raw.bam         O=bam.nsort/DH_10_rep2/DH_10_rep2.picard.nsort.bam         SORT_ORDER=queryname 
Submitted job 29 with external jobid '15174490.tscc-mgr.local'.
[Thu Apr 25 18:16:26 2019]
Finished job 31.
1 of 49 steps (2%) done

[Thu Apr 25 18:16:26 2019]
rule dedup_bam:
    input: bam.nsort/FC_03_rep1/FC_03_rep1.picard.nsort.bam
    output: bam.dedup/FC_03_rep1/FC_03_rep1.dedup.bam
    log: bam.dedup/FC_03_rep1/FC_03_rep1.dedup.log
    jobid: 7
    wildcards: sample=FC_03_rep1
    threads: 4

java -XX:ParallelGCThreads=4 -Xmx$((4*4))G -jar     ../../scripts/utility/picard.jar MarkDuplicates     TMP_DIR=bam.dedup/tmp/FC_03_rep1     INPUT=bam.nsort/FC_03_rep1/FC_03_rep1.picard.nsort.bam OUTPUT= bam.dedup/FC_03_rep1/FC_03_rep1.dedup.bam VALIDATION_STRINGENCY=LENIENT     REMOVE_DUPLICATES=True ASSUME_SORT_ORDER=queryname     METRICS_FILE=bam.dedup/FC_03_rep1/FC_03_rep1.dedup.qc BARCODE_TAG=BX     2> bam.dedup/FC_03_rep1/FC_03_rep1.dedup.log
Submitted job 7 with external jobid '15174518.tscc-mgr.local'.
[Thu Apr 25 18:17:14 2019]
Finished job 27.
2 of 49 steps (4%) done
[Thu Apr 25 18:17:14 2019]
Finished job 33.
3 of 49 steps (6%) done

[Thu Apr 25 18:17:14 2019]
rule dedup_bam:
    input: bam.nsort/DH_18_rep1/DH_18_rep1.picard.nsort.bam
    output: bam.dedup/DH_18_rep1/DH_18_rep1.dedup.bam
    log: bam.dedup/DH_18_rep1/DH_18_rep1.dedup.log
    jobid: 3
    wildcards: sample=DH_18_rep1
    threads: 4

java -XX:ParallelGCThreads=4 -Xmx$((4*4))G -jar     ../../scripts/utility/picard.jar MarkDuplicates     TMP_DIR=bam.dedup/tmp/DH_18_rep1     INPUT=bam.nsort/DH_18_rep1/DH_18_rep1.picard.nsort.bam OUTPUT= bam.dedup/DH_18_rep1/DH_18_rep1.dedup.bam VALIDATION_STRINGENCY=LENIENT     REMOVE_DUPLICATES=True ASSUME_SORT_ORDER=queryname     METRICS_FILE=bam.dedup/DH_18_rep1/DH_18_rep1.dedup.qc BARCODE_TAG=BX     2> bam.dedup/DH_18_rep1/DH_18_rep1.dedup.log
Submitted job 3 with external jobid '15174520.tscc-mgr.local'.

[Thu Apr 25 18:17:15 2019]
rule dedup_bam:
    input: bam.nsort/FC_18_rep1/FC_18_rep1.picard.nsort.bam
    output: bam.dedup/FC_18_rep1/FC_18_rep1.dedup.bam
    log: bam.dedup/FC_18_rep1/FC_18_rep1.dedup.log
    jobid: 9
    wildcards: sample=FC_18_rep1
    threads: 4

java -XX:ParallelGCThreads=4 -Xmx$((4*4))G -jar     ../../scripts/utility/picard.jar MarkDuplicates     TMP_DIR=bam.dedup/tmp/FC_18_rep1     INPUT=bam.nsort/FC_18_rep1/FC_18_rep1.picard.nsort.bam OUTPUT= bam.dedup/FC_18_rep1/FC_18_rep1.dedup.bam VALIDATION_STRINGENCY=LENIENT     REMOVE_DUPLICATES=True ASSUME_SORT_ORDER=queryname     METRICS_FILE=bam.dedup/FC_18_rep1/FC_18_rep1.dedup.qc BARCODE_TAG=BX     2> bam.dedup/FC_18_rep1/FC_18_rep1.dedup.log
Submitted job 9 with external jobid '15174521.tscc-mgr.local'.
[Thu Apr 25 18:17:15 2019]
Finished job 25.
4 of 49 steps (8%) done

[Thu Apr 25 18:17:15 2019]
rule dedup_bam:
    input: bam.nsort/DH_03_rep1/DH_03_rep1.picard.nsort.bam
    output: bam.dedup/DH_03_rep1/DH_03_rep1.dedup.bam
    log: bam.dedup/DH_03_rep1/DH_03_rep1.dedup.log
    jobid: 1
    wildcards: sample=DH_03_rep1
    threads: 4

java -XX:ParallelGCThreads=4 -Xmx$((4*4))G -jar     ../../scripts/utility/picard.jar MarkDuplicates     TMP_DIR=bam.dedup/tmp/DH_03_rep1     INPUT=bam.nsort/DH_03_rep1/DH_03_rep1.picard.nsort.bam OUTPUT= bam.dedup/DH_03_rep1/DH_03_rep1.dedup.bam VALIDATION_STRINGENCY=LENIENT     REMOVE_DUPLICATES=True ASSUME_SORT_ORDER=queryname     METRICS_FILE=bam.dedup/DH_03_rep1/DH_03_rep1.dedup.qc BARCODE_TAG=BX     2> bam.dedup/DH_03_rep1/DH_03_rep1.dedup.log
Submitted job 1 with external jobid '15174522.tscc-mgr.local'.
[Thu Apr 25 18:29:04 2019]
Finished job 26.
5 of 49 steps (10%) done

[Thu Apr 25 18:29:04 2019]
rule dedup_bam:
    input: bam.nsort/DH_10_rep1/DH_10_rep1.picard.nsort.bam
    output: bam.dedup/DH_10_rep1/DH_10_rep1.dedup.bam
    log: bam.dedup/DH_10_rep1/DH_10_rep1.dedup.log
    jobid: 2
    wildcards: sample=DH_10_rep1
    threads: 4

java -XX:ParallelGCThreads=4 -Xmx$((4*4))G -jar     ../../scripts/utility/picard.jar MarkDuplicates     TMP_DIR=bam.dedup/tmp/DH_10_rep1     INPUT=bam.nsort/DH_10_rep1/DH_10_rep1.picard.nsort.bam OUTPUT= bam.dedup/DH_10_rep1/DH_10_rep1.dedup.bam VALIDATION_STRINGENCY=LENIENT     REMOVE_DUPLICATES=True ASSUME_SORT_ORDER=queryname     METRICS_FILE=bam.dedup/DH_10_rep1/DH_10_rep1.dedup.qc BARCODE_TAG=BX     2> bam.dedup/DH_10_rep1/DH_10_rep1.dedup.log
Submitted job 2 with external jobid '15174549.tscc-mgr.local'.
[Thu Apr 25 18:36:53 2019]
Finished job 32.
6 of 49 steps (12%) done

[Thu Apr 25 18:36:53 2019]
rule dedup_bam:
    input: bam.nsort/FC_10_rep1/FC_10_rep1.picard.nsort.bam
    output: bam.dedup/FC_10_rep1/FC_10_rep1.dedup.bam
    log: bam.dedup/FC_10_rep1/FC_10_rep1.dedup.log
    jobid: 8
    wildcards: sample=FC_10_rep1
    threads: 4

java -XX:ParallelGCThreads=4 -Xmx$((4*4))G -jar     ../../scripts/utility/picard.jar MarkDuplicates     TMP_DIR=bam.dedup/tmp/FC_10_rep1     INPUT=bam.nsort/FC_10_rep1/FC_10_rep1.picard.nsort.bam OUTPUT= bam.dedup/FC_10_rep1/FC_10_rep1.dedup.bam VALIDATION_STRINGENCY=LENIENT     REMOVE_DUPLICATES=True ASSUME_SORT_ORDER=queryname     METRICS_FILE=bam.dedup/FC_10_rep1/FC_10_rep1.dedup.qc BARCODE_TAG=BX     2> bam.dedup/FC_10_rep1/FC_10_rep1.dedup.log
Submitted job 8 with external jobid '15174576.tscc-mgr.local'.
[Thu Apr 25 18:37:06 2019]
Finished job 45.
7 of 49 steps (14%) done

[Thu Apr 25 18:37:06 2019]
rule dedup_bam:
    input: bam.nsort/LM_18_rep1/LM_18_rep1.picard.nsort.bam
    output: bam.dedup/LM_18_rep1/LM_18_rep1.dedup.bam
    log: bam.dedup/LM_18_rep1/LM_18_rep1.dedup.log
    jobid: 21
    wildcards: sample=LM_18_rep1
    threads: 4

java -XX:ParallelGCThreads=4 -Xmx$((4*4))G -jar     ../../scripts/utility/picard.jar MarkDuplicates     TMP_DIR=bam.dedup/tmp/LM_18_rep1     INPUT=bam.nsort/LM_18_rep1/LM_18_rep1.picard.nsort.bam OUTPUT= bam.dedup/LM_18_rep1/LM_18_rep1.dedup.bam VALIDATION_STRINGENCY=LENIENT     REMOVE_DUPLICATES=True ASSUME_SORT_ORDER=queryname     METRICS_FILE=bam.dedup/LM_18_rep1/LM_18_rep1.dedup.qc BARCODE_TAG=BX     2> bam.dedup/LM_18_rep1/LM_18_rep1.dedup.log
Submitted job 21 with external jobid '15174577.tscc-mgr.local'.
[Thu Apr 25 18:37:41 2019]
Finished job 46.
8 of 49 steps (16%) done

[Thu Apr 25 18:37:41 2019]
rule dedup_bam:
    input: bam.nsort/LM_03_rep2/LM_03_rep2.picard.nsort.bam
    output: bam.dedup/LM_03_rep2/LM_03_rep2.dedup.bam
    log: bam.dedup/LM_03_rep2/LM_03_rep2.dedup.log
    jobid: 22
    wildcards: sample=LM_03_rep2
    threads: 4

java -XX:ParallelGCThreads=4 -Xmx$((4*4))G -jar     ../../scripts/utility/picard.jar MarkDuplicates     TMP_DIR=bam.dedup/tmp/LM_03_rep2     INPUT=bam.nsort/LM_03_rep2/LM_03_rep2.picard.nsort.bam OUTPUT= bam.dedup/LM_03_rep2/LM_03_rep2.dedup.bam VALIDATION_STRINGENCY=LENIENT     REMOVE_DUPLICATES=True ASSUME_SORT_ORDER=queryname     METRICS_FILE=bam.dedup/LM_03_rep2/LM_03_rep2.dedup.qc BARCODE_TAG=BX     2> bam.dedup/LM_03_rep2/LM_03_rep2.dedup.log
Submitted job 22 with external jobid '15174580.tscc-mgr.local'.
[Thu Apr 25 18:40:30 2019]
Finished job 43.
9 of 49 steps (18%) done

[Thu Apr 25 18:40:30 2019]
rule dedup_bam:
    input: bam.nsort/LM_03_rep1/LM_03_rep1.picard.nsort.bam
    output: bam.dedup/LM_03_rep1/LM_03_rep1.dedup.bam
    log: bam.dedup/LM_03_rep1/LM_03_rep1.dedup.log
    jobid: 19
    wildcards: sample=LM_03_rep1
    threads: 4

java -XX:ParallelGCThreads=4 -Xmx$((4*4))G -jar     ../../scripts/utility/picard.jar MarkDuplicates     TMP_DIR=bam.dedup/tmp/LM_03_rep1     INPUT=bam.nsort/LM_03_rep1/LM_03_rep1.picard.nsort.bam OUTPUT= bam.dedup/LM_03_rep1/LM_03_rep1.dedup.bam VALIDATION_STRINGENCY=LENIENT     REMOVE_DUPLICATES=True ASSUME_SORT_ORDER=queryname     METRICS_FILE=bam.dedup/LM_03_rep1/LM_03_rep1.dedup.qc BARCODE_TAG=BX     2> bam.dedup/LM_03_rep1/LM_03_rep1.dedup.log
Submitted job 19 with external jobid '15174586.tscc-mgr.local'.
[Thu Apr 25 18:43:17 2019]
Finished job 34.
10 of 49 steps (20%) done

[Thu Apr 25 18:43:17 2019]
rule dedup_bam:
    input: bam.nsort/FC_03_rep2/FC_03_rep2.picard.nsort.bam
    output: bam.dedup/FC_03_rep2/FC_03_rep2.dedup.bam
    log: bam.dedup/FC_03_rep2/FC_03_rep2.dedup.log
    jobid: 10
    wildcards: sample=FC_03_rep2
    threads: 4

java -XX:ParallelGCThreads=4 -Xmx$((4*4))G -jar     ../../scripts/utility/picard.jar MarkDuplicates     TMP_DIR=bam.dedup/tmp/FC_03_rep2     INPUT=bam.nsort/FC_03_rep2/FC_03_rep2.picard.nsort.bam OUTPUT= bam.dedup/FC_03_rep2/FC_03_rep2.dedup.bam VALIDATION_STRINGENCY=LENIENT     REMOVE_DUPLICATES=True ASSUME_SORT_ORDER=queryname     METRICS_FILE=bam.dedup/FC_03_rep2/FC_03_rep2.dedup.qc BARCODE_TAG=BX     2> bam.dedup/FC_03_rep2/FC_03_rep2.dedup.log
Submitted job 10 with external jobid '15174599.tscc-mgr.local'.
[Thu Apr 25 18:45:06 2019]
Finished job 48.
11 of 49 steps (22%) done

[Thu Apr 25 18:45:07 2019]
rule dedup_bam:
    input: bam.nsort/LM_18_rep2/LM_18_rep2.picard.nsort.bam
    output: bam.dedup/LM_18_rep2/LM_18_rep2.dedup.bam
    log: bam.dedup/LM_18_rep2/LM_18_rep2.dedup.log
    jobid: 24
    wildcards: sample=LM_18_rep2
    threads: 4

java -XX:ParallelGCThreads=4 -Xmx$((4*4))G -jar     ../../scripts/utility/picard.jar MarkDuplicates     TMP_DIR=bam.dedup/tmp/LM_18_rep2     INPUT=bam.nsort/LM_18_rep2/LM_18_rep2.picard.nsort.bam OUTPUT= bam.dedup/LM_18_rep2/LM_18_rep2.dedup.bam VALIDATION_STRINGENCY=LENIENT     REMOVE_DUPLICATES=True ASSUME_SORT_ORDER=queryname     METRICS_FILE=bam.dedup/LM_18_rep2/LM_18_rep2.dedup.qc BARCODE_TAG=BX     2> bam.dedup/LM_18_rep2/LM_18_rep2.dedup.log
Submitted job 24 with external jobid '15174602.tscc-mgr.local'.
[Thu Apr 25 18:45:18 2019]
Finished job 36.
12 of 49 steps (24%) done

[Thu Apr 25 18:45:18 2019]
rule dedup_bam:
    input: bam.nsort/FC_18_rep2/FC_18_rep2.picard.nsort.bam
    output: bam.dedup/FC_18_rep2/FC_18_rep2.dedup.bam
    log: bam.dedup/FC_18_rep2/FC_18_rep2.dedup.log
    jobid: 12
    wildcards: sample=FC_18_rep2
    threads: 4

java -XX:ParallelGCThreads=4 -Xmx$((4*4))G -jar     ../../scripts/utility/picard.jar MarkDuplicates     TMP_DIR=bam.dedup/tmp/FC_18_rep2     INPUT=bam.nsort/FC_18_rep2/FC_18_rep2.picard.nsort.bam OUTPUT= bam.dedup/FC_18_rep2/FC_18_rep2.dedup.bam VALIDATION_STRINGENCY=LENIENT     REMOVE_DUPLICATES=True ASSUME_SORT_ORDER=queryname     METRICS_FILE=bam.dedup/FC_18_rep2/FC_18_rep2.dedup.qc BARCODE_TAG=BX     2> bam.dedup/FC_18_rep2/FC_18_rep2.dedup.log
Submitted job 12 with external jobid '15174604.tscc-mgr.local'.
[Thu Apr 25 18:47:54 2019]
Finished job 30.
13 of 49 steps (27%) done

[Thu Apr 25 18:47:54 2019]
rule dedup_bam:
    input: bam.nsort/DH_18_rep2/DH_18_rep2.picard.nsort.bam
    output: bam.dedup/DH_18_rep2/DH_18_rep2.dedup.bam
    log: bam.dedup/DH_18_rep2/DH_18_rep2.dedup.log
    jobid: 6
    wildcards: sample=DH_18_rep2
    threads: 4

java -XX:ParallelGCThreads=4 -Xmx$((4*4))G -jar     ../../scripts/utility/picard.jar MarkDuplicates     TMP_DIR=bam.dedup/tmp/DH_18_rep2     INPUT=bam.nsort/DH_18_rep2/DH_18_rep2.picard.nsort.bam OUTPUT= bam.dedup/DH_18_rep2/DH_18_rep2.dedup.bam VALIDATION_STRINGENCY=LENIENT     REMOVE_DUPLICATES=True ASSUME_SORT_ORDER=queryname     METRICS_FILE=bam.dedup/DH_18_rep2/DH_18_rep2.dedup.qc BARCODE_TAG=BX     2> bam.dedup/DH_18_rep2/DH_18_rep2.dedup.log
[Thu Apr 25 18:47:55 2019]
Finished job 37.
14 of 49 steps (29%) done
Submitted job 6 with external jobid '15174609.tscc-mgr.local'.

[Thu Apr 25 18:48:00 2019]
rule dedup_bam:
    input: bam.nsort/HT_03_rep1/HT_03_rep1.picard.nsort.bam
    output: bam.dedup/HT_03_rep1/HT_03_rep1.dedup.bam
    log: bam.dedup/HT_03_rep1/HT_03_rep1.dedup.log
    jobid: 13
    wildcards: sample=HT_03_rep1
    threads: 4

java -XX:ParallelGCThreads=4 -Xmx$((4*4))G -jar     ../../scripts/utility/picard.jar MarkDuplicates     TMP_DIR=bam.dedup/tmp/HT_03_rep1     INPUT=bam.nsort/HT_03_rep1/HT_03_rep1.picard.nsort.bam OUTPUT= bam.dedup/HT_03_rep1/HT_03_rep1.dedup.bam VALIDATION_STRINGENCY=LENIENT     REMOVE_DUPLICATES=True ASSUME_SORT_ORDER=queryname     METRICS_FILE=bam.dedup/HT_03_rep1/HT_03_rep1.dedup.qc BARCODE_TAG=BX     2> bam.dedup/HT_03_rep1/HT_03_rep1.dedup.log
Submitted job 13 with external jobid '15174610.tscc-mgr.local'.
[Thu Apr 25 18:52:30 2019]
Error in rule dedup_bam:
    jobid: 1
    output: bam.dedup/DH_03_rep1/DH_03_rep1.dedup.bam
    log: bam.dedup/DH_03_rep1/DH_03_rep1.dedup.log
    cluster_jobid: 15174522.tscc-mgr.local

Job failed, going on with independent jobs.
[Thu Apr 25 18:53:07 2019]
Finished job 7.
15 of 49 steps (31%) done
[Thu Apr 25 18:53:18 2019]
Finished job 28.
16 of 49 steps (33%) done

[Thu Apr 25 18:53:18 2019]
rule dedup_bam:
    input: bam.nsort/DH_03_rep2/DH_03_rep2.picard.nsort.bam
    output: bam.dedup/DH_03_rep2/DH_03_rep2.dedup.bam
    log: bam.dedup/DH_03_rep2/DH_03_rep2.dedup.log
    jobid: 4
    wildcards: sample=DH_03_rep2
    threads: 4

java -XX:ParallelGCThreads=4 -Xmx$((4*4))G -jar     ../../scripts/utility/picard.jar MarkDuplicates     TMP_DIR=bam.dedup/tmp/DH_03_rep2     INPUT=bam.nsort/DH_03_rep2/DH_03_rep2.picard.nsort.bam OUTPUT= bam.dedup/DH_03_rep2/DH_03_rep2.dedup.bam VALIDATION_STRINGENCY=LENIENT     REMOVE_DUPLICATES=True ASSUME_SORT_ORDER=queryname     METRICS_FILE=bam.dedup/DH_03_rep2/DH_03_rep2.dedup.qc BARCODE_TAG=BX     2> bam.dedup/DH_03_rep2/DH_03_rep2.dedup.log
Submitted job 4 with external jobid '15174627.tscc-mgr.local'.
[Thu Apr 25 18:54:06 2019]
Finished job 42.
17 of 49 steps (35%) done

[Thu Apr 25 18:54:06 2019]
rule dedup_bam:
    input: bam.nsort/HT_10_rep2/HT_10_rep2.picard.nsort.bam
    output: bam.dedup/HT_10_rep2/HT_10_rep2.dedup.bam
    log: bam.dedup/HT_10_rep2/HT_10_rep2.dedup.log
    jobid: 18
    wildcards: sample=HT_10_rep2
    threads: 4

java -XX:ParallelGCThreads=4 -Xmx$((4*4))G -jar     ../../scripts/utility/picard.jar MarkDuplicates     TMP_DIR=bam.dedup/tmp/HT_10_rep2     INPUT=bam.nsort/HT_10_rep2/HT_10_rep2.picard.nsort.bam OUTPUT= bam.dedup/HT_10_rep2/HT_10_rep2.dedup.bam VALIDATION_STRINGENCY=LENIENT     REMOVE_DUPLICATES=True ASSUME_SORT_ORDER=queryname     METRICS_FILE=bam.dedup/HT_10_rep2/HT_10_rep2.dedup.qc BARCODE_TAG=BX     2> bam.dedup/HT_10_rep2/HT_10_rep2.dedup.log
Submitted job 18 with external jobid '15174657.tscc-mgr.local'.
[Thu Apr 25 19:02:56 2019]
Finished job 41.
18 of 49 steps (37%) done

[Thu Apr 25 19:02:56 2019]
rule dedup_bam:
    input: bam.nsort/HT_03_rep2/HT_03_rep2.picard.nsort.bam
    output: bam.dedup/HT_03_rep2/HT_03_rep2.dedup.bam
    log: bam.dedup/HT_03_rep2/HT_03_rep2.dedup.log
    jobid: 17
    wildcards: sample=HT_03_rep2
    threads: 4

java -XX:ParallelGCThreads=4 -Xmx$((4*4))G -jar     ../../scripts/utility/picard.jar MarkDuplicates     TMP_DIR=bam.dedup/tmp/HT_03_rep2     INPUT=bam.nsort/HT_03_rep2/HT_03_rep2.picard.nsort.bam OUTPUT= bam.dedup/HT_03_rep2/HT_03_rep2.dedup.bam VALIDATION_STRINGENCY=LENIENT     REMOVE_DUPLICATES=True ASSUME_SORT_ORDER=queryname     METRICS_FILE=bam.dedup/HT_03_rep2/HT_03_rep2.dedup.qc BARCODE_TAG=BX     2> bam.dedup/HT_03_rep2/HT_03_rep2.dedup.log
Submitted job 17 with external jobid '15174706.tscc-mgr.local'.
[Thu Apr 25 19:03:07 2019]
Finished job 39.
19 of 49 steps (39%) done

[Thu Apr 25 19:03:07 2019]
rule dedup_bam:
    input: bam.nsort/HT_18_rep1/HT_18_rep1.picard.nsort.bam
    output: bam.dedup/HT_18_rep1/HT_18_rep1.dedup.bam
    log: bam.dedup/HT_18_rep1/HT_18_rep1.dedup.log
    jobid: 15
    wildcards: sample=HT_18_rep1
    threads: 4

java -XX:ParallelGCThreads=4 -Xmx$((4*4))G -jar     ../../scripts/utility/picard.jar MarkDuplicates     TMP_DIR=bam.dedup/tmp/HT_18_rep1     INPUT=bam.nsort/HT_18_rep1/HT_18_rep1.picard.nsort.bam OUTPUT= bam.dedup/HT_18_rep1/HT_18_rep1.dedup.bam VALIDATION_STRINGENCY=LENIENT     REMOVE_DUPLICATES=True ASSUME_SORT_ORDER=queryname     METRICS_FILE=bam.dedup/HT_18_rep1/HT_18_rep1.dedup.qc BARCODE_TAG=BX     2> bam.dedup/HT_18_rep1/HT_18_rep1.dedup.log
Submitted job 15 with external jobid '15174707.tscc-mgr.local'.
[Thu Apr 25 19:06:43 2019]
Finished job 47.
20 of 49 steps (41%) done

[Thu Apr 25 19:06:43 2019]
rule dedup_bam:
    input: bam.nsort/LM_10_rep2/LM_10_rep2.picard.nsort.bam
    output: bam.dedup/LM_10_rep2/LM_10_rep2.dedup.bam
    log: bam.dedup/LM_10_rep2/LM_10_rep2.dedup.log
    jobid: 23
    wildcards: sample=LM_10_rep2
    threads: 4

java -XX:ParallelGCThreads=4 -Xmx$((4*4))G -jar     ../../scripts/utility/picard.jar MarkDuplicates     TMP_DIR=bam.dedup/tmp/LM_10_rep2     INPUT=bam.nsort/LM_10_rep2/LM_10_rep2.picard.nsort.bam OUTPUT= bam.dedup/LM_10_rep2/LM_10_rep2.dedup.bam VALIDATION_STRINGENCY=LENIENT     REMOVE_DUPLICATES=True ASSUME_SORT_ORDER=queryname     METRICS_FILE=bam.dedup/LM_10_rep2/LM_10_rep2.dedup.qc BARCODE_TAG=BX     2> bam.dedup/LM_10_rep2/LM_10_rep2.dedup.log
[Thu Apr 25 19:06:44 2019]
Finished job 29.
21 of 49 steps (43%) done
Submitted job 23 with external jobid '15174716.tscc-mgr.local'.

[Thu Apr 25 19:06:49 2019]
rule dedup_bam:
    input: bam.nsort/DH_10_rep2/DH_10_rep2.picard.nsort.bam
    output: bam.dedup/DH_10_rep2/DH_10_rep2.dedup.bam
    log: bam.dedup/DH_10_rep2/DH_10_rep2.dedup.log
    jobid: 5
    wildcards: sample=DH_10_rep2
    threads: 4

java -XX:ParallelGCThreads=4 -Xmx$((4*4))G -jar     ../../scripts/utility/picard.jar MarkDuplicates     TMP_DIR=bam.dedup/tmp/DH_10_rep2     INPUT=bam.nsort/DH_10_rep2/DH_10_rep2.picard.nsort.bam OUTPUT= bam.dedup/DH_10_rep2/DH_10_rep2.dedup.bam VALIDATION_STRINGENCY=LENIENT     REMOVE_DUPLICATES=True ASSUME_SORT_ORDER=queryname     METRICS_FILE=bam.dedup/DH_10_rep2/DH_10_rep2.dedup.qc BARCODE_TAG=BX     2> bam.dedup/DH_10_rep2/DH_10_rep2.dedup.log
Submitted job 5 with external jobid '15174717.tscc-mgr.local'.
[Thu Apr 25 19:10:21 2019]
Error in rule dedup_bam:
    jobid: 4
    output: bam.dedup/DH_03_rep2/DH_03_rep2.dedup.bam
    log: bam.dedup/DH_03_rep2/DH_03_rep2.dedup.log
    cluster_jobid: 15174627.tscc-mgr.local

Job failed, going on with independent jobs.
[Thu Apr 25 19:13:08 2019]
Finished job 44.
22 of 49 steps (45%) done

[Thu Apr 25 19:13:08 2019]
rule dedup_bam:
    input: bam.nsort/LM_10_rep1/LM_10_rep1.picard.nsort.bam
    output: bam.dedup/LM_10_rep1/LM_10_rep1.dedup.bam
    log: bam.dedup/LM_10_rep1/LM_10_rep1.dedup.log
    jobid: 20
    wildcards: sample=LM_10_rep1
    threads: 4

java -XX:ParallelGCThreads=4 -Xmx$((4*4))G -jar     ../../scripts/utility/picard.jar MarkDuplicates     TMP_DIR=bam.dedup/tmp/LM_10_rep1     INPUT=bam.nsort/LM_10_rep1/LM_10_rep1.picard.nsort.bam OUTPUT= bam.dedup/LM_10_rep1/LM_10_rep1.dedup.bam VALIDATION_STRINGENCY=LENIENT     REMOVE_DUPLICATES=True ASSUME_SORT_ORDER=queryname     METRICS_FILE=bam.dedup/LM_10_rep1/LM_10_rep1.dedup.qc BARCODE_TAG=BX     2> bam.dedup/LM_10_rep1/LM_10_rep1.dedup.log
Submitted job 20 with external jobid '15174742.tscc-mgr.local'.
[Thu Apr 25 19:13:56 2019]
Finished job 9.
23 of 49 steps (47%) done
[Thu Apr 25 19:13:56 2019]
Finished job 35.
24 of 49 steps (49%) done

[Thu Apr 25 19:13:57 2019]
rule dedup_bam:
    input: bam.nsort/FC_10_rep2/FC_10_rep2.picard.nsort.bam
    output: bam.dedup/FC_10_rep2/FC_10_rep2.dedup.bam
    log: bam.dedup/FC_10_rep2/FC_10_rep2.dedup.log
    jobid: 11
    wildcards: sample=FC_10_rep2
    threads: 4

java -XX:ParallelGCThreads=4 -Xmx$((4*4))G -jar     ../../scripts/utility/picard.jar MarkDuplicates     TMP_DIR=bam.dedup/tmp/FC_10_rep2     INPUT=bam.nsort/FC_10_rep2/FC_10_rep2.picard.nsort.bam OUTPUT= bam.dedup/FC_10_rep2/FC_10_rep2.dedup.bam VALIDATION_STRINGENCY=LENIENT     REMOVE_DUPLICATES=True ASSUME_SORT_ORDER=queryname     METRICS_FILE=bam.dedup/FC_10_rep2/FC_10_rep2.dedup.qc BARCODE_TAG=BX     2> bam.dedup/FC_10_rep2/FC_10_rep2.dedup.log
Submitted job 11 with external jobid '15174744.tscc-mgr.local'.
[Thu Apr 25 19:23:46 2019]
Finished job 38.
25 of 49 steps (51%) done

[Thu Apr 25 19:23:46 2019]
rule dedup_bam:
    input: bam.nsort/HT_10_rep1/HT_10_rep1.picard.nsort.bam
    output: bam.dedup/HT_10_rep1/HT_10_rep1.dedup.bam
    log: bam.dedup/HT_10_rep1/HT_10_rep1.dedup.log
    jobid: 14
    wildcards: sample=HT_10_rep1
    threads: 4

java -XX:ParallelGCThreads=4 -Xmx$((4*4))G -jar     ../../scripts/utility/picard.jar MarkDuplicates     TMP_DIR=bam.dedup/tmp/HT_10_rep1     INPUT=bam.nsort/HT_10_rep1/HT_10_rep1.picard.nsort.bam OUTPUT= bam.dedup/HT_10_rep1/HT_10_rep1.dedup.bam VALIDATION_STRINGENCY=LENIENT     REMOVE_DUPLICATES=True ASSUME_SORT_ORDER=queryname     METRICS_FILE=bam.dedup/HT_10_rep1/HT_10_rep1.dedup.qc BARCODE_TAG=BX     2> bam.dedup/HT_10_rep1/HT_10_rep1.dedup.log
Submitted job 14 with external jobid '15174783.tscc-mgr.local'.
[Thu Apr 25 19:34:00 2019]
Finished job 3.
26 of 49 steps (53%) done
[Thu Apr 25 19:41:55 2019]
Finished job 40.
27 of 49 steps (55%) done

[Thu Apr 25 19:41:55 2019]
rule dedup_bam:
    input: bam.nsort/HT_18_rep2/HT_18_rep2.picard.nsort.bam
    output: bam.dedup/HT_18_rep2/HT_18_rep2.dedup.bam
    log: bam.dedup/HT_18_rep2/HT_18_rep2.dedup.log
    jobid: 16
    wildcards: sample=HT_18_rep2
    threads: 4

java -XX:ParallelGCThreads=4 -Xmx$((4*4))G -jar     ../../scripts/utility/picard.jar MarkDuplicates     TMP_DIR=bam.dedup/tmp/HT_18_rep2     INPUT=bam.nsort/HT_18_rep2/HT_18_rep2.picard.nsort.bam OUTPUT= bam.dedup/HT_18_rep2/HT_18_rep2.dedup.bam VALIDATION_STRINGENCY=LENIENT     REMOVE_DUPLICATES=True ASSUME_SORT_ORDER=queryname     METRICS_FILE=bam.dedup/HT_18_rep2/HT_18_rep2.dedup.qc BARCODE_TAG=BX     2> bam.dedup/HT_18_rep2/HT_18_rep2.dedup.log
Submitted job 16 with external jobid '15174844.tscc-mgr.local'.
[Thu Apr 25 20:05:31 2019]
Finished job 2.
28 of 49 steps (57%) done
[Thu Apr 25 20:28:07 2019]
Finished job 22.
29 of 49 steps (59%) done
[Thu Apr 25 20:28:08 2019]
Finished job 8.
30 of 49 steps (61%) done
[Thu Apr 25 20:40:58 2019]
Finished job 21.
31 of 49 steps (63%) done
[Thu Apr 25 20:42:48 2019]
Finished job 19.
32 of 49 steps (65%) done
[Thu Apr 25 21:00:14 2019]
Finished job 12.
33 of 49 steps (67%) done
[Thu Apr 25 21:04:06 2019]
Finished job 13.
34 of 49 steps (69%) done
[Thu Apr 25 21:06:51 2019]
Finished job 10.
35 of 49 steps (71%) done
[Thu Apr 25 21:12:43 2019]
Finished job 6.
36 of 49 steps (73%) done
[Thu Apr 25 21:31:15 2019]
Finished job 24.
37 of 49 steps (76%) done
[Thu Apr 25 22:14:00 2019]
Finished job 15.
38 of 49 steps (78%) done
[Thu Apr 25 22:19:31 2019]
Finished job 23.
39 of 49 steps (80%) done
Terminating processes on user request, this might take some time.
Will exit after finishing currently running jobs.
Complete log: /projects/ps-renlab/yanxiao/projects/mouse_aging/scripts/pre_processing/.snakemake/log/2019-04-25T175809.272712.snakemake.log
