Building DAG of jobs...
Using shell: /usr/bin/bash
Provided cores: 30
Rules claiming more threads will be scaled down.
Job counts:
	count	jobs
	1	alignment
	1	all
	2

[Fri Mar 13 16:51:22 2020]
rule alignment:
    input: fastq.cluster/FC_10_rep2.18.R1.fastq.gz, fastq.cluster/FC_10_rep2.18.R2.fastq.gz
    output: bam/FC_10_rep2.18.bam
    jobid: 4
    wildcards: tissue=FC_10, time_rep=rep2, cluster=18
    threads: 8

Terminating processes on user request, this might take some time.
[Fri Mar 13 16:52:10 2020]
Error in rule alignment:
    jobid: 4
    output: bam/FC_10_rep2.18.bam

RuleException:
CalledProcessError in line 26 of /mnt/tscc/yanxiao/projects/mouse_aging/scripts/repEnrich_analysis/Snakemake.RepEnrich2:
Command ' set -euo pipefail;  bowtie2 -q -p 8 -x /projects/ps-renlab/share/bowtie2_indexes/mm10 -1 <(zcat fastq.cluster/FC_10_rep2.18.R1.fastq.gz) -2 <(zcat fastq.cluster/FC_10_rep2.18.R2.fastq.gz) |samtools view -bS - > bam/FC_10_rep2.18.bam ' returned non-zero exit status 130.
  File "/mnt/tscc/yanxiao/projects/mouse_aging/scripts/repEnrich_analysis/Snakemake.RepEnrich2", line 26, in __rule_alignment
  File "/projects/ps-renlab/yanxiao/software/miniconda3/lib/python3.6/concurrent/futures/thread.py", line 56, in run
Removing output files of failed job alignment since they might be corrupted:
bam/FC_10_rep2.18.bam
Complete log: /mnt/tscc/yanxiao/projects/mouse_aging/scripts/repEnrich_analysis/.snakemake/log/2020-03-13T165122.040530.snakemake.log
