Building DAG of jobs...
Using shell: /bin/bash
Provided cluster nodes: 150
Job counts:
	count	jobs
	4	alignment
	1	all
	102	run_repEnrich2
	97	subset_bam
	204

[Sat Mar 14 15:11:32 2020]
rule subset_bam:
    input: bam/FC_03_rep1.2.bam
    output: bam/FC_03_rep1.2_unique.bam, bam/FC_03_rep1.2_multimap_R1.fastq, bam/FC_03_rep1.2_multimap_R2.fastq
    jobid: 110
    wildcards: tissue=FC_03, time_rep=rep1, cluster=2

Submitted job 110 with external jobid '21087380.tscc-mgr7.local'.

[Sat Mar 14 15:11:32 2020]
rule subset_bam:
    input: bam/FC_18_rep1.16.bam
    output: bam/FC_18_rep1.16_unique.bam, bam/FC_18_rep1.16_multimap_R1.fastq, bam/FC_18_rep1.16_multimap_R2.fastq
    jobid: 196
    wildcards: tissue=FC_18, time_rep=rep1, cluster=16

Submitted job 196 with external jobid '21087381.tscc-mgr7.local'.

[Sat Mar 14 15:11:32 2020]
rule subset_bam:
    input: bam/FC_18_rep2.12.bam
    output: bam/FC_18_rep2.12_unique.bam, bam/FC_18_rep2.12_multimap_R1.fastq, bam/FC_18_rep2.12_multimap_R2.fastq
    jobid: 210
    wildcards: tissue=FC_18, time_rep=rep2, cluster=12

Submitted job 210 with external jobid '21087382.tscc-mgr7.local'.

[Sat Mar 14 15:11:32 2020]
rule subset_bam:
    input: bam/FC_10_rep1.15.bam
    output: bam/FC_10_rep1.15_unique.bam, bam/FC_10_rep1.15_multimap_R1.fastq, bam/FC_10_rep1.15_multimap_R2.fastq
    jobid: 159
    wildcards: tissue=FC_10, time_rep=rep1, cluster=15

Submitted job 159 with external jobid '21087383.tscc-mgr7.local'.

[Sat Mar 14 15:11:33 2020]
rule subset_bam:
    input: bam/FC_03_rep1.12.bam
    output: bam/FC_03_rep1.12_unique.bam, bam/FC_03_rep1.12_multimap_R1.fastq, bam/FC_03_rep1.12_multimap_R2.fastq
    jobid: 120
    wildcards: tissue=FC_03, time_rep=rep1, cluster=12

Submitted job 120 with external jobid '21087384.tscc-mgr7.local'.

[Sat Mar 14 15:11:33 2020]
rule subset_bam:
    input: bam/FC_03_rep2.16.bam
    output: bam/FC_03_rep2.16_unique.bam, bam/FC_03_rep2.16_multimap_R1.fastq, bam/FC_03_rep2.16_multimap_R2.fastq
    jobid: 142
    wildcards: tissue=FC_03, time_rep=rep2, cluster=16

Submitted job 142 with external jobid '21087385.tscc-mgr7.local'.

[Sat Mar 14 15:11:33 2020]
rule subset_bam:
    input: bam/FC_03_rep1.1.bam
    output: bam/FC_03_rep1.1_unique.bam, bam/FC_03_rep1.1_multimap_R1.fastq, bam/FC_03_rep1.1_multimap_R2.fastq
    jobid: 109
    wildcards: tissue=FC_03, time_rep=rep1, cluster=1

Submitted job 109 with external jobid '21087387.tscc-mgr7.local'.

[Sat Mar 14 15:11:33 2020]
rule subset_bam:
    input: bam/FC_03_rep1.10.bam
    output: bam/FC_03_rep1.10_unique.bam, bam/FC_03_rep1.10_multimap_R1.fastq, bam/FC_03_rep1.10_multimap_R2.fastq
    jobid: 118
    wildcards: tissue=FC_03, time_rep=rep1, cluster=10

Submitted job 118 with external jobid '21087388.tscc-mgr7.local'.

[Sat Mar 14 15:11:34 2020]
rule subset_bam:
    input: bam/FC_18_rep2.3.bam
    output: bam/FC_18_rep2.3_unique.bam, bam/FC_18_rep2.3_multimap_R1.fastq, bam/FC_18_rep2.3_multimap_R2.fastq
    jobid: 201
    wildcards: tissue=FC_18, time_rep=rep2, cluster=3

Submitted job 201 with external jobid '21087389.tscc-mgr7.local'.

[Sat Mar 14 15:11:34 2020]
rule subset_bam:
    input: bam/FC_10_rep2.4.bam
    output: bam/FC_10_rep2.4_unique.bam, bam/FC_10_rep2.4_multimap_R1.fastq, bam/FC_10_rep2.4_multimap_R2.fastq
    jobid: 166
    wildcards: tissue=FC_10, time_rep=rep2, cluster=4

Submitted job 166 with external jobid '21087390.tscc-mgr7.local'.

[Sat Mar 14 15:11:34 2020]
rule subset_bam:
    input: bam/FC_03_rep1.3.bam
    output: bam/FC_03_rep1.3_unique.bam, bam/FC_03_rep1.3_multimap_R1.fastq, bam/FC_03_rep1.3_multimap_R2.fastq
    jobid: 111
    wildcards: tissue=FC_03, time_rep=rep1, cluster=3

Submitted job 111 with external jobid '21087391.tscc-mgr7.local'.

[Sat Mar 14 15:11:34 2020]
rule subset_bam:
    input: bam/FC_10_rep2.7.bam
    output: bam/FC_10_rep2.7_unique.bam, bam/FC_10_rep2.7_multimap_R1.fastq, bam/FC_10_rep2.7_multimap_R2.fastq
    jobid: 169
    wildcards: tissue=FC_10, time_rep=rep2, cluster=7

Submitted job 169 with external jobid '21087392.tscc-mgr7.local'.

[Sat Mar 14 15:11:34 2020]
rule subset_bam:
    input: bam/FC_18_rep2.10.bam
    output: bam/FC_18_rep2.10_unique.bam, bam/FC_18_rep2.10_multimap_R1.fastq, bam/FC_18_rep2.10_multimap_R2.fastq
    jobid: 208
    wildcards: tissue=FC_18, time_rep=rep2, cluster=10

Submitted job 208 with external jobid '21087393.tscc-mgr7.local'.

[Sat Mar 14 15:11:34 2020]
rule subset_bam:
    input: bam/FC_18_rep1.1.bam
    output: bam/FC_18_rep1.1_unique.bam, bam/FC_18_rep1.1_multimap_R1.fastq, bam/FC_18_rep1.1_multimap_R2.fastq
    jobid: 181
    wildcards: tissue=FC_18, time_rep=rep1, cluster=1

Submitted job 181 with external jobid '21087394.tscc-mgr7.local'.

[Sat Mar 14 15:11:35 2020]
rule subset_bam:
    input: bam/FC_18_rep1.10.bam
    output: bam/FC_18_rep1.10_unique.bam, bam/FC_18_rep1.10_multimap_R1.fastq, bam/FC_18_rep1.10_multimap_R2.fastq
    jobid: 190
    wildcards: tissue=FC_18, time_rep=rep1, cluster=10

Submitted job 190 with external jobid '21087395.tscc-mgr7.local'.

[Sat Mar 14 15:11:35 2020]
rule subset_bam:
    input: bam/FC_03_rep2.3.bam
    output: bam/FC_03_rep2.3_unique.bam, bam/FC_03_rep2.3_multimap_R1.fastq, bam/FC_03_rep2.3_multimap_R2.fastq
    jobid: 129
    wildcards: tissue=FC_03, time_rep=rep2, cluster=3

Submitted job 129 with external jobid '21087396.tscc-mgr7.local'.

[Sat Mar 14 15:11:35 2020]
rule subset_bam:
    input: bam/FC_10_rep1.7.bam
    output: bam/FC_10_rep1.7_unique.bam, bam/FC_10_rep1.7_multimap_R1.fastq, bam/FC_10_rep1.7_multimap_R2.fastq
    jobid: 151
    wildcards: tissue=FC_10, time_rep=rep1, cluster=7

Submitted job 151 with external jobid '21087397.tscc-mgr7.local'.

[Sat Mar 14 15:11:35 2020]
rule subset_bam:
    input: bam/FC_18_rep1.3.bam
    output: bam/FC_18_rep1.3_unique.bam, bam/FC_18_rep1.3_multimap_R1.fastq, bam/FC_18_rep1.3_multimap_R2.fastq
    jobid: 183
    wildcards: tissue=FC_18, time_rep=rep1, cluster=3

Submitted job 183 with external jobid '21087398.tscc-mgr7.local'.

[Sat Mar 14 15:11:35 2020]
rule subset_bam:
    input: bam/FC_10_rep1.4.bam
    output: bam/FC_10_rep1.4_unique.bam, bam/FC_10_rep1.4_multimap_R1.fastq, bam/FC_10_rep1.4_multimap_R2.fastq
    jobid: 148
    wildcards: tissue=FC_10, time_rep=rep1, cluster=4

Submitted job 148 with external jobid '21087399.tscc-mgr7.local'.

[Sat Mar 14 15:11:36 2020]
rule subset_bam:
    input: bam/FC_03_rep2.10.bam
    output: bam/FC_03_rep2.10_unique.bam, bam/FC_03_rep2.10_multimap_R1.fastq, bam/FC_03_rep2.10_multimap_R2.fastq
    jobid: 136
    wildcards: tissue=FC_03, time_rep=rep2, cluster=10

Submitted job 136 with external jobid '21087400.tscc-mgr7.local'.

[Sat Mar 14 15:11:36 2020]
rule subset_bam:
    input: bam/FC_18_rep1.2.bam
    output: bam/FC_18_rep1.2_unique.bam, bam/FC_18_rep1.2_multimap_R1.fastq, bam/FC_18_rep1.2_multimap_R2.fastq
    jobid: 182
    wildcards: tissue=FC_18, time_rep=rep1, cluster=2

Submitted job 182 with external jobid '21087401.tscc-mgr7.local'.

[Sat Mar 14 15:11:36 2020]
rule alignment:
    input: fastq.cluster/FC_03_rep1.8.R1.fastq.gz, fastq.cluster/FC_03_rep1.8.R2.fastq.gz
    output: bam/FC_03_rep1.8.bam
    jobid: 8
    wildcards: tissue=FC_03, time_rep=rep1, cluster=8
    threads: 8

Submitted job 8 with external jobid '21087402.tscc-mgr7.local'.

[Sat Mar 14 15:11:36 2020]
rule subset_bam:
    input: bam/FC_03_rep1.16.bam
    output: bam/FC_03_rep1.16_unique.bam, bam/FC_03_rep1.16_multimap_R1.fastq, bam/FC_03_rep1.16_multimap_R2.fastq
    jobid: 124
    wildcards: tissue=FC_03, time_rep=rep1, cluster=16

Submitted job 124 with external jobid '21087403.tscc-mgr7.local'.

[Sat Mar 14 15:11:36 2020]
rule subset_bam:
    input: bam/FC_03_rep2.12.bam
    output: bam/FC_03_rep2.12_unique.bam, bam/FC_03_rep2.12_multimap_R1.fastq, bam/FC_03_rep2.12_multimap_R2.fastq
    jobid: 138
    wildcards: tissue=FC_03, time_rep=rep2, cluster=12

Submitted job 138 with external jobid '21087404.tscc-mgr7.local'.

[Sat Mar 14 15:11:36 2020]
rule subset_bam:
    input: bam/FC_10_rep2.15.bam
    output: bam/FC_10_rep2.15_unique.bam, bam/FC_10_rep2.15_multimap_R1.fastq, bam/FC_10_rep2.15_multimap_R2.fastq
    jobid: 177
    wildcards: tissue=FC_10, time_rep=rep2, cluster=15

Submitted job 177 with external jobid '21087405.tscc-mgr7.local'.

[Sat Mar 14 15:11:37 2020]
rule subset_bam:
    input: bam/FC_18_rep1.12.bam
    output: bam/FC_18_rep1.12_unique.bam, bam/FC_18_rep1.12_multimap_R1.fastq, bam/FC_18_rep1.12_multimap_R2.fastq
    jobid: 192
    wildcards: tissue=FC_18, time_rep=rep1, cluster=12

Submitted job 192 with external jobid '21087406.tscc-mgr7.local'.

[Sat Mar 14 15:11:37 2020]
rule subset_bam:
    input: bam/FC_18_rep2.16.bam
    output: bam/FC_18_rep2.16_unique.bam, bam/FC_18_rep2.16_multimap_R1.fastq, bam/FC_18_rep2.16_multimap_R2.fastq
    jobid: 214
    wildcards: tissue=FC_18, time_rep=rep2, cluster=16

Submitted job 214 with external jobid '21087407.tscc-mgr7.local'.

[Sat Mar 14 15:11:37 2020]
rule subset_bam:
    input: bam/FC_03_rep2.7.bam
    output: bam/FC_03_rep2.7_unique.bam, bam/FC_03_rep2.7_multimap_R1.fastq, bam/FC_03_rep2.7_multimap_R2.fastq
    jobid: 133
    wildcards: tissue=FC_03, time_rep=rep2, cluster=7

Submitted job 133 with external jobid '21087408.tscc-mgr7.local'.

[Sat Mar 14 15:11:37 2020]
rule subset_bam:
    input: bam/FC_10_rep1.3.bam
    output: bam/FC_10_rep1.3_unique.bam, bam/FC_10_rep1.3_multimap_R1.fastq, bam/FC_10_rep1.3_multimap_R2.fastq
    jobid: 147
    wildcards: tissue=FC_10, time_rep=rep1, cluster=3

Submitted job 147 with external jobid '21087409.tscc-mgr7.local'.

[Sat Mar 14 15:11:37 2020]
rule subset_bam:
    input: bam/FC_03_rep2.4.bam
    output: bam/FC_03_rep2.4_unique.bam, bam/FC_03_rep2.4_multimap_R1.fastq, bam/FC_03_rep2.4_multimap_R2.fastq
    jobid: 130
    wildcards: tissue=FC_03, time_rep=rep2, cluster=4

Submitted job 130 with external jobid '21087410.tscc-mgr7.local'.

[Sat Mar 14 15:11:37 2020]
rule subset_bam:
    input: bam/FC_18_rep1.4.bam
    output: bam/FC_18_rep1.4_unique.bam, bam/FC_18_rep1.4_multimap_R1.fastq, bam/FC_18_rep1.4_multimap_R2.fastq
    jobid: 184
    wildcards: tissue=FC_18, time_rep=rep1, cluster=4

Submitted job 184 with external jobid '21087411.tscc-mgr7.local'.

[Sat Mar 14 15:11:38 2020]
rule subset_bam:
    input: bam/FC_18_rep1.7.bam
    output: bam/FC_18_rep1.7_unique.bam, bam/FC_18_rep1.7_multimap_R1.fastq, bam/FC_18_rep1.7_multimap_R2.fastq
    jobid: 187
    wildcards: tissue=FC_18, time_rep=rep1, cluster=7

Submitted job 187 with external jobid '21087412.tscc-mgr7.local'.

[Sat Mar 14 15:11:38 2020]
rule subset_bam:
    input: bam/FC_10_rep1.1.bam
    output: bam/FC_10_rep1.1_unique.bam, bam/FC_10_rep1.1_multimap_R1.fastq, bam/FC_10_rep1.1_multimap_R2.fastq
    jobid: 145
    wildcards: tissue=FC_10, time_rep=rep1, cluster=1

Submitted job 145 with external jobid '21087413.tscc-mgr7.local'.

[Sat Mar 14 15:11:38 2020]
rule subset_bam:
    input: bam/FC_10_rep2.16.bam
    output: bam/FC_10_rep2.16_unique.bam, bam/FC_10_rep2.16_multimap_R1.fastq, bam/FC_10_rep2.16_multimap_R2.fastq
    jobid: 178
    wildcards: tissue=FC_10, time_rep=rep2, cluster=16

Submitted job 178 with external jobid '21087414.tscc-mgr7.local'.

[Sat Mar 14 15:11:39 2020]
rule subset_bam:
    input: bam/FC_03_rep1.15.bam
    output: bam/FC_03_rep1.15_unique.bam, bam/FC_03_rep1.15_multimap_R1.fastq, bam/FC_03_rep1.15_multimap_R2.fastq
    jobid: 123
    wildcards: tissue=FC_03, time_rep=rep1, cluster=15

Submitted job 123 with external jobid '21087415.tscc-mgr7.local'.

[Sat Mar 14 15:11:39 2020]
rule subset_bam:
    input: bam/FC_18_rep2.15.bam
    output: bam/FC_18_rep2.15_unique.bam, bam/FC_18_rep2.15_multimap_R1.fastq, bam/FC_18_rep2.15_multimap_R2.fastq
    jobid: 213
    wildcards: tissue=FC_18, time_rep=rep2, cluster=15

Submitted job 213 with external jobid '21087416.tscc-mgr7.local'.

[Sat Mar 14 15:11:39 2020]
rule alignment:
    input: fastq.cluster/FC_03_rep2.14.R1.fastq.gz, fastq.cluster/FC_03_rep2.14.R2.fastq.gz
    output: bam/FC_03_rep2.14.bam
    jobid: 32
    wildcards: tissue=FC_03, time_rep=rep2, cluster=14
    threads: 8

Submitted job 32 with external jobid '21087417.tscc-mgr7.local'.

[Sat Mar 14 15:11:39 2020]
rule subset_bam:
    input: bam/FC_10_rep1.2.bam
    output: bam/FC_10_rep1.2_unique.bam, bam/FC_10_rep1.2_multimap_R1.fastq, bam/FC_10_rep1.2_multimap_R2.fastq
    jobid: 146
    wildcards: tissue=FC_10, time_rep=rep1, cluster=2

Submitted job 146 with external jobid '21087418.tscc-mgr7.local'.

[Sat Mar 14 15:11:39 2020]
rule subset_bam:
    input: bam/FC_18_rep1.15.bam
    output: bam/FC_18_rep1.15_unique.bam, bam/FC_18_rep1.15_multimap_R1.fastq, bam/FC_18_rep1.15_multimap_R2.fastq
    jobid: 195
    wildcards: tissue=FC_18, time_rep=rep1, cluster=15

Submitted job 195 with external jobid '21087419.tscc-mgr7.local'.

[Sat Mar 14 15:11:39 2020]
rule subset_bam:
    input: bam/FC_03_rep2.15.bam
    output: bam/FC_03_rep2.15_unique.bam, bam/FC_03_rep2.15_multimap_R1.fastq, bam/FC_03_rep2.15_multimap_R2.fastq
    jobid: 141
    wildcards: tissue=FC_03, time_rep=rep2, cluster=15

Submitted job 141 with external jobid '21087420.tscc-mgr7.local'.

[Sat Mar 14 15:11:40 2020]
rule subset_bam:
    input: bam/FC_10_rep1.16.bam
    output: bam/FC_10_rep1.16_unique.bam, bam/FC_10_rep1.16_multimap_R1.fastq, bam/FC_10_rep1.16_multimap_R2.fastq
    jobid: 160
    wildcards: tissue=FC_10, time_rep=rep1, cluster=16

Submitted job 160 with external jobid '21087421.tscc-mgr7.local'.

[Sat Mar 14 15:11:40 2020]
rule subset_bam:
    input: bam/FC_10_rep2.12.bam
    output: bam/FC_10_rep2.12_unique.bam, bam/FC_10_rep2.12_multimap_R1.fastq, bam/FC_10_rep2.12_multimap_R2.fastq
    jobid: 174
    wildcards: tissue=FC_10, time_rep=rep2, cluster=12

Submitted job 174 with external jobid '21087422.tscc-mgr7.local'.

[Sat Mar 14 15:11:40 2020]
rule subset_bam:
    input: bam/FC_10_rep2.10.bam
    output: bam/FC_10_rep2.10_unique.bam, bam/FC_10_rep2.10_multimap_R1.fastq, bam/FC_10_rep2.10_multimap_R2.fastq
    jobid: 172
    wildcards: tissue=FC_10, time_rep=rep2, cluster=10

Submitted job 172 with external jobid '21087423.tscc-mgr7.local'.

[Sat Mar 14 15:11:40 2020]
rule subset_bam:
    input: bam/FC_03_rep1.4.bam
    output: bam/FC_03_rep1.4_unique.bam, bam/FC_03_rep1.4_multimap_R1.fastq, bam/FC_03_rep1.4_multimap_R2.fastq
    jobid: 112
    wildcards: tissue=FC_03, time_rep=rep1, cluster=4

Submitted job 112 with external jobid '21087424.tscc-mgr7.local'.

[Sat Mar 14 15:11:40 2020]
rule subset_bam:
    input: bam/FC_18_rep2.7.bam
    output: bam/FC_18_rep2.7_unique.bam, bam/FC_18_rep2.7_multimap_R1.fastq, bam/FC_18_rep2.7_multimap_R2.fastq
    jobid: 205
    wildcards: tissue=FC_18, time_rep=rep2, cluster=7

Submitted job 205 with external jobid '21087425.tscc-mgr7.local'.

[Sat Mar 14 15:11:41 2020]
rule subset_bam:
    input: bam/FC_03_rep1.7.bam
    output: bam/FC_03_rep1.7_unique.bam, bam/FC_03_rep1.7_multimap_R1.fastq, bam/FC_03_rep1.7_multimap_R2.fastq
    jobid: 115
    wildcards: tissue=FC_03, time_rep=rep1, cluster=7

Submitted job 115 with external jobid '21087426.tscc-mgr7.local'.

[Sat Mar 14 15:11:41 2020]
rule subset_bam:
    input: bam/FC_10_rep2.3.bam
    output: bam/FC_10_rep2.3_unique.bam, bam/FC_10_rep2.3_multimap_R1.fastq, bam/FC_10_rep2.3_multimap_R2.fastq
    jobid: 165
    wildcards: tissue=FC_10, time_rep=rep2, cluster=3

Submitted job 165 with external jobid '21087427.tscc-mgr7.local'.

[Sat Mar 14 15:11:41 2020]
rule subset_bam:
    input: bam/FC_18_rep2.4.bam
    output: bam/FC_18_rep2.4_unique.bam, bam/FC_18_rep2.4_multimap_R1.fastq, bam/FC_18_rep2.4_multimap_R2.fastq
    jobid: 202
    wildcards: tissue=FC_18, time_rep=rep2, cluster=4

Submitted job 202 with external jobid '21087428.tscc-mgr7.local'.

[Sat Mar 14 15:11:41 2020]
rule subset_bam:
    input: bam/FC_03_rep1.17.bam
    output: bam/FC_03_rep1.17_unique.bam, bam/FC_03_rep1.17_multimap_R1.fastq, bam/FC_03_rep1.17_multimap_R2.fastq
    jobid: 125
    wildcards: tissue=FC_03, time_rep=rep1, cluster=17

Submitted job 125 with external jobid '21087429.tscc-mgr7.local'.

[Sat Mar 14 15:11:42 2020]
rule subset_bam:
    input: bam/FC_10_rep2.9.bam
    output: bam/FC_10_rep2.9_unique.bam, bam/FC_10_rep2.9_multimap_R1.fastq, bam/FC_10_rep2.9_multimap_R2.fastq
    jobid: 171
    wildcards: tissue=FC_10, time_rep=rep2, cluster=9

Submitted job 171 with external jobid '21087430.tscc-mgr7.local'.

[Sat Mar 14 15:11:42 2020]
rule subset_bam:
    input: bam/FC_10_rep1.14.bam
    output: bam/FC_10_rep1.14_unique.bam, bam/FC_10_rep1.14_multimap_R1.fastq, bam/FC_10_rep1.14_multimap_R2.fastq
    jobid: 158
    wildcards: tissue=FC_10, time_rep=rep1, cluster=14

Submitted job 158 with external jobid '21087431.tscc-mgr7.local'.

[Sat Mar 14 15:11:42 2020]
rule run_repEnrich2:
    input: bam/FC_03_rep2.1_unique.bam, bam/FC_03_rep2.1_multimap_R1.fastq, bam/FC_03_rep2.1_multimap_R2.fastq
    output: RE_out/FC_03_rep2.1/FC_03_rep2.1_fraction_counts.txt
    jobid: 235
    wildcards: tissue=FC_03, time_rep=rep2, cluster=1
    threads: 8

Submitted job 235 with external jobid '21087432.tscc-mgr7.local'.

[Sat Mar 14 15:11:42 2020]
rule subset_bam:
    input: bam/FC_18_rep2.8.bam
    output: bam/FC_18_rep2.8_unique.bam, bam/FC_18_rep2.8_multimap_R1.fastq, bam/FC_18_rep2.8_multimap_R2.fastq
    jobid: 206
    wildcards: tissue=FC_18, time_rep=rep2, cluster=8

Submitted job 206 with external jobid '21087433.tscc-mgr7.local'.

[Sat Mar 14 15:11:42 2020]
rule subset_bam:
    input: bam/FC_18_rep2.17.bam
    output: bam/FC_18_rep2.17_unique.bam, bam/FC_18_rep2.17_multimap_R1.fastq, bam/FC_18_rep2.17_multimap_R2.fastq
    jobid: 215
    wildcards: tissue=FC_18, time_rep=rep2, cluster=17

Submitted job 215 with external jobid '21087434.tscc-mgr7.local'.

[Sat Mar 14 15:11:43 2020]
rule subset_bam:
    input: bam/FC_03_rep2.5.bam
    output: bam/FC_03_rep2.5_unique.bam, bam/FC_03_rep2.5_multimap_R1.fastq, bam/FC_03_rep2.5_multimap_R2.fastq
    jobid: 131
    wildcards: tissue=FC_03, time_rep=rep2, cluster=5

Submitted job 131 with external jobid '21087435.tscc-mgr7.local'.

[Sat Mar 14 15:11:43 2020]
rule subset_bam:
    input: bam/FC_10_rep1.13.bam
    output: bam/FC_10_rep1.13_unique.bam, bam/FC_10_rep1.13_multimap_R1.fastq, bam/FC_10_rep1.13_multimap_R2.fastq
    jobid: 157
    wildcards: tissue=FC_10, time_rep=rep1, cluster=13

Submitted job 157 with external jobid '21087436.tscc-mgr7.local'.

[Sat Mar 14 15:11:43 2020]
rule subset_bam:
    input: bam/FC_18_rep1.5.bam
    output: bam/FC_18_rep1.5_unique.bam, bam/FC_18_rep1.5_multimap_R1.fastq, bam/FC_18_rep1.5_multimap_R2.fastq
    jobid: 185
    wildcards: tissue=FC_18, time_rep=rep1, cluster=5

Submitted job 185 with external jobid '21087437.tscc-mgr7.local'.

[Sat Mar 14 15:11:43 2020]
rule subset_bam:
    input: bam/FC_18_rep2.11.bam
    output: bam/FC_18_rep2.11_unique.bam, bam/FC_18_rep2.11_multimap_R1.fastq, bam/FC_18_rep2.11_multimap_R2.fastq
    jobid: 209
    wildcards: tissue=FC_18, time_rep=rep2, cluster=11

Submitted job 209 with external jobid '21087438.tscc-mgr7.local'.

[Sat Mar 14 15:11:43 2020]
rule subset_bam:
    input: bam/FC_10_rep2.6.bam
    output: bam/FC_10_rep2.6_unique.bam, bam/FC_10_rep2.6_multimap_R1.fastq, bam/FC_10_rep2.6_multimap_R2.fastq
    jobid: 168
    wildcards: tissue=FC_10, time_rep=rep2, cluster=6

Submitted job 168 with external jobid '21087439.tscc-mgr7.local'.

[Sat Mar 14 15:11:43 2020]
rule subset_bam:
    input: bam/FC_03_rep1.11.bam
    output: bam/FC_03_rep1.11_unique.bam, bam/FC_03_rep1.11_multimap_R1.fastq, bam/FC_03_rep1.11_multimap_R2.fastq
    jobid: 119
    wildcards: tissue=FC_03, time_rep=rep1, cluster=11

Submitted job 119 with external jobid '21087440.tscc-mgr7.local'.

[Sat Mar 14 15:11:44 2020]
rule subset_bam:
    input: bam/FC_03_rep2.11.bam
    output: bam/FC_03_rep2.11_unique.bam, bam/FC_03_rep2.11_multimap_R1.fastq, bam/FC_03_rep2.11_multimap_R2.fastq
    jobid: 137
    wildcards: tissue=FC_03, time_rep=rep2, cluster=11

Submitted job 137 with external jobid '21087441.tscc-mgr7.local'.

[Sat Mar 14 15:11:44 2020]
rule subset_bam:
    input: bam/FC_10_rep1.6.bam
    output: bam/FC_10_rep1.6_unique.bam, bam/FC_10_rep1.6_multimap_R1.fastq, bam/FC_10_rep1.6_multimap_R2.fastq
    jobid: 150
    wildcards: tissue=FC_10, time_rep=rep1, cluster=6

Submitted job 150 with external jobid '21087442.tscc-mgr7.local'.

[Sat Mar 14 15:11:44 2020]
rule run_repEnrich2:
    input: bam/FC_18_rep2.2_unique.bam, bam/FC_18_rep2.2_multimap_R1.fastq, bam/FC_18_rep2.2_multimap_R2.fastq
    output: RE_out/FC_18_rep2.2/FC_18_rep2.2_fraction_counts.txt
    jobid: 308
    wildcards: tissue=FC_18, time_rep=rep2, cluster=2
    threads: 8

Submitted job 308 with external jobid '21087443.tscc-mgr7.local'.

[Sat Mar 14 15:11:44 2020]
rule subset_bam:
    input: bam/FC_18_rep1.11.bam
    output: bam/FC_18_rep1.11_unique.bam, bam/FC_18_rep1.11_multimap_R1.fastq, bam/FC_18_rep1.11_multimap_R2.fastq
    jobid: 191
    wildcards: tissue=FC_18, time_rep=rep1, cluster=11

Submitted job 191 with external jobid '21087444.tscc-mgr7.local'.

[Sat Mar 14 15:11:44 2020]
rule subset_bam:
    input: bam/FC_18_rep1.17.bam
    output: bam/FC_18_rep1.17_unique.bam, bam/FC_18_rep1.17_multimap_R1.fastq, bam/FC_18_rep1.17_multimap_R2.fastq
    jobid: 197
    wildcards: tissue=FC_18, time_rep=rep1, cluster=17

Submitted job 197 with external jobid '21087445.tscc-mgr7.local'.

[Sat Mar 14 15:11:45 2020]
rule subset_bam:
    input: bam/FC_18_rep1.8.bam
    output: bam/FC_18_rep1.8_unique.bam, bam/FC_18_rep1.8_multimap_R1.fastq, bam/FC_18_rep1.8_multimap_R2.fastq
    jobid: 188
    wildcards: tissue=FC_18, time_rep=rep1, cluster=8

Submitted job 188 with external jobid '21087446.tscc-mgr7.local'.

[Sat Mar 14 15:11:45 2020]
rule subset_bam:
    input: bam/FC_10_rep2.14.bam
    output: bam/FC_10_rep2.14_unique.bam, bam/FC_10_rep2.14_multimap_R1.fastq, bam/FC_10_rep2.14_multimap_R2.fastq
    jobid: 176
    wildcards: tissue=FC_10, time_rep=rep2, cluster=14

Submitted job 176 with external jobid '21087447.tscc-mgr7.local'.

[Sat Mar 14 15:11:45 2020]
rule run_repEnrich2:
    input: bam/FC_18_rep2.1_unique.bam, bam/FC_18_rep2.1_multimap_R1.fastq, bam/FC_18_rep2.1_multimap_R2.fastq
    output: RE_out/FC_18_rep2.1/FC_18_rep2.1_fraction_counts.txt
    jobid: 307
    wildcards: tissue=FC_18, time_rep=rep2, cluster=1
    threads: 8

Submitted job 307 with external jobid '21087448.tscc-mgr7.local'.

[Sat Mar 14 15:11:45 2020]
rule subset_bam:
    input: bam/FC_03_rep2.8.bam
    output: bam/FC_03_rep2.8_unique.bam, bam/FC_03_rep2.8_multimap_R1.fastq, bam/FC_03_rep2.8_multimap_R2.fastq
    jobid: 134
    wildcards: tissue=FC_03, time_rep=rep2, cluster=8

Submitted job 134 with external jobid '21087449.tscc-mgr7.local'.

[Sat Mar 14 15:11:45 2020]
rule subset_bam:
    input: bam/FC_10_rep1.9.bam
    output: bam/FC_10_rep1.9_unique.bam, bam/FC_10_rep1.9_multimap_R1.fastq, bam/FC_10_rep1.9_multimap_R2.fastq
    jobid: 153
    wildcards: tissue=FC_10, time_rep=rep1, cluster=9

Submitted job 153 with external jobid '21087450.tscc-mgr7.local'.

[Sat Mar 14 15:11:45 2020]
rule subset_bam:
    input: bam/FC_03_rep2.17.bam
    output: bam/FC_03_rep2.17_unique.bam, bam/FC_03_rep2.17_multimap_R1.fastq, bam/FC_03_rep2.17_multimap_R2.fastq
    jobid: 143
    wildcards: tissue=FC_03, time_rep=rep2, cluster=17

Submitted job 143 with external jobid '21087451.tscc-mgr7.local'.

[Sat Mar 14 15:11:46 2020]
rule subset_bam:
    input: bam/FC_18_rep2.5.bam
    output: bam/FC_18_rep2.5_unique.bam, bam/FC_18_rep2.5_multimap_R1.fastq, bam/FC_18_rep2.5_multimap_R2.fastq
    jobid: 203
    wildcards: tissue=FC_18, time_rep=rep2, cluster=5

Submitted job 203 with external jobid '21087452.tscc-mgr7.local'.

[Sat Mar 14 15:11:46 2020]
rule subset_bam:
    input: bam/FC_10_rep2.13.bam
    output: bam/FC_10_rep2.13_unique.bam, bam/FC_10_rep2.13_multimap_R1.fastq, bam/FC_10_rep2.13_multimap_R2.fastq
    jobid: 175
    wildcards: tissue=FC_10, time_rep=rep2, cluster=13

Submitted job 175 with external jobid '21087453.tscc-mgr7.local'.

[Sat Mar 14 15:11:46 2020]
rule subset_bam:
    input: bam/FC_03_rep1.5.bam
    output: bam/FC_03_rep1.5_unique.bam, bam/FC_03_rep1.5_multimap_R1.fastq, bam/FC_03_rep1.5_multimap_R2.fastq
    jobid: 113
    wildcards: tissue=FC_03, time_rep=rep1, cluster=5

Submitted job 113 with external jobid '21087454.tscc-mgr7.local'.

[Sat Mar 14 15:11:46 2020]
rule subset_bam:
    input: bam/FC_10_rep1.11.bam
    output: bam/FC_10_rep1.11_unique.bam, bam/FC_10_rep1.11_multimap_R1.fastq, bam/FC_10_rep1.11_multimap_R2.fastq
    jobid: 155
    wildcards: tissue=FC_10, time_rep=rep1, cluster=11

Submitted job 155 with external jobid '21087455.tscc-mgr7.local'.

[Sat Mar 14 15:11:46 2020]
rule subset_bam:
    input: bam/FC_03_rep2.6.bam
    output: bam/FC_03_rep2.6_unique.bam, bam/FC_03_rep2.6_multimap_R1.fastq, bam/FC_03_rep2.6_multimap_R2.fastq
    jobid: 132
    wildcards: tissue=FC_03, time_rep=rep2, cluster=6

Submitted job 132 with external jobid '21087456.tscc-mgr7.local'.

[Sat Mar 14 15:11:47 2020]
rule run_repEnrich2:
    input: bam/FC_10_rep2.2_unique.bam, bam/FC_10_rep2.2_multimap_R1.fastq, bam/FC_10_rep2.2_multimap_R2.fastq
    output: RE_out/FC_10_rep2.2/FC_10_rep2.2_fraction_counts.txt
    jobid: 272
    wildcards: tissue=FC_10, time_rep=rep2, cluster=2
    threads: 8

Submitted job 272 with external jobid '21087457.tscc-mgr7.local'.

[Sat Mar 14 15:11:47 2020]
rule subset_bam:
    input: bam/FC_18_rep1.6.bam
    output: bam/FC_18_rep1.6_unique.bam, bam/FC_18_rep1.6_multimap_R1.fastq, bam/FC_18_rep1.6_multimap_R2.fastq
    jobid: 186
    wildcards: tissue=FC_18, time_rep=rep1, cluster=6

Submitted job 186 with external jobid '21087458.tscc-mgr7.local'.

[Sat Mar 14 15:11:47 2020]
rule subset_bam:
    input: bam/FC_03_rep1.13.bam
    output: bam/FC_03_rep1.13_unique.bam, bam/FC_03_rep1.13_multimap_R1.fastq, bam/FC_03_rep1.13_multimap_R2.fastq
    jobid: 121
    wildcards: tissue=FC_03, time_rep=rep1, cluster=13

Submitted job 121 with external jobid '21087459.tscc-mgr7.local'.

[Sat Mar 14 15:11:47 2020]
rule subset_bam:
    input: bam/FC_10_rep2.5.bam
    output: bam/FC_10_rep2.5_unique.bam, bam/FC_10_rep2.5_multimap_R1.fastq, bam/FC_10_rep2.5_multimap_R2.fastq
    jobid: 167
    wildcards: tissue=FC_10, time_rep=rep2, cluster=5

Submitted job 167 with external jobid '21087460.tscc-mgr7.local'.

[Sat Mar 14 15:11:47 2020]
rule subset_bam:
    input: bam/FC_18_rep2.13.bam
    output: bam/FC_18_rep2.13_unique.bam, bam/FC_18_rep2.13_multimap_R1.fastq, bam/FC_18_rep2.13_multimap_R2.fastq
    jobid: 211
    wildcards: tissue=FC_18, time_rep=rep2, cluster=13

Submitted job 211 with external jobid '21087461.tscc-mgr7.local'.

[Sat Mar 14 15:11:48 2020]
rule subset_bam:
    input: bam/FC_18_rep1.9.bam
    output: bam/FC_18_rep1.9_unique.bam, bam/FC_18_rep1.9_multimap_R1.fastq, bam/FC_18_rep1.9_multimap_R2.fastq
    jobid: 189
    wildcards: tissue=FC_18, time_rep=rep1, cluster=9

Submitted job 189 with external jobid '21087462.tscc-mgr7.local'.

[Sat Mar 14 15:11:48 2020]
rule subset_bam:
    input: bam/FC_03_rep1.14.bam
    output: bam/FC_03_rep1.14_unique.bam, bam/FC_03_rep1.14_multimap_R1.fastq, bam/FC_03_rep1.14_multimap_R2.fastq
    jobid: 122
    wildcards: tissue=FC_03, time_rep=rep1, cluster=14

Submitted job 122 with external jobid '21087463.tscc-mgr7.local'.

[Sat Mar 14 15:11:48 2020]
rule run_repEnrich2:
    input: bam/FC_10_rep2.1_unique.bam, bam/FC_10_rep2.1_multimap_R1.fastq, bam/FC_10_rep2.1_multimap_R2.fastq
    output: RE_out/FC_10_rep2.1/FC_10_rep2.1_fraction_counts.txt
    jobid: 271
    wildcards: tissue=FC_10, time_rep=rep2, cluster=1
    threads: 8

Submitted job 271 with external jobid '21087464.tscc-mgr7.local'.

[Sat Mar 14 15:11:48 2020]
rule subset_bam:
    input: bam/FC_10_rep1.8.bam
    output: bam/FC_10_rep1.8_unique.bam, bam/FC_10_rep1.8_multimap_R1.fastq, bam/FC_10_rep1.8_multimap_R2.fastq
    jobid: 152
    wildcards: tissue=FC_10, time_rep=rep1, cluster=8

Submitted job 152 with external jobid '21087465.tscc-mgr7.local'.

[Sat Mar 14 15:11:48 2020]
rule subset_bam:
    input: bam/FC_18_rep2.14.bam
    output: bam/FC_18_rep2.14_unique.bam, bam/FC_18_rep2.14_multimap_R1.fastq, bam/FC_18_rep2.14_multimap_R2.fastq
    jobid: 212
    wildcards: tissue=FC_18, time_rep=rep2, cluster=14

Submitted job 212 with external jobid '21087466.tscc-mgr7.local'.

[Sat Mar 14 15:11:49 2020]
rule subset_bam:
    input: bam/FC_10_rep1.17.bam
    output: bam/FC_10_rep1.17_unique.bam, bam/FC_10_rep1.17_multimap_R1.fastq, bam/FC_10_rep1.17_multimap_R2.fastq
    jobid: 161
    wildcards: tissue=FC_10, time_rep=rep1, cluster=17

Submitted job 161 with external jobid '21087467.tscc-mgr7.local'.

[Sat Mar 14 15:11:49 2020]
rule subset_bam:
    input: bam/FC_03_rep2.9.bam
    output: bam/FC_03_rep2.9_unique.bam, bam/FC_03_rep2.9_multimap_R1.fastq, bam/FC_03_rep2.9_multimap_R2.fastq
    jobid: 135
    wildcards: tissue=FC_03, time_rep=rep2, cluster=9

Submitted job 135 with external jobid '21087468.tscc-mgr7.local'.

[Sat Mar 14 15:11:49 2020]
rule subset_bam:
    input: bam/FC_18_rep1.13.bam
    output: bam/FC_18_rep1.13_unique.bam, bam/FC_18_rep1.13_multimap_R1.fastq, bam/FC_18_rep1.13_multimap_R2.fastq
    jobid: 193
    wildcards: tissue=FC_18, time_rep=rep1, cluster=13

Submitted job 193 with external jobid '21087469.tscc-mgr7.local'.

[Sat Mar 14 15:11:49 2020]
rule subset_bam:
    input: bam/FC_10_rep1.5.bam
    output: bam/FC_10_rep1.5_unique.bam, bam/FC_10_rep1.5_multimap_R1.fastq, bam/FC_10_rep1.5_multimap_R2.fastq
    jobid: 149
    wildcards: tissue=FC_10, time_rep=rep1, cluster=5

Submitted job 149 with external jobid '21087470.tscc-mgr7.local'.

[Sat Mar 14 15:11:49 2020]
rule subset_bam:
    input: bam/FC_03_rep2.13.bam
    output: bam/FC_03_rep2.13_unique.bam, bam/FC_03_rep2.13_multimap_R1.fastq, bam/FC_03_rep2.13_multimap_R2.fastq
    jobid: 139
    wildcards: tissue=FC_03, time_rep=rep2, cluster=13

Submitted job 139 with external jobid '21087471.tscc-mgr7.local'.

[Sat Mar 14 15:11:49 2020]
rule alignment:
    input: fastq.cluster/FC_10_rep1.12.R1.fastq.gz, fastq.cluster/FC_10_rep1.12.R2.fastq.gz
    output: bam/FC_10_rep1.12.bam
    jobid: 48
    wildcards: tissue=FC_10, time_rep=rep1, cluster=12
    threads: 8

Submitted job 48 with external jobid '21087472.tscc-mgr7.local'.

[Sat Mar 14 15:11:50 2020]
rule subset_bam:
    input: bam/FC_03_rep1.9.bam
    output: bam/FC_03_rep1.9_unique.bam, bam/FC_03_rep1.9_multimap_R1.fastq, bam/FC_03_rep1.9_multimap_R2.fastq
    jobid: 117
    wildcards: tissue=FC_03, time_rep=rep1, cluster=9

Submitted job 117 with external jobid '21087473.tscc-mgr7.local'.

[Sat Mar 14 15:11:50 2020]
rule subset_bam:
    input: bam/FC_10_rep2.17.bam
    output: bam/FC_10_rep2.17_unique.bam, bam/FC_10_rep2.17_multimap_R1.fastq, bam/FC_10_rep2.17_multimap_R2.fastq
    jobid: 179
    wildcards: tissue=FC_10, time_rep=rep2, cluster=17

Submitted job 179 with external jobid '21087474.tscc-mgr7.local'.

[Sat Mar 14 15:11:50 2020]
rule subset_bam:
    input: bam/FC_18_rep1.14.bam
    output: bam/FC_18_rep1.14_unique.bam, bam/FC_18_rep1.14_multimap_R1.fastq, bam/FC_18_rep1.14_multimap_R2.fastq
    jobid: 194
    wildcards: tissue=FC_18, time_rep=rep1, cluster=14

Submitted job 194 with external jobid '21087475.tscc-mgr7.local'.

[Sat Mar 14 15:11:50 2020]
rule subset_bam:
    input: bam/FC_10_rep2.8.bam
    output: bam/FC_10_rep2.8_unique.bam, bam/FC_10_rep2.8_multimap_R1.fastq, bam/FC_10_rep2.8_multimap_R2.fastq
    jobid: 170
    wildcards: tissue=FC_10, time_rep=rep2, cluster=8

Submitted job 170 with external jobid '21087476.tscc-mgr7.local'.

[Sat Mar 14 15:11:50 2020]
rule subset_bam:
    input: bam/FC_10_rep2.18.bam
    output: bam/FC_10_rep2.18_unique.bam, bam/FC_10_rep2.18_multimap_R1.fastq, bam/FC_10_rep2.18_multimap_R2.fastq
    jobid: 180
    wildcards: tissue=FC_10, time_rep=rep2, cluster=18

Submitted job 180 with external jobid '21087477.tscc-mgr7.local'.

[Sat Mar 14 15:11:50 2020]
rule subset_bam:
    input: bam/FC_18_rep2.9.bam
    output: bam/FC_18_rep2.9_unique.bam, bam/FC_18_rep2.9_multimap_R1.fastq, bam/FC_18_rep2.9_multimap_R2.fastq
    jobid: 207
    wildcards: tissue=FC_18, time_rep=rep2, cluster=9

Submitted job 207 with external jobid '21087478.tscc-mgr7.local'.

[Sat Mar 14 15:11:51 2020]
rule alignment:
    input: fastq.cluster/FC_10_rep1.10.R1.fastq.gz, fastq.cluster/FC_10_rep1.10.R2.fastq.gz
    output: bam/FC_10_rep1.10.bam
    jobid: 46
    wildcards: tissue=FC_10, time_rep=rep1, cluster=10
    threads: 8

Submitted job 46 with external jobid '21087479.tscc-mgr7.local'.

[Sat Mar 14 15:11:51 2020]
rule subset_bam:
    input: bam/FC_18_rep2.6.bam
    output: bam/FC_18_rep2.6_unique.bam, bam/FC_18_rep2.6_multimap_R1.fastq, bam/FC_18_rep2.6_multimap_R2.fastq
    jobid: 204
    wildcards: tissue=FC_18, time_rep=rep2, cluster=6

Submitted job 204 with external jobid '21087480.tscc-mgr7.local'.

[Sat Mar 14 15:11:51 2020]
rule subset_bam:
    input: bam/FC_03_rep1.6.bam
    output: bam/FC_03_rep1.6_unique.bam, bam/FC_03_rep1.6_multimap_R1.fastq, bam/FC_03_rep1.6_multimap_R2.fastq
    jobid: 114
    wildcards: tissue=FC_03, time_rep=rep1, cluster=6

Submitted job 114 with external jobid '21087481.tscc-mgr7.local'.

[Sat Mar 14 15:11:51 2020]
rule subset_bam:
    input: bam/FC_10_rep2.11.bam
    output: bam/FC_10_rep2.11_unique.bam, bam/FC_10_rep2.11_multimap_R1.fastq, bam/FC_10_rep2.11_multimap_R2.fastq
    jobid: 173
    wildcards: tissue=FC_10, time_rep=rep2, cluster=11

Submitted job 173 with external jobid '21087482.tscc-mgr7.local'.
[Sat Mar 14 15:13:38 2020]
Error in rule subset_bam:
    jobid: 110
    output: bam/FC_03_rep1.2_unique.bam, bam/FC_03_rep1.2_multimap_R1.fastq, bam/FC_03_rep1.2_multimap_R2.fastq
    cluster_jobid: 21087380.tscc-mgr7.local

Job failed, going on with independent jobs.
[Sat Mar 14 15:13:38 2020]
Error in rule subset_bam:
    jobid: 196
    output: bam/FC_18_rep1.16_unique.bam, bam/FC_18_rep1.16_multimap_R1.fastq, bam/FC_18_rep1.16_multimap_R2.fastq
    cluster_jobid: 21087381.tscc-mgr7.local

Job failed, going on with independent jobs.
[Sat Mar 14 15:13:58 2020]
Error in rule subset_bam:
    jobid: 210
    output: bam/FC_18_rep2.12_unique.bam, bam/FC_18_rep2.12_multimap_R1.fastq, bam/FC_18_rep2.12_multimap_R2.fastq
    cluster_jobid: 21087382.tscc-mgr7.local

Job failed, going on with independent jobs.
[Sat Mar 14 15:13:58 2020]
Error in rule subset_bam:
    jobid: 159
    output: bam/FC_10_rep1.15_unique.bam, bam/FC_10_rep1.15_multimap_R1.fastq, bam/FC_10_rep1.15_multimap_R2.fastq
    cluster_jobid: 21087383.tscc-mgr7.local

Job failed, going on with independent jobs.
[Sat Mar 14 15:13:58 2020]
Error in rule subset_bam:
    jobid: 120
    output: bam/FC_03_rep1.12_unique.bam, bam/FC_03_rep1.12_multimap_R1.fastq, bam/FC_03_rep1.12_multimap_R2.fastq
    cluster_jobid: 21087384.tscc-mgr7.local

Job failed, going on with independent jobs.
[Sat Mar 14 15:13:58 2020]
Error in rule subset_bam:
    jobid: 142
    output: bam/FC_03_rep2.16_unique.bam, bam/FC_03_rep2.16_multimap_R1.fastq, bam/FC_03_rep2.16_multimap_R2.fastq
    cluster_jobid: 21087385.tscc-mgr7.local

Job failed, going on with independent jobs.
[Sat Mar 14 15:14:18 2020]
Error in rule subset_bam:
    jobid: 109
    output: bam/FC_03_rep1.1_unique.bam, bam/FC_03_rep1.1_multimap_R1.fastq, bam/FC_03_rep1.1_multimap_R2.fastq
    cluster_jobid: 21087387.tscc-mgr7.local

Job failed, going on with independent jobs.
[Sat Mar 14 15:16:12 2020]
Error in rule subset_bam:
    jobid: 118
    output: bam/FC_03_rep1.10_unique.bam, bam/FC_03_rep1.10_multimap_R1.fastq, bam/FC_03_rep1.10_multimap_R2.fastq
    cluster_jobid: 21087388.tscc-mgr7.local

Job failed, going on with independent jobs.
[Sat Mar 14 15:16:13 2020]
Error in rule subset_bam:
    jobid: 201
    output: bam/FC_18_rep2.3_unique.bam, bam/FC_18_rep2.3_multimap_R1.fastq, bam/FC_18_rep2.3_multimap_R2.fastq
    cluster_jobid: 21087389.tscc-mgr7.local

Job failed, going on with independent jobs.
[Sat Mar 14 15:16:13 2020]
Error in rule subset_bam:
    jobid: 166
    output: bam/FC_10_rep2.4_unique.bam, bam/FC_10_rep2.4_multimap_R1.fastq, bam/FC_10_rep2.4_multimap_R2.fastq
    cluster_jobid: 21087390.tscc-mgr7.local

Job failed, going on with independent jobs.
[Sat Mar 14 15:16:13 2020]
Error in rule subset_bam:
    jobid: 111
    output: bam/FC_03_rep1.3_unique.bam, bam/FC_03_rep1.3_multimap_R1.fastq, bam/FC_03_rep1.3_multimap_R2.fastq
    cluster_jobid: 21087391.tscc-mgr7.local

Job failed, going on with independent jobs.
[Sat Mar 14 15:16:13 2020]
Error in rule subset_bam:
    jobid: 169
    output: bam/FC_10_rep2.7_unique.bam, bam/FC_10_rep2.7_multimap_R1.fastq, bam/FC_10_rep2.7_multimap_R2.fastq
    cluster_jobid: 21087392.tscc-mgr7.local

Job failed, going on with independent jobs.
[Sat Mar 14 15:16:13 2020]
Error in rule subset_bam:
    jobid: 208
    output: bam/FC_18_rep2.10_unique.bam, bam/FC_18_rep2.10_multimap_R1.fastq, bam/FC_18_rep2.10_multimap_R2.fastq
    cluster_jobid: 21087393.tscc-mgr7.local

Job failed, going on with independent jobs.
[Sat Mar 14 15:16:13 2020]
Error in rule subset_bam:
    jobid: 181
    output: bam/FC_18_rep1.1_unique.bam, bam/FC_18_rep1.1_multimap_R1.fastq, bam/FC_18_rep1.1_multimap_R2.fastq
    cluster_jobid: 21087394.tscc-mgr7.local

Job failed, going on with independent jobs.
[Sat Mar 14 15:16:13 2020]
Error in rule subset_bam:
    jobid: 190
    output: bam/FC_18_rep1.10_unique.bam, bam/FC_18_rep1.10_multimap_R1.fastq, bam/FC_18_rep1.10_multimap_R2.fastq
    cluster_jobid: 21087395.tscc-mgr7.local

Job failed, going on with independent jobs.
Terminating processes on user request, this might take some time.
Will exit after finishing currently running jobs.
Complete log: /projects/ps-renlab/yanxiao/projects/mouse_aging/scripts/repEnrich_analysis/.snakemake/log/2020-03-14T151128.348108.snakemake.log
