Building DAG of jobs...
Using shell: /usr/bin/bash
Provided cores: 30
Rules claiming more threads will be scaled down.
Job counts:
	count	jobs
	1	all
	5	run_repEnrich2
	6

[Sat Mar 14 09:24:39 2020]
rule run_repEnrich2:
    input: bam/FC_18_rep1.18_unique.bam, bam/FC_18_rep1.18_multimap_R1.fastq, bam/FC_18_rep1.18_multimap_R2.fastq
    output: FC_18_rep1.18.test
    jobid: 14
    wildcards: tissue=FC_18, time_rep=rep1, cluster=18
    threads: 8


[Sat Mar 14 09:24:39 2020]
rule run_repEnrich2:
    input: bam/FC_10_rep1.18_unique.bam, bam/FC_10_rep1.18_multimap_R1.fastq, bam/FC_10_rep1.18_multimap_R2.fastq
    output: FC_10_rep1.18.test
    jobid: 13
    wildcards: tissue=FC_10, time_rep=rep1, cluster=18
    threads: 8


[Sat Mar 14 09:24:39 2020]
rule run_repEnrich2:
    input: bam/FC_18_rep2.18_unique.bam, bam/FC_18_rep2.18_multimap_R1.fastq, bam/FC_18_rep2.18_multimap_R2.fastq
    output: FC_18_rep2.18.test
    jobid: 15
    wildcards: tissue=FC_18, time_rep=rep2, cluster=18
    threads: 8

[Sat Mar 14 09:31:36 2020]
Finished job 14.
1 of 6 steps (17%) done

[Sat Mar 14 09:31:36 2020]
rule run_repEnrich2:
    input: bam/FC_03_rep2.18_unique.bam, bam/FC_03_rep2.18_multimap_R1.fastq, bam/FC_03_rep2.18_multimap_R2.fastq
    output: FC_03_rep2.18.test
    jobid: 12
    wildcards: tissue=FC_03, time_rep=rep2, cluster=18
    threads: 8

[Sat Mar 14 09:32:05 2020]
Finished job 15.
2 of 6 steps (33%) done

[Sat Mar 14 09:32:05 2020]
rule run_repEnrich2:
    input: bam/FC_03_rep1.18_unique.bam, bam/FC_03_rep1.18_multimap_R1.fastq, bam/FC_03_rep1.18_multimap_R2.fastq
    output: FC_03_rep1.18.test
    jobid: 11
    wildcards: tissue=FC_03, time_rep=rep1, cluster=18
    threads: 8

[Sat Mar 14 09:33:40 2020]
Finished job 13.
3 of 6 steps (50%) done
[Sat Mar 14 09:36:08 2020]
Finished job 11.
4 of 6 steps (67%) done
[Sat Mar 14 09:36:30 2020]
Finished job 12.
5 of 6 steps (83%) done

[Sat Mar 14 09:36:30 2020]
localrule all:
    input: bam/FC_03_rep1.18.bam, bam/FC_03_rep2.18.bam, bam/FC_10_rep1.18.bam, bam/FC_18_rep1.18.bam, bam/FC_18_rep2.18.bam, bam/FC_03_rep1.18_unique.bam, bam/FC_03_rep2.18_unique.bam, bam/FC_10_rep1.18_unique.bam, bam/FC_18_rep1.18_unique.bam, bam/FC_18_rep2.18_unique.bam, FC_03_rep1.18.test, FC_03_rep2.18.test, FC_10_rep1.18.test, FC_18_rep1.18.test, FC_18_rep2.18.test
    jobid: 0

[Sat Mar 14 09:36:30 2020]
Finished job 0.
6 of 6 steps (100%) done
Complete log: /mnt/tscc/yanxiao/projects/mouse_aging/scripts/repEnrich_analysis/.snakemake/log/2020-03-14T092439.183343.snakemake.log
