Building DAG of jobs...
Using shell: /usr/bin/bash
Provided cores: 24
Rules claiming more threads will be scaled down.
Job counts:
	count	jobs
	3	align_bowtie2
	3	bamToBigWig
	1	call_peaks
	9	count_bam_barcode
	3	count_bam_chrM_barcode
	3	count_fastq_barcode
	3	csort_bam
	3	dedup_bam
	1	extend_peak_summits
	3	filter_bam
	3	nsort_bam
	3	nsort_filter_bam
	1	require_barcodes
	1	require_dedup_bam
	1	require_everything
	1	require_filter_bam
	1	require_filter_bigWig
	1	require_filter_sort_bam
	1	require_nsort_bam
	1	require_peaks
	1	require_raw_bam
	3	sort_filter_bam
	50

[Mon Apr  6 12:40:39 2020]
rule align_bowtie2:
    input: fastq.relabel/FC_30y_rep2.R1.fastq.gz, fastq.relabel/FC_30y_rep2.R2.fastq.gz
    output: bam.raw/FC_30y_rep2/FC_30y_rep2.raw.bam
    jobid: 44
    wildcards: sample=FC_30y_rep2
    threads: 8


[Mon Apr  6 12:40:39 2020]
rule count_fastq_barcode:
    input: fastq.relabel/FC_90y_rep1.R1.fastq.gz
    output: fastq.relabel/FC_90y_rep1.barcode.cnts.txt
    jobid: 24
    wildcards: dir=fastq.relabel, sample=FC_90y_rep1


[Mon Apr  6 12:40:39 2020]
rule align_bowtie2:
    input: fastq.relabel/FC_90y_rep1.R1.fastq.gz, fastq.relabel/FC_90y_rep1.R2.fastq.gz
    output: bam.raw/FC_90y_rep1/FC_90y_rep1.raw.bam
    jobid: 45
    wildcards: sample=FC_90y_rep1
    threads: 8


[Mon Apr  6 12:40:39 2020]
rule count_fastq_barcode:
    input: fastq.relabel/FC_30y_rep2.R1.fastq.gz
    output: fastq.relabel/FC_30y_rep2.barcode.cnts.txt
    jobid: 23
    wildcards: dir=fastq.relabel, sample=FC_30y_rep2


[Mon Apr  6 12:40:39 2020]
rule count_fastq_barcode:
    input: fastq.relabel/FC_30y_rep1.R1.fastq.gz
    output: fastq.relabel/FC_30y_rep1.barcode.cnts.txt
    jobid: 22
    wildcards: dir=fastq.relabel, sample=FC_30y_rep1

[Mon Apr  6 12:44:59 2020]
Finished job 22.
1 of 50 steps (2%) done
[Mon Apr  6 12:47:30 2020]
Finished job 23.
2 of 50 steps (4%) done
[Mon Apr  6 12:54:32 2020]
Finished job 24.
3 of 50 steps (6%) done

[Mon Apr  6 12:54:32 2020]
rule align_bowtie2:
    input: fastq.relabel/FC_30y_rep1.R1.fastq.gz, fastq.relabel/FC_30y_rep1.R2.fastq.gz
    output: bam.raw/FC_30y_rep1/FC_30y_rep1.raw.bam
    jobid: 43
    wildcards: sample=FC_30y_rep1
    threads: 8

[Mon Apr  6 17:30:49 2020]
Finished job 43.
4 of 50 steps (8%) done

[Mon Apr  6 17:30:49 2020]
rule count_bam_barcode:
    input: bam.raw/FC_30y_rep1/FC_30y_rep1.raw.bam
    output: bam.raw/FC_30y_rep1/FC_30y_rep1.raw.barcode.cnts.txt
    jobid: 10
    wildcards: dir=bam.raw/FC_30y_rep1, sample=FC_30y_rep1.raw


[Mon Apr  6 17:30:49 2020]
rule csort_bam:
    input: bam.raw/FC_30y_rep1/FC_30y_rep1.raw.bam
    output: bam.csort/FC_30y_rep1/FC_30y_rep1.picard.csort.bam
    log: bam.csort/log/FC_30y_rep1.csort.log
    jobid: 47
    wildcards: sample=FC_30y_rep1
    threads: 4

[Mon Apr  6 17:51:53 2020]
Finished job 10.
5 of 50 steps (10%) done

[Mon Apr  6 17:51:53 2020]
rule nsort_bam:
    input: bam.raw/FC_30y_rep1/FC_30y_rep1.raw.bam
    output: bam.nsort/FC_30y_rep1/FC_30y_rep1.picard.nsort.bam
    log: bam.nsort/log/FC_30y_rep1.nsort.log
    jobid: 40
    wildcards: sample=FC_30y_rep1
    threads: 4

[Mon Apr  6 18:45:12 2020]
Finished job 47.
6 of 50 steps (12%) done

[Mon Apr  6 18:45:12 2020]
rule dedup_bam:
    input: bam.csort/FC_30y_rep1/FC_30y_rep1.picard.csort.bam
    output: bam.dedup/FC_30y_rep1/FC_30y_rep1.dedup.bam
    log: bam.dedup/FC_30y_rep1/FC_30y_rep1.dedup.log
    jobid: 37
    wildcards: sample=FC_30y_rep1
    threads: 4

[Mon Apr  6 19:17:43 2020]
Finished job 40.
7 of 50 steps (14%) done
[Mon Apr  6 19:37:53 2020]
Finished job 44.
8 of 50 steps (16%) done

[Mon Apr  6 19:37:53 2020]
rule csort_bam:
    input: bam.raw/FC_30y_rep2/FC_30y_rep2.raw.bam
    output: bam.csort/FC_30y_rep2/FC_30y_rep2.picard.csort.bam
    log: bam.csort/log/FC_30y_rep2.csort.log
    jobid: 48
    wildcards: sample=FC_30y_rep2
    threads: 4


[Mon Apr  6 19:37:53 2020]
rule nsort_bam:
    input: bam.raw/FC_30y_rep2/FC_30y_rep2.raw.bam
    output: bam.nsort/FC_30y_rep2/FC_30y_rep2.picard.nsort.bam
    log: bam.nsort/log/FC_30y_rep2.nsort.log
    jobid: 41
    wildcards: sample=FC_30y_rep2
    threads: 4


[Mon Apr  6 19:37:53 2020]
rule count_bam_barcode:
    input: bam.raw/FC_30y_rep2/FC_30y_rep2.raw.bam
    output: bam.raw/FC_30y_rep2/FC_30y_rep2.raw.barcode.cnts.txt
    jobid: 11
    wildcards: dir=bam.raw/FC_30y_rep2, sample=FC_30y_rep2.raw

[Mon Apr  6 19:59:54 2020]
Finished job 37.
9 of 50 steps (18%) done

[Mon Apr  6 19:59:54 2020]
rule filter_bam:
    input: bam.dedup/FC_30y_rep1/FC_30y_rep1.dedup.bam
    output: bam.filter/FC_30y_rep1/FC_30y_rep1.filter.bam
    jobid: 34
    wildcards: sample=FC_30y_rep1


[Mon Apr  6 19:59:54 2020]
rule count_bam_barcode:
    input: bam.dedup/FC_30y_rep1/FC_30y_rep1.dedup.bam
    output: bam.dedup/FC_30y_rep1/FC_30y_rep1.dedup.barcode.cnts.txt
    jobid: 13
    wildcards: dir=bam.dedup/FC_30y_rep1, sample=FC_30y_rep1.dedup

[Mon Apr  6 20:01:17 2020]
Finished job 11.
10 of 50 steps (20%) done
[Mon Apr  6 20:09:47 2020]
Finished job 13.
11 of 50 steps (22%) done
[Mon Apr  6 20:17:57 2020]
Finished job 34.
12 of 50 steps (24%) done

[Mon Apr  6 20:17:57 2020]
rule count_bam_barcode:
    input: bam.filter/FC_30y_rep1/FC_30y_rep1.filter.bam
    output: bam.filter/FC_30y_rep1/FC_30y_rep1.filter.barcode.cnts.txt
    jobid: 16
    wildcards: dir=bam.filter/FC_30y_rep1, sample=FC_30y_rep1.filter


[Mon Apr  6 20:17:57 2020]
rule count_bam_chrM_barcode:
    input: bam.filter/FC_30y_rep1/FC_30y_rep1.filter.bam
    output: bam.filter/FC_30y_rep1/FC_30y_rep1.filter.barcode.chrM.cnts.txt
    jobid: 19
    wildcards: dir=bam.filter/FC_30y_rep1, sample=FC_30y_rep1.filter


[Mon Apr  6 20:17:57 2020]
rule nsort_filter_bam:
    input: bam.filter/FC_30y_rep1/FC_30y_rep1.filter.bam
    output: bam.filter.nsort/FC_30y_rep1/FC_30y_rep1.filter.nsort.bam
    jobid: 31
    wildcards: sample=FC_30y_rep1
    threads: 4

[Mon Apr  6 20:25:35 2020]
Finished job 16.
13 of 50 steps (26%) done
[Mon Apr  6 20:25:40 2020]
Finished job 19.
14 of 50 steps (28%) done

[Mon Apr  6 20:25:40 2020]
rule sort_filter_bam:
    input: bam.filter/FC_30y_rep1/FC_30y_rep1.filter.bam
    output: bam.filter.sort/FC_30y_rep1/FC_30y_rep1.filter.csort.bam
    jobid: 28
    wildcards: sample=FC_30y_rep1
    threads: 4

[Mon Apr  6 20:32:48 2020]
Finished job 28.
15 of 50 steps (30%) done

[Mon Apr  6 20:32:48 2020]
rule bamToBigWig:
    input: bam.filter.sort/FC_30y_rep1/FC_30y_rep1.filter.csort.bam
    output: bigWig.filter/FC_30y_rep1.filter.rpkm.bigWig
    jobid: 25
    wildcards: sample=FC_30y_rep1
    threads: 4

[Mon Apr  6 20:53:12 2020]
Finished job 31.
16 of 50 steps (32%) done
[Mon Apr  6 20:56:17 2020]
Finished job 25.
17 of 50 steps (34%) done
[Mon Apr  6 21:07:08 2020]
Finished job 48.
18 of 50 steps (36%) done

[Mon Apr  6 21:07:08 2020]
rule dedup_bam:
    input: bam.csort/FC_30y_rep2/FC_30y_rep2.picard.csort.bam
    output: bam.dedup/FC_30y_rep2/FC_30y_rep2.dedup.bam
    log: bam.dedup/FC_30y_rep2/FC_30y_rep2.dedup.log
    jobid: 38
    wildcards: sample=FC_30y_rep2
    threads: 4

[Mon Apr  6 21:18:31 2020]
Finished job 41.
19 of 50 steps (38%) done
[Mon Apr  6 22:51:38 2020]
Finished job 38.
20 of 50 steps (40%) done

[Mon Apr  6 22:51:38 2020]
rule filter_bam:
    input: bam.dedup/FC_30y_rep2/FC_30y_rep2.dedup.bam
    output: bam.filter/FC_30y_rep2/FC_30y_rep2.filter.bam
    jobid: 35
    wildcards: sample=FC_30y_rep2


[Mon Apr  6 22:51:38 2020]
rule count_bam_barcode:
    input: bam.dedup/FC_30y_rep2/FC_30y_rep2.dedup.bam
    output: bam.dedup/FC_30y_rep2/FC_30y_rep2.dedup.barcode.cnts.txt
    jobid: 14
    wildcards: dir=bam.dedup/FC_30y_rep2, sample=FC_30y_rep2.dedup

[Mon Apr  6 23:03:17 2020]
Finished job 14.
21 of 50 steps (42%) done
[Mon Apr  6 23:13:23 2020]
Finished job 35.
22 of 50 steps (44%) done

[Mon Apr  6 23:13:23 2020]
rule count_bam_barcode:
    input: bam.filter/FC_30y_rep2/FC_30y_rep2.filter.bam
    output: bam.filter/FC_30y_rep2/FC_30y_rep2.filter.barcode.cnts.txt
    jobid: 17
    wildcards: dir=bam.filter/FC_30y_rep2, sample=FC_30y_rep2.filter


[Mon Apr  6 23:13:23 2020]
rule count_bam_chrM_barcode:
    input: bam.filter/FC_30y_rep2/FC_30y_rep2.filter.bam
    output: bam.filter/FC_30y_rep2/FC_30y_rep2.filter.barcode.chrM.cnts.txt
    jobid: 20
    wildcards: dir=bam.filter/FC_30y_rep2, sample=FC_30y_rep2.filter


[Mon Apr  6 23:13:23 2020]
rule nsort_filter_bam:
    input: bam.filter/FC_30y_rep2/FC_30y_rep2.filter.bam
    output: bam.filter.nsort/FC_30y_rep2/FC_30y_rep2.filter.nsort.bam
    jobid: 32
    wildcards: sample=FC_30y_rep2
    threads: 4


[Mon Apr  6 23:13:23 2020]
rule sort_filter_bam:
    input: bam.filter/FC_30y_rep2/FC_30y_rep2.filter.bam
    output: bam.filter.sort/FC_30y_rep2/FC_30y_rep2.filter.csort.bam
    jobid: 29
    wildcards: sample=FC_30y_rep2
    threads: 4

[Mon Apr  6 23:22:15 2020]
Finished job 29.
23 of 50 steps (46%) done

[Mon Apr  6 23:22:15 2020]
rule bamToBigWig:
    input: bam.filter.sort/FC_30y_rep2/FC_30y_rep2.filter.csort.bam
    output: bigWig.filter/FC_30y_rep2.filter.rpkm.bigWig
    jobid: 26
    wildcards: sample=FC_30y_rep2
    threads: 4

[Mon Apr  6 23:23:22 2020]
Finished job 17.
24 of 50 steps (48%) done
[Mon Apr  6 23:24:10 2020]
Finished job 20.
25 of 50 steps (50%) done
[Mon Apr  6 23:51:01 2020]
Finished job 26.
26 of 50 steps (52%) done
[Mon Apr  6 23:54:45 2020]
Finished job 32.
27 of 50 steps (54%) done
[Tue Apr  7 00:40:31 2020]
Finished job 45.
28 of 50 steps (56%) done

[Tue Apr  7 00:40:31 2020]
localrule require_raw_bam:
    input: bam.raw/FC_30y_rep1/FC_30y_rep1.raw.bam, bam.raw/FC_30y_rep2/FC_30y_rep2.raw.bam, bam.raw/FC_90y_rep1/FC_90y_rep1.raw.bam
    output: bam.raw.files.list.txt
    jobid: 8


[Tue Apr  7 00:40:31 2020]
rule count_bam_barcode:
    input: bam.raw/FC_90y_rep1/FC_90y_rep1.raw.bam
    output: bam.raw/FC_90y_rep1/FC_90y_rep1.raw.barcode.cnts.txt
    jobid: 12
    wildcards: dir=bam.raw/FC_90y_rep1, sample=FC_90y_rep1.raw


[Tue Apr  7 00:40:31 2020]
rule nsort_bam:
    input: bam.raw/FC_90y_rep1/FC_90y_rep1.raw.bam
    output: bam.nsort/FC_90y_rep1/FC_90y_rep1.picard.nsort.bam
    log: bam.nsort/log/FC_90y_rep1.nsort.log
    jobid: 42
    wildcards: sample=FC_90y_rep1
    threads: 4


[Tue Apr  7 00:40:31 2020]
rule csort_bam:
    input: bam.raw/FC_90y_rep1/FC_90y_rep1.raw.bam
    output: bam.csort/FC_90y_rep1/FC_90y_rep1.picard.csort.bam
    log: bam.csort/log/FC_90y_rep1.csort.log
    jobid: 49
    wildcards: sample=FC_90y_rep1
    threads: 4

[Tue Apr  7 00:40:31 2020]
Finished job 8.
29 of 50 steps (58%) done
[Tue Apr  7 01:32:14 2020]
Finished job 12.
30 of 50 steps (60%) done
[Tue Apr  7 03:19:03 2020]
Finished job 49.
31 of 50 steps (62%) done

[Tue Apr  7 03:19:03 2020]
rule dedup_bam:
    input: bam.csort/FC_90y_rep1/FC_90y_rep1.picard.csort.bam
    output: bam.dedup/FC_90y_rep1/FC_90y_rep1.dedup.bam
    log: bam.dedup/FC_90y_rep1/FC_90y_rep1.dedup.log
    jobid: 39
    wildcards: sample=FC_90y_rep1
    threads: 4

[Tue Apr  7 03:38:29 2020]
Finished job 42.
32 of 50 steps (64%) done

[Tue Apr  7 03:38:29 2020]
localrule require_nsort_bam:
    input: bam.nsort/FC_30y_rep1/FC_30y_rep1.picard.nsort.bam, bam.nsort/FC_30y_rep2/FC_30y_rep2.picard.nsort.bam, bam.nsort/FC_90y_rep1/FC_90y_rep1.picard.nsort.bam
    output: bam.nsort.files.list.txt
    jobid: 7

[Tue Apr  7 03:38:29 2020]
Finished job 7.
33 of 50 steps (66%) done
[Tue Apr  7 05:53:09 2020]
Finished job 39.
34 of 50 steps (68%) done

[Tue Apr  7 05:53:09 2020]
rule filter_bam:
    input: bam.dedup/FC_90y_rep1/FC_90y_rep1.dedup.bam
    output: bam.filter/FC_90y_rep1/FC_90y_rep1.filter.bam
    jobid: 36
    wildcards: sample=FC_90y_rep1


[Tue Apr  7 05:53:09 2020]
localrule require_dedup_bam:
    input: bam.dedup/FC_30y_rep1/FC_30y_rep1.dedup.bam, bam.dedup/FC_30y_rep2/FC_30y_rep2.dedup.bam, bam.dedup/FC_90y_rep1/FC_90y_rep1.dedup.bam
    output: bam.dedup.files.list.txt
    jobid: 6


[Tue Apr  7 05:53:09 2020]
rule count_bam_barcode:
    input: bam.dedup/FC_90y_rep1/FC_90y_rep1.dedup.bam
    output: bam.dedup/FC_90y_rep1/FC_90y_rep1.dedup.barcode.cnts.txt
    jobid: 15
    wildcards: dir=bam.dedup/FC_90y_rep1, sample=FC_90y_rep1.dedup

[Tue Apr  7 05:53:09 2020]
Finished job 6.
35 of 50 steps (70%) done
[Tue Apr  7 06:08:02 2020]
Finished job 15.
36 of 50 steps (72%) done
[Tue Apr  7 06:18:50 2020]
Finished job 36.
37 of 50 steps (74%) done

[Tue Apr  7 06:18:50 2020]
rule nsort_filter_bam:
    input: bam.filter/FC_90y_rep1/FC_90y_rep1.filter.bam
    output: bam.filter.nsort/FC_90y_rep1/FC_90y_rep1.filter.nsort.bam
    jobid: 33
    wildcards: sample=FC_90y_rep1
    threads: 4


[Tue Apr  7 06:18:50 2020]
rule sort_filter_bam:
    input: bam.filter/FC_90y_rep1/FC_90y_rep1.filter.bam
    output: bam.filter.sort/FC_90y_rep1/FC_90y_rep1.filter.csort.bam
    jobid: 30
    wildcards: sample=FC_90y_rep1
    threads: 4


[Tue Apr  7 06:18:50 2020]
rule call_peaks:
    input: bam.filter/FC_30y_rep1/FC_30y_rep1.filter.bam, bam.filter/FC_30y_rep2/FC_30y_rep2.filter.bam, bam.filter/FC_90y_rep1/FC_90y_rep1.filter.bam
    output: peaks/FC_summits.bed
    jobid: 46
    wildcards: tissue=FC


[Tue Apr  7 06:18:50 2020]
localrule require_filter_bam:
    input: bam.filter/FC_30y_rep1/FC_30y_rep1.filter.bam, bam.filter/FC_30y_rep2/FC_30y_rep2.filter.bam, bam.filter/FC_90y_rep1/FC_90y_rep1.filter.bam
    output: bam.filter.files.list.txt
    jobid: 5


[Tue Apr  7 06:18:50 2020]
rule count_bam_chrM_barcode:
    input: bam.filter/FC_90y_rep1/FC_90y_rep1.filter.bam
    output: bam.filter/FC_90y_rep1/FC_90y_rep1.filter.barcode.chrM.cnts.txt
    jobid: 21
    wildcards: dir=bam.filter/FC_90y_rep1, sample=FC_90y_rep1.filter


[Tue Apr  7 06:18:50 2020]
rule count_bam_barcode:
    input: bam.filter/FC_90y_rep1/FC_90y_rep1.filter.bam
    output: bam.filter/FC_90y_rep1/FC_90y_rep1.filter.barcode.cnts.txt
    jobid: 18
    wildcards: dir=bam.filter/FC_90y_rep1, sample=FC_90y_rep1.filter

[Tue Apr  7 06:18:50 2020]
Finished job 5.
38 of 50 steps (76%) done
[Tue Apr  7 06:30:20 2020]
Finished job 30.
39 of 50 steps (78%) done

[Tue Apr  7 06:30:20 2020]
rule bamToBigWig:
    input: bam.filter.sort/FC_90y_rep1/FC_90y_rep1.filter.csort.bam
    output: bigWig.filter/FC_90y_rep1.filter.rpkm.bigWig
    jobid: 27
    wildcards: sample=FC_90y_rep1
    threads: 4

[Tue Apr  7 06:31:10 2020]
Finished job 21.
40 of 50 steps (80%) done
[Tue Apr  7 06:31:11 2020]
Finished job 18.
41 of 50 steps (82%) done

[Tue Apr  7 06:31:11 2020]
localrule require_barcodes:
    input: bam.raw/FC_30y_rep1/FC_30y_rep1.raw.barcode.cnts.txt, bam.raw/FC_30y_rep2/FC_30y_rep2.raw.barcode.cnts.txt, bam.raw/FC_90y_rep1/FC_90y_rep1.raw.barcode.cnts.txt, bam.dedup/FC_30y_rep1/FC_30y_rep1.dedup.barcode.cnts.txt, bam.dedup/FC_30y_rep2/FC_30y_rep2.dedup.barcode.cnts.txt, bam.dedup/FC_90y_rep1/FC_90y_rep1.dedup.barcode.cnts.txt, bam.filter/FC_30y_rep1/FC_30y_rep1.filter.barcode.cnts.txt, bam.filter/FC_30y_rep2/FC_30y_rep2.filter.barcode.cnts.txt, bam.filter/FC_90y_rep1/FC_90y_rep1.filter.barcode.cnts.txt, bam.filter/FC_30y_rep1/FC_30y_rep1.filter.barcode.chrM.cnts.txt, bam.filter/FC_30y_rep2/FC_30y_rep2.filter.barcode.chrM.cnts.txt, bam.filter/FC_90y_rep1/FC_90y_rep1.filter.barcode.chrM.cnts.txt, fastq.relabel/FC_30y_rep1.barcode.cnts.txt, fastq.relabel/FC_30y_rep2.barcode.cnts.txt, fastq.relabel/FC_90y_rep1.barcode.cnts.txt
    output: barcode.files.list.txt
    jobid: 2

[Tue Apr  7 06:31:11 2020]
Finished job 2.
42 of 50 steps (84%) done
[Tue Apr  7 06:59:23 2020]
Finished job 27.
43 of 50 steps (86%) done

[Tue Apr  7 06:59:23 2020]
rule require_filter_bigWig:
    input: bigWig.filter/FC_30y_rep1.filter.rpkm.bigWig, bigWig.filter/FC_30y_rep2.filter.rpkm.bigWig, bigWig.filter/FC_90y_rep1.filter.rpkm.bigWig
    output: bibWig.filter.csort.files.list.txt
    jobid: 3

[Tue Apr  7 06:59:23 2020]
Finished job 3.
44 of 50 steps (88%) done
[Tue Apr  7 07:10:41 2020]
Finished job 33.
45 of 50 steps (90%) done

[Tue Apr  7 07:10:41 2020]
rule require_filter_sort_bam:
    input: bam.filter.sort/FC_30y_rep1/FC_30y_rep1.filter.csort.bam, bam.filter.sort/FC_30y_rep2/FC_30y_rep2.filter.csort.bam, bam.filter.sort/FC_90y_rep1/FC_90y_rep1.filter.csort.bam, bam.filter.nsort/FC_30y_rep1/FC_30y_rep1.filter.nsort.bam, bam.filter.nsort/FC_30y_rep2/FC_30y_rep2.filter.nsort.bam, bam.filter.nsort/FC_90y_rep1/FC_90y_rep1.filter.nsort.bam
    output: bam.filter.sort.files.list.txt
    jobid: 4

[Tue Apr  7 07:10:41 2020]
Finished job 4.
46 of 50 steps (92%) done
[Tue Apr  7 07:25:51 2020]
Finished job 46.
47 of 50 steps (94%) done

[Tue Apr  7 07:25:51 2020]
rule extend_peak_summits:
    input: peaks/FC_summits.bed
    output: peaks/FC_summits.ext1k.bed, peaks/FC_summits.ext1k.saf
    jobid: 9
    wildcards: tissue=FC

[Tue Apr  7 07:25:52 2020]
Finished job 9.
48 of 50 steps (96%) done

[Tue Apr  7 07:25:52 2020]
rule require_peaks:
    input: peaks/FC_summits.ext1k.bed, peaks/FC_summits.ext1k.saf
    output: macs.peaks.files.list.txt
    jobid: 1

[Tue Apr  7 07:25:52 2020]
Finished job 1.
49 of 50 steps (98%) done

[Tue Apr  7 07:25:52 2020]
localrule require_everything:
    input: macs.peaks.files.list.txt, barcode.files.list.txt, bibWig.filter.csort.files.list.txt, bam.filter.sort.files.list.txt, bam.filter.files.list.txt, bam.dedup.files.list.txt, bam.nsort.files.list.txt, bam.raw.files.list.txt
    jobid: 0

[Tue Apr  7 07:25:52 2020]
Finished job 0.
50 of 50 steps (100%) done
Complete log: /mnt/tscc/yanxiao/projects/mouse_aging/scripts/process_human_data/.snakemake/log/2020-04-06T124038.415837.snakemake.log
