Building DAG of jobs...
Using shell: /usr/bin/bash
Provided cores: 20
Rules claiming more threads will be scaled down.
Job counts:
	count	jobs
	1	create_snap_list
	1	require_snap_pre
	3	snap_pre
	5

[Tue Apr  7 09:52:30 2020]
rule snap_pre:
    input: ../../data/human_cortex/bam.filter.nsort/FC_30y_rep1/FC_30y_rep1.filter.nsort.bam
    output: FC/snapFiles/FC_30y_rep1.snap
    jobid: 2
    wildcards: tissue=FC, sample=FC_30y_rep1


[Tue Apr  7 09:52:30 2020]
rule snap_pre:
    input: ../../data/human_cortex/bam.filter.nsort/FC_30y_rep2/FC_30y_rep2.filter.nsort.bam
    output: FC/snapFiles/FC_30y_rep2.snap
    jobid: 3
    wildcards: tissue=FC, sample=FC_30y_rep2


[Tue Apr  7 09:52:30 2020]
rule snap_pre:
    input: ../../data/human_cortex/bam.filter.nsort/FC_90y_rep1/FC_90y_rep1.filter.nsort.bam
    output: FC/snapFiles/FC_90y_rep1.snap
    jobid: 4
    wildcards: tissue=FC, sample=FC_90y_rep1

